[21:16:24:472] [INFO] - org.apache.commons.logging.impl.Jdk14Logger.log(Jdk14Logger.java:87) - Starting Application on DESKTOP-O43QJAD with PID 29312 (E:\IDEA_proj\LiveSpider\out\production\classes started by dell in E:\IDEA_proj\LiveSpider)
[21:16:24:484] [INFO] - org.apache.commons.logging.impl.Jdk14Logger.log(Jdk14Logger.java:87) - The following profiles are active: dev
[21:16:24:520] [INFO] - org.apache.commons.logging.impl.Jdk14Logger.log(Jdk14Logger.java:87) - Refreshing org.springframework.boot.web.servlet.context.AnnotationConfigServletWebServerApplicationContext@97e93f1: startup date [Tue Sep 04 21:16:24 CST 2018]; root of context hierarchy
[21:16:25:116] [INFO] - org.springframework.data.repository.config.RepositoryConfigurationDelegate.multipleStoresDetected(RepositoryConfigurationDelegate.java:163) - Multiple Spring Data modules found, entering strict repository configuration mode!
[21:16:25:138] [INFO] - org.springframework.data.repository.config.RepositoryConfigurationDelegate.multipleStoresDetected(RepositoryConfigurationDelegate.java:163) - Multiple Spring Data modules found, entering strict repository configuration mode!
[21:16:25:423] [INFO] - org.apache.commons.logging.impl.Jdk14Logger.log(Jdk14Logger.java:87) - Bean 'org.springframework.cache.annotation.ProxyCachingConfiguration' of type [org.springframework.cache.annotation.ProxyCachingConfiguration$$EnhancerBySpringCGLIB$$26a8987b] is not eligible for getting processed by all BeanPostProcessors (for example: not eligible for auto-proxying)
[21:16:25:438] [INFO] - org.apache.commons.logging.impl.Jdk14Logger.log(Jdk14Logger.java:87) - Bean 'org.springframework.boot.autoconfigure.cache.CacheAutoConfiguration' of type [org.springframework.boot.autoconfigure.cache.CacheAutoConfiguration$$EnhancerBySpringCGLIB$$1b1c5d1f] is not eligible for getting processed by all BeanPostProcessors (for example: not eligible for auto-proxying)
[21:16:25:453] [INFO] - org.apache.commons.logging.impl.Jdk14Logger.log(Jdk14Logger.java:87) - Bean 'org.springframework.boot.context.properties.ConversionServiceDeducer$Factory' of type [org.springframework.boot.context.properties.ConversionServiceDeducer$Factory] is not eligible for getting processed by all BeanPostProcessors (for example: not eligible for auto-proxying)
[21:16:25:456] [INFO] - org.apache.commons.logging.impl.Jdk14Logger.log(Jdk14Logger.java:87) - Bean 'spring.cache-org.springframework.boot.autoconfigure.cache.CacheProperties' of type [org.springframework.boot.autoconfigure.cache.CacheProperties] is not eligible for getting processed by all BeanPostProcessors (for example: not eligible for auto-proxying)
[21:16:25:462] [INFO] - org.apache.commons.logging.impl.Jdk14Logger.log(Jdk14Logger.java:87) - Bean 'cacheManagerCustomizers' of type [org.springframework.boot.autoconfigure.cache.CacheManagerCustomizers] is not eligible for getting processed by all BeanPostProcessors (for example: not eligible for auto-proxying)
[21:16:25:465] [INFO] - org.apache.commons.logging.impl.Jdk14Logger.log(Jdk14Logger.java:87) - Bean 'org.springframework.boot.autoconfigure.cache.RedisCacheConfiguration' of type [org.springframework.boot.autoconfigure.cache.RedisCacheConfiguration$$EnhancerBySpringCGLIB$$cbadf979] is not eligible for getting processed by all BeanPostProcessors (for example: not eligible for auto-proxying)
[21:16:25:474] [INFO] - org.apache.commons.logging.impl.Jdk14Logger.log(Jdk14Logger.java:87) - Bean 'spring.redis-org.springframework.boot.autoconfigure.data.redis.RedisProperties' of type [org.springframework.boot.autoconfigure.data.redis.RedisProperties] is not eligible for getting processed by all BeanPostProcessors (for example: not eligible for auto-proxying)
[21:16:25:479] [INFO] - org.apache.commons.logging.impl.Jdk14Logger.log(Jdk14Logger.java:87) - Bean 'org.springframework.boot.autoconfigure.data.redis.LettuceConnectionConfiguration' of type [org.springframework.boot.autoconfigure.data.redis.LettuceConnectionConfiguration$$EnhancerBySpringCGLIB$$f2b020a7] is not eligible for getting processed by all BeanPostProcessors (for example: not eligible for auto-proxying)
[21:16:25:552] [INFO] - org.apache.commons.logging.impl.Jdk14Logger.log(Jdk14Logger.java:87) - Bean 'lettuceClientResources' of type [io.lettuce.core.resource.DefaultClientResources] is not eligible for getting processed by all BeanPostProcessors (for example: not eligible for auto-proxying)
[21:16:25:608] [INFO] - org.apache.commons.logging.impl.Jdk14Logger.log(Jdk14Logger.java:87) - Bean 'redisConnectionFactory' of type [org.springframework.data.redis.connection.lettuce.LettuceConnectionFactory] is not eligible for getting processed by all BeanPostProcessors (for example: not eligible for auto-proxying)
[21:16:25:624] [INFO] - org.apache.commons.logging.impl.Jdk14Logger.log(Jdk14Logger.java:87) - Bean 'cacheManager' of type [org.springframework.data.redis.cache.RedisCacheManager] is not eligible for getting processed by all BeanPostProcessors (for example: not eligible for auto-proxying)
[21:16:25:625] [INFO] - org.apache.commons.logging.impl.Jdk14Logger.log(Jdk14Logger.java:87) - Bean 'cacheAutoConfigurationValidator' of type [org.springframework.boot.autoconfigure.cache.CacheAutoConfiguration$CacheManagerValidator] is not eligible for getting processed by all BeanPostProcessors (for example: not eligible for auto-proxying)
[21:16:25:647] [INFO] - org.apache.commons.logging.impl.Jdk14Logger.log(Jdk14Logger.java:87) - Bean 'DBConfig' of type [com.letcafe.conf.DBConfig$$EnhancerBySpringCGLIB$$5fc086a9] is not eligible for getting processed by all BeanPostProcessors (for example: not eligible for auto-proxying)
[21:16:25:662] [INFO] - org.apache.commons.logging.impl.Jdk14Logger.log(Jdk14Logger.java:87) - Bean 'mysqlDataSourceDevelopment' of type [org.apache.commons.dbcp2.BasicDataSource] is not eligible for getting processed by all BeanPostProcessors (for example: not eligible for auto-proxying)
[21:16:25:677] [INFO] - org.apache.commons.logging.impl.Jdk14Logger.log(Jdk14Logger.java:87) - Bean 'spring.datasource-org.springframework.boot.autoconfigure.jdbc.DataSourceProperties' of type [org.springframework.boot.autoconfigure.jdbc.DataSourceProperties] is not eligible for getting processed by all BeanPostProcessors (for example: not eligible for auto-proxying)
[21:16:25:687] [INFO] - org.apache.commons.logging.impl.Jdk14Logger.log(Jdk14Logger.java:87) - Bean 'org.springframework.boot.autoconfigure.jdbc.DataSourceInitializerInvoker' of type [org.springframework.boot.autoconfigure.jdbc.DataSourceInitializerInvoker] is not eligible for getting processed by all BeanPostProcessors (for example: not eligible for auto-proxying)
[21:16:25:811] [INFO] - org.hibernate.Version.logVersion(Version.java:45) - HHH000412: Hibernate Core {5.2.12.Final}
[21:16:25:812] [INFO] - org.hibernate.cfg.Environment.<clinit>(Environment.java:213) - HHH000206: hibernate.properties not found
[21:16:25:836] [INFO] - org.hibernate.annotations.common.reflection.java.JavaReflectionManager.<clinit>(JavaReflectionManager.java:66) - HCANN000001: Hibernate Commons Annotations {5.0.1.Final}
[21:16:26:009] [INFO] - org.hibernate.dialect.Dialect.<init>(Dialect.java:157) - HHH000400: Using dialect: org.hibernate.dialect.MySQL5Dialect
[21:16:26:348] [INFO] - org.apache.commons.logging.impl.Jdk14Logger.log(Jdk14Logger.java:87) - Bean 'sessionFactory' of type [org.springframework.orm.hibernate5.LocalSessionFactoryBean] is not eligible for getting processed by all BeanPostProcessors (for example: not eligible for auto-proxying)
[21:16:26:353] [INFO] - org.apache.commons.logging.impl.Jdk14Logger.log(Jdk14Logger.java:87) - Bean 'sessionFactory' of type [org.hibernate.internal.SessionFactoryImpl] is not eligible for getting processed by all BeanPostProcessors (for example: not eligible for auto-proxying)
[21:16:26:391] [INFO] - org.apache.commons.logging.impl.Jdk14Logger.log(Jdk14Logger.java:87) - Bean 'hibernateConfig' of type [com.letcafe.conf.HibernateConfig$$EnhancerBySpringCGLIB$$9c8dccef] is not eligible for getting processed by all BeanPostProcessors (for example: not eligible for auto-proxying)
[21:16:26:393] [INFO] - org.apache.commons.logging.impl.Jdk14Logger.log(Jdk14Logger.java:87) - Bean 'org.springframework.transaction.annotation.ProxyTransactionManagementConfiguration' of type [org.springframework.transaction.annotation.ProxyTransactionManagementConfiguration$$EnhancerBySpringCGLIB$$dd96625d] is not eligible for getting processed by all BeanPostProcessors (for example: not eligible for auto-proxying)
[21:16:26:590] [INFO] - org.apache.commons.logging.impl.Jdk14Logger.log(Jdk14Logger.java:87) - Tomcat initialized with port(s): 8080 (http)
[21:16:26:599] [INFO] - org.apache.juli.logging.DirectJDKLog.log(DirectJDKLog.java:180) - Initializing ProtocolHandler ["http-nio-8080"]
[21:16:26:605] [INFO] - org.apache.juli.logging.DirectJDKLog.log(DirectJDKLog.java:180) - Starting service [Tomcat]
[21:16:26:605] [INFO] - org.apache.juli.logging.DirectJDKLog.log(DirectJDKLog.java:180) - Starting Servlet Engine: Apache Tomcat/8.5.28
[21:16:26:607] [INFO] - org.apache.juli.logging.DirectJDKLog.log(DirectJDKLog.java:180) - The APR based Apache Tomcat Native library which allows optimal performance in production environments was not found on the java.library.path: [C:\Program Files\Java\jdk1.8.0_121\bin;C:\WINDOWS\Sun\Java\bin;C:\WINDOWS\system32;C:\WINDOWS;C:\ProgramData\Oracle\Java\javapath;C:\WINDOWS\system32;C:\WINDOWS;C:\WINDOWS\System32\Wbem;C:\WINDOWS\System32\WindowsPowerShell\v1.0\;C:\Program Files (x86)\Windows Kits\8.1\Windows Performance Toolkit\;C:\Program Files\Java\jdk1.8.0_121\bin;C:\Program Files\Java\jdk1.8.0_121\jre\bin;F:\gaminganywhere\bin;F:\apache-maven-3.3.9\bin;C:\Program Files (x86)\VMware\VMware Workstation;D:\Program Files (x86)\Git\cmd;d:\Program Files\OpenVPN\bin;D:\phantomjs-2.1.1-windows\bin;D:\gradle-4.4\bin;C:\Python26;D:\ProgramData\Anaconda2\Scripts;C:\Program Files\Microsoft SQL Server\130\Tools\Binn\;D:\Program Files (x86)\VMware\VMware Workstation;D:\Redis;C:\Program Files (x86)\NVIDIA Corporation\PhysX\Common;C:\WINDOWS\system32;C:\WINDOWS;C:\WINDOWS\System32\Wbem;C:\WINDOWS\System32\WindowsPowerShell\v1.0\;C:\WINDOWS\System32\OpenSSH\;D:\Program Files\Microsoft VS Code\bin;C:\Program Files\Microsoft SQL Server\120\Tools\Binn\;F:\apache-maven-3.3.9\bin;C:\Users\dell\Anaconda3;C:\Users\dell\Anaconda3\Library\mingw-w64\bin;C:\Users\dell\Anaconda3\Library\usr\bin;C:\Users\dell\Anaconda3\Library\bin;C:\Users\dell\Anaconda3\Scripts;C:\Users\dell\AppData\Local\Microsoft\WindowsApps;C:\Users\dell\AppData\Local\GitHubDesktop\bin;D:\Program Files\Microsoft VS Code\bin;C:\Users\dell\AppData\Local\Microsoft\WindowsApps;C:\Users\dell\AppData\Local\Programs\Fiddler;.]
[21:16:26:715] [INFO] - org.apache.juli.logging.DirectJDKLog.log(DirectJDKLog.java:180) - Initializing Spring embedded WebApplicationContext
[21:16:26:716] [INFO] - org.apache.commons.logging.impl.Jdk14Logger.log(Jdk14Logger.java:87) - Root WebApplicationContext: initialization completed in 2198 ms
[21:16:26:857] [INFO] - org.apache.commons.logging.impl.Jdk14Logger.log(Jdk14Logger.java:87) - Servlet dispatcherServlet mapped to [/]
[21:16:26:862] [INFO] - org.apache.commons.logging.impl.Jdk14Logger.log(Jdk14Logger.java:87) - Mapping filter: 'characterEncodingFilter' to: [/*]
[21:16:26:862] [INFO] - org.apache.commons.logging.impl.Jdk14Logger.log(Jdk14Logger.java:87) - Mapping filter: 'hiddenHttpMethodFilter' to: [/*]
[21:16:26:862] [INFO] - org.apache.commons.logging.impl.Jdk14Logger.log(Jdk14Logger.java:87) - Mapping filter: 'httpPutFormContentFilter' to: [/*]
[21:16:26:863] [INFO] - org.apache.commons.logging.impl.Jdk14Logger.log(Jdk14Logger.java:87) - Mapping filter: 'requestContextFilter' to: [/*]
[21:16:28:406] [INFO] - com.mongodb.diagnostics.logging.SLF4JLogger.info(SLF4JLogger.java:71) - Cluster created with settings {hosts=[localhost:27017], mode=MULTIPLE, requiredClusterType=UNKNOWN, serverSelectionTimeout='30000 ms', maxWaitQueueSize=500}
[21:16:28:407] [INFO] - com.mongodb.diagnostics.logging.SLF4JLogger.info(SLF4JLogger.java:71) - Adding discovered server localhost:27017 to client view of cluster
[21:16:28:452] [INFO] - com.mongodb.diagnostics.logging.SLF4JLogger.info(SLF4JLogger.java:71) - Opened connection [connectionId{localValue:1, serverValue:29}] to localhost:27017
[21:16:28:456] [INFO] - com.mongodb.diagnostics.logging.SLF4JLogger.info(SLF4JLogger.java:71) - Monitor thread successfully connected to server with description ServerDescription{address=localhost:27017, type=STANDALONE, state=CONNECTED, ok=true, version=ServerVersion{versionList=[4, 0, 1]}, minWireVersion=0, maxWireVersion=7, maxDocumentSize=16777216, logicalSessionTimeoutMinutes=30, roundTripTimeNanos=2243414}
[21:16:28:457] [INFO] - com.mongodb.diagnostics.logging.SLF4JLogger.info(SLF4JLogger.java:71) - Discovered cluster type of STANDALONE
[21:16:29:059] [INFO] - org.apache.commons.logging.impl.Jdk14Logger.log(Jdk14Logger.java:87) - Looking for @ControllerAdvice: org.springframework.boot.web.servlet.context.AnnotationConfigServletWebServerApplicationContext@97e93f1: startup date [Tue Sep 04 21:16:24 CST 2018]; root of context hierarchy
[21:16:29:120] [INFO] - org.apache.commons.logging.impl.Jdk14Logger.log(Jdk14Logger.java:87) - Mapped "{[/jdProduct]}" onto public java.lang.String com.letcafe.controller.DispatchController.index(org.springframework.ui.Model) throws java.lang.Exception
[21:16:29:121] [INFO] - org.apache.commons.logging.impl.Jdk14Logger.log(Jdk14Logger.java:87) - Mapped "{[/tables/{var}]}" onto public java.lang.String com.letcafe.controller.DispatchController.tables(org.springframework.ui.Model,java.lang.String)
[21:16:29:123] [INFO] - org.apache.commons.logging.impl.Jdk14Logger.log(Jdk14Logger.java:87) - Mapped "{[/error]}" onto public org.springframework.http.ResponseEntity<java.util.Map<java.lang.String, java.lang.Object>> org.springframework.boot.autoconfigure.web.servlet.error.BasicErrorController.error(javax.servlet.http.HttpServletRequest)
[21:16:29:124] [INFO] - org.apache.commons.logging.impl.Jdk14Logger.log(Jdk14Logger.java:87) - Mapped "{[/error],produces=[text/html]}" onto public org.springframework.web.servlet.ModelAndView org.springframework.boot.autoconfigure.web.servlet.error.BasicErrorController.errorHtml(javax.servlet.http.HttpServletRequest,javax.servlet.http.HttpServletResponse)
[21:16:29:171] [INFO] - org.apache.commons.logging.impl.Jdk14Logger.log(Jdk14Logger.java:87) - Mapped URL path [/**] onto handler of type [class org.springframework.web.servlet.resource.ResourceHttpRequestHandler]
[21:16:29:171] [INFO] - org.apache.commons.logging.impl.Jdk14Logger.log(Jdk14Logger.java:87) - Mapped URL path [/webjars/**] onto handler of type [class org.springframework.web.servlet.resource.ResourceHttpRequestHandler]
[21:16:29:228] [INFO] - org.apache.commons.logging.impl.Jdk14Logger.log(Jdk14Logger.java:87) - Mapped URL path [/**/favicon.ico] onto handler of type [class org.springframework.web.servlet.resource.ResourceHttpRequestHandler]
[21:16:29:625] [INFO] - org.apache.commons.logging.impl.Jdk14Logger.log(Jdk14Logger.java:87) - Registering beans for JMX exposure on startup
[21:16:29:626] [INFO] - org.apache.commons.logging.impl.Jdk14Logger.log(Jdk14Logger.java:87) - Bean with name 'mysqlDataSourceDevelopment' has been autodetected for JMX exposure
[21:16:29:631] [INFO] - org.apache.commons.logging.impl.Jdk14Logger.log(Jdk14Logger.java:87) - Located MBean 'mysqlDataSourceDevelopment': registering with JMX server as MBean [org.apache.commons.dbcp2:name=mysqlDataSourceDevelopment,type=BasicDataSource]
[21:16:29:648] [INFO] - org.apache.juli.logging.DirectJDKLog.log(DirectJDKLog.java:180) - Starting ProtocolHandler ["http-nio-8080"]
[21:16:29:658] [INFO] - org.apache.juli.logging.DirectJDKLog.log(DirectJDKLog.java:180) - Using a shared selector for servlet write/read
[21:16:29:673] [INFO] - org.apache.commons.logging.impl.Jdk14Logger.log(Jdk14Logger.java:87) - Tomcat started on port(s): 8080 (http) with context path '/LiveSpider'
[21:16:29:676] [INFO] - org.apache.commons.logging.impl.Jdk14Logger.log(Jdk14Logger.java:87) - Started Application in 6.015 seconds (JVM running for 7.177)
[21:16:29:719] [INFO] - io.netty.util.internal.logging.Slf4JLogger.info(Slf4JLogger.java:101) - Starting without optional epoll library
[21:16:29:720] [INFO] - io.netty.util.internal.logging.Slf4JLogger.info(Slf4JLogger.java:101) - Starting without optional kqueue library
[21:16:31:376] [INFO] - com.letcafe.controller.huya.TaskAutoWorker.subscribeLiveRoom(TaskAutoWorker.java:148) - [subscribe task] url = https://www.huya.com/member/index.php?m=Activity&do=jsonpSubU&from=act&uid=311913984&callback=jQuery11110531477879956588_1536066991142&type=Subscribe&_=1536066991142
[21:17:49:172] [INFO] - org.apache.commons.logging.impl.Jdk14Logger.log(Jdk14Logger.java:87) - Starting Application on DESKTOP-O43QJAD with PID 25356 (E:\IDEA_proj\LiveSpider\out\production\classes started by dell in E:\IDEA_proj\LiveSpider)
[21:17:49:222] [INFO] - org.apache.commons.logging.impl.Jdk14Logger.log(Jdk14Logger.java:87) - The following profiles are active: dev
[21:17:49:257] [INFO] - org.apache.commons.logging.impl.Jdk14Logger.log(Jdk14Logger.java:87) - Refreshing org.springframework.boot.web.servlet.context.AnnotationConfigServletWebServerApplicationContext@4b520ea8: startup date [Tue Sep 04 21:17:49 CST 2018]; root of context hierarchy
[21:17:49:785] [INFO] - org.springframework.data.repository.config.RepositoryConfigurationDelegate.multipleStoresDetected(RepositoryConfigurationDelegate.java:163) - Multiple Spring Data modules found, entering strict repository configuration mode!
[21:17:49:802] [INFO] - org.springframework.data.repository.config.RepositoryConfigurationDelegate.multipleStoresDetected(RepositoryConfigurationDelegate.java:163) - Multiple Spring Data modules found, entering strict repository configuration mode!
[21:17:50:073] [INFO] - org.apache.commons.logging.impl.Jdk14Logger.log(Jdk14Logger.java:87) - Bean 'org.springframework.cache.annotation.ProxyCachingConfiguration' of type [org.springframework.cache.annotation.ProxyCachingConfiguration$$EnhancerBySpringCGLIB$$e835e4b7] is not eligible for getting processed by all BeanPostProcessors (for example: not eligible for auto-proxying)
[21:17:50:089] [INFO] - org.apache.commons.logging.impl.Jdk14Logger.log(Jdk14Logger.java:87) - Bean 'org.springframework.boot.autoconfigure.cache.CacheAutoConfiguration' of type [org.springframework.boot.autoconfigure.cache.CacheAutoConfiguration$$EnhancerBySpringCGLIB$$dca9a95b] is not eligible for getting processed by all BeanPostProcessors (for example: not eligible for auto-proxying)
[21:17:50:102] [INFO] - org.apache.commons.logging.impl.Jdk14Logger.log(Jdk14Logger.java:87) - Bean 'org.springframework.boot.context.properties.ConversionServiceDeducer$Factory' of type [org.springframework.boot.context.properties.ConversionServiceDeducer$Factory] is not eligible for getting processed by all BeanPostProcessors (for example: not eligible for auto-proxying)
[21:17:50:105] [INFO] - org.apache.commons.logging.impl.Jdk14Logger.log(Jdk14Logger.java:87) - Bean 'spring.cache-org.springframework.boot.autoconfigure.cache.CacheProperties' of type [org.springframework.boot.autoconfigure.cache.CacheProperties] is not eligible for getting processed by all BeanPostProcessors (for example: not eligible for auto-proxying)
[21:17:50:113] [INFO] - org.apache.commons.logging.impl.Jdk14Logger.log(Jdk14Logger.java:87) - Bean 'cacheManagerCustomizers' of type [org.springframework.boot.autoconfigure.cache.CacheManagerCustomizers] is not eligible for getting processed by all BeanPostProcessors (for example: not eligible for auto-proxying)
[21:17:50:116] [INFO] - org.apache.commons.logging.impl.Jdk14Logger.log(Jdk14Logger.java:87) - Bean 'org.springframework.boot.autoconfigure.cache.RedisCacheConfiguration' of type [org.springframework.boot.autoconfigure.cache.RedisCacheConfiguration$$EnhancerBySpringCGLIB$$8d3b45b5] is not eligible for getting processed by all BeanPostProcessors (for example: not eligible for auto-proxying)
[21:17:50:126] [INFO] - org.apache.commons.logging.impl.Jdk14Logger.log(Jdk14Logger.java:87) - Bean 'spring.redis-org.springframework.boot.autoconfigure.data.redis.RedisProperties' of type [org.springframework.boot.autoconfigure.data.redis.RedisProperties] is not eligible for getting processed by all BeanPostProcessors (for example: not eligible for auto-proxying)
[21:17:50:132] [INFO] - org.apache.commons.logging.impl.Jdk14Logger.log(Jdk14Logger.java:87) - Bean 'org.springframework.boot.autoconfigure.data.redis.LettuceConnectionConfiguration' of type [org.springframework.boot.autoconfigure.data.redis.LettuceConnectionConfiguration$$EnhancerBySpringCGLIB$$b43d6ce3] is not eligible for getting processed by all BeanPostProcessors (for example: not eligible for auto-proxying)
[21:17:50:193] [INFO] - org.apache.commons.logging.impl.Jdk14Logger.log(Jdk14Logger.java:87) - Bean 'lettuceClientResources' of type [io.lettuce.core.resource.DefaultClientResources] is not eligible for getting processed by all BeanPostProcessors (for example: not eligible for auto-proxying)
[21:17:50:239] [INFO] - org.apache.commons.logging.impl.Jdk14Logger.log(Jdk14Logger.java:87) - Bean 'redisConnectionFactory' of type [org.springframework.data.redis.connection.lettuce.LettuceConnectionFactory] is not eligible for getting processed by all BeanPostProcessors (for example: not eligible for auto-proxying)
[21:17:50:257] [INFO] - org.apache.commons.logging.impl.Jdk14Logger.log(Jdk14Logger.java:87) - Bean 'cacheManager' of type [org.springframework.data.redis.cache.RedisCacheManager] is not eligible for getting processed by all BeanPostProcessors (for example: not eligible for auto-proxying)
[21:17:50:257] [INFO] - org.apache.commons.logging.impl.Jdk14Logger.log(Jdk14Logger.java:87) - Bean 'cacheAutoConfigurationValidator' of type [org.springframework.boot.autoconfigure.cache.CacheAutoConfiguration$CacheManagerValidator] is not eligible for getting processed by all BeanPostProcessors (for example: not eligible for auto-proxying)
[21:17:50:277] [INFO] - org.apache.commons.logging.impl.Jdk14Logger.log(Jdk14Logger.java:87) - Bean 'DBConfig' of type [com.letcafe.conf.DBConfig$$EnhancerBySpringCGLIB$$214dd2e5] is not eligible for getting processed by all BeanPostProcessors (for example: not eligible for auto-proxying)
[21:17:50:304] [INFO] - org.apache.commons.logging.impl.Jdk14Logger.log(Jdk14Logger.java:87) - Bean 'mysqlDataSourceDevelopment' of type [org.apache.commons.dbcp2.BasicDataSource] is not eligible for getting processed by all BeanPostProcessors (for example: not eligible for auto-proxying)
[21:17:50:315] [INFO] - org.apache.commons.logging.impl.Jdk14Logger.log(Jdk14Logger.java:87) - Bean 'spring.datasource-org.springframework.boot.autoconfigure.jdbc.DataSourceProperties' of type [org.springframework.boot.autoconfigure.jdbc.DataSourceProperties] is not eligible for getting processed by all BeanPostProcessors (for example: not eligible for auto-proxying)
[21:17:50:320] [INFO] - org.apache.commons.logging.impl.Jdk14Logger.log(Jdk14Logger.java:87) - Bean 'org.springframework.boot.autoconfigure.jdbc.DataSourceInitializerInvoker' of type [org.springframework.boot.autoconfigure.jdbc.DataSourceInitializerInvoker] is not eligible for getting processed by all BeanPostProcessors (for example: not eligible for auto-proxying)
[21:17:50:431] [INFO] - org.hibernate.Version.logVersion(Version.java:45) - HHH000412: Hibernate Core {5.2.12.Final}
[21:17:50:432] [INFO] - org.hibernate.cfg.Environment.<clinit>(Environment.java:213) - HHH000206: hibernate.properties not found
[21:17:50:458] [INFO] - org.hibernate.annotations.common.reflection.java.JavaReflectionManager.<clinit>(JavaReflectionManager.java:66) - HCANN000001: Hibernate Commons Annotations {5.0.1.Final}
[21:17:50:633] [INFO] - org.hibernate.dialect.Dialect.<init>(Dialect.java:157) - HHH000400: Using dialect: org.hibernate.dialect.MySQL5Dialect
[21:17:50:950] [INFO] - org.apache.commons.logging.impl.Jdk14Logger.log(Jdk14Logger.java:87) - Bean 'sessionFactory' of type [org.springframework.orm.hibernate5.LocalSessionFactoryBean] is not eligible for getting processed by all BeanPostProcessors (for example: not eligible for auto-proxying)
[21:17:50:955] [INFO] - org.apache.commons.logging.impl.Jdk14Logger.log(Jdk14Logger.java:87) - Bean 'sessionFactory' of type [org.hibernate.internal.SessionFactoryImpl] is not eligible for getting processed by all BeanPostProcessors (for example: not eligible for auto-proxying)
[21:17:50:993] [INFO] - org.apache.commons.logging.impl.Jdk14Logger.log(Jdk14Logger.java:87) - Bean 'hibernateConfig' of type [com.letcafe.conf.HibernateConfig$$EnhancerBySpringCGLIB$$5e1b192b] is not eligible for getting processed by all BeanPostProcessors (for example: not eligible for auto-proxying)
[21:17:50:995] [INFO] - org.apache.commons.logging.impl.Jdk14Logger.log(Jdk14Logger.java:87) - Bean 'org.springframework.transaction.annotation.ProxyTransactionManagementConfiguration' of type [org.springframework.transaction.annotation.ProxyTransactionManagementConfiguration$$EnhancerBySpringCGLIB$$9f23ae99] is not eligible for getting processed by all BeanPostProcessors (for example: not eligible for auto-proxying)
[21:17:51:212] [INFO] - org.apache.commons.logging.impl.Jdk14Logger.log(Jdk14Logger.java:87) - Tomcat initialized with port(s): 8080 (http)
[21:17:51:221] [INFO] - org.apache.juli.logging.DirectJDKLog.log(DirectJDKLog.java:180) - Initializing ProtocolHandler ["http-nio-8080"]
[21:17:51:228] [INFO] - org.apache.juli.logging.DirectJDKLog.log(DirectJDKLog.java:180) - Starting service [Tomcat]
[21:17:51:229] [INFO] - org.apache.juli.logging.DirectJDKLog.log(DirectJDKLog.java:180) - Starting Servlet Engine: Apache Tomcat/8.5.28
[21:17:51:231] [INFO] - org.apache.juli.logging.DirectJDKLog.log(DirectJDKLog.java:180) - The APR based Apache Tomcat Native library which allows optimal performance in production environments was not found on the java.library.path: [C:\Program Files\Java\jdk1.8.0_121\bin;C:\WINDOWS\Sun\Java\bin;C:\WINDOWS\system32;C:\WINDOWS;C:\ProgramData\Oracle\Java\javapath;C:\WINDOWS\system32;C:\WINDOWS;C:\WINDOWS\System32\Wbem;C:\WINDOWS\System32\WindowsPowerShell\v1.0\;C:\Program Files (x86)\Windows Kits\8.1\Windows Performance Toolkit\;C:\Program Files\Java\jdk1.8.0_121\bin;C:\Program Files\Java\jdk1.8.0_121\jre\bin;F:\gaminganywhere\bin;F:\apache-maven-3.3.9\bin;C:\Program Files (x86)\VMware\VMware Workstation;D:\Program Files (x86)\Git\cmd;d:\Program Files\OpenVPN\bin;D:\phantomjs-2.1.1-windows\bin;D:\gradle-4.4\bin;C:\Python26;D:\ProgramData\Anaconda2\Scripts;C:\Program Files\Microsoft SQL Server\130\Tools\Binn\;D:\Program Files (x86)\VMware\VMware Workstation;D:\Redis;C:\Program Files (x86)\NVIDIA Corporation\PhysX\Common;C:\WINDOWS\system32;C:\WINDOWS;C:\WINDOWS\System32\Wbem;C:\WINDOWS\System32\WindowsPowerShell\v1.0\;C:\WINDOWS\System32\OpenSSH\;D:\Program Files\Microsoft VS Code\bin;C:\Program Files\Microsoft SQL Server\120\Tools\Binn\;F:\apache-maven-3.3.9\bin;C:\Users\dell\Anaconda3;C:\Users\dell\Anaconda3\Library\mingw-w64\bin;C:\Users\dell\Anaconda3\Library\usr\bin;C:\Users\dell\Anaconda3\Library\bin;C:\Users\dell\Anaconda3\Scripts;C:\Users\dell\AppData\Local\Microsoft\WindowsApps;C:\Users\dell\AppData\Local\GitHubDesktop\bin;D:\Program Files\Microsoft VS Code\bin;C:\Users\dell\AppData\Local\Microsoft\WindowsApps;C:\Users\dell\AppData\Local\Programs\Fiddler;.]
[21:17:51:326] [INFO] - org.apache.juli.logging.DirectJDKLog.log(DirectJDKLog.java:180) - Initializing Spring embedded WebApplicationContext
[21:17:51:326] [INFO] - org.apache.commons.logging.impl.Jdk14Logger.log(Jdk14Logger.java:87) - Root WebApplicationContext: initialization completed in 2072 ms
[21:17:51:446] [INFO] - org.apache.commons.logging.impl.Jdk14Logger.log(Jdk14Logger.java:87) - Servlet dispatcherServlet mapped to [/]
[21:17:51:450] [INFO] - org.apache.commons.logging.impl.Jdk14Logger.log(Jdk14Logger.java:87) - Mapping filter: 'characterEncodingFilter' to: [/*]
[21:17:51:451] [INFO] - org.apache.commons.logging.impl.Jdk14Logger.log(Jdk14Logger.java:87) - Mapping filter: 'hiddenHttpMethodFilter' to: [/*]
[21:17:51:451] [INFO] - org.apache.commons.logging.impl.Jdk14Logger.log(Jdk14Logger.java:87) - Mapping filter: 'httpPutFormContentFilter' to: [/*]
[21:17:51:451] [INFO] - org.apache.commons.logging.impl.Jdk14Logger.log(Jdk14Logger.java:87) - Mapping filter: 'requestContextFilter' to: [/*]
[21:17:52:981] [INFO] - com.mongodb.diagnostics.logging.SLF4JLogger.info(SLF4JLogger.java:71) - Cluster created with settings {hosts=[localhost:27017], mode=MULTIPLE, requiredClusterType=UNKNOWN, serverSelectionTimeout='30000 ms', maxWaitQueueSize=500}
[21:17:52:981] [INFO] - com.mongodb.diagnostics.logging.SLF4JLogger.info(SLF4JLogger.java:71) - Adding discovered server localhost:27017 to client view of cluster
[21:17:53:019] [INFO] - com.mongodb.diagnostics.logging.SLF4JLogger.info(SLF4JLogger.java:71) - Opened connection [connectionId{localValue:1, serverValue:30}] to localhost:27017
[21:17:53:022] [INFO] - com.mongodb.diagnostics.logging.SLF4JLogger.info(SLF4JLogger.java:71) - Monitor thread successfully connected to server with description ServerDescription{address=localhost:27017, type=STANDALONE, state=CONNECTED, ok=true, version=ServerVersion{versionList=[4, 0, 1]}, minWireVersion=0, maxWireVersion=7, maxDocumentSize=16777216, logicalSessionTimeoutMinutes=30, roundTripTimeNanos=1862827}
[21:17:53:023] [INFO] - com.mongodb.diagnostics.logging.SLF4JLogger.info(SLF4JLogger.java:71) - Discovered cluster type of STANDALONE
[21:17:53:626] [INFO] - org.apache.commons.logging.impl.Jdk14Logger.log(Jdk14Logger.java:87) - Looking for @ControllerAdvice: org.springframework.boot.web.servlet.context.AnnotationConfigServletWebServerApplicationContext@4b520ea8: startup date [Tue Sep 04 21:17:49 CST 2018]; root of context hierarchy
[21:17:53:685] [INFO] - org.apache.commons.logging.impl.Jdk14Logger.log(Jdk14Logger.java:87) - Mapped "{[/jdProduct]}" onto public java.lang.String com.letcafe.controller.DispatchController.index(org.springframework.ui.Model) throws java.lang.Exception
[21:17:53:685] [INFO] - org.apache.commons.logging.impl.Jdk14Logger.log(Jdk14Logger.java:87) - Mapped "{[/tables/{var}]}" onto public java.lang.String com.letcafe.controller.DispatchController.tables(org.springframework.ui.Model,java.lang.String)
[21:17:53:688] [INFO] - org.apache.commons.logging.impl.Jdk14Logger.log(Jdk14Logger.java:87) - Mapped "{[/error]}" onto public org.springframework.http.ResponseEntity<java.util.Map<java.lang.String, java.lang.Object>> org.springframework.boot.autoconfigure.web.servlet.error.BasicErrorController.error(javax.servlet.http.HttpServletRequest)
[21:17:53:689] [INFO] - org.apache.commons.logging.impl.Jdk14Logger.log(Jdk14Logger.java:87) - Mapped "{[/error],produces=[text/html]}" onto public org.springframework.web.servlet.ModelAndView org.springframework.boot.autoconfigure.web.servlet.error.BasicErrorController.errorHtml(javax.servlet.http.HttpServletRequest,javax.servlet.http.HttpServletResponse)
[21:17:53:740] [INFO] - org.apache.commons.logging.impl.Jdk14Logger.log(Jdk14Logger.java:87) - Mapped URL path [/**] onto handler of type [class org.springframework.web.servlet.resource.ResourceHttpRequestHandler]
[21:17:53:740] [INFO] - org.apache.commons.logging.impl.Jdk14Logger.log(Jdk14Logger.java:87) - Mapped URL path [/webjars/**] onto handler of type [class org.springframework.web.servlet.resource.ResourceHttpRequestHandler]
[21:17:53:787] [INFO] - org.apache.commons.logging.impl.Jdk14Logger.log(Jdk14Logger.java:87) - Mapped URL path [/**/favicon.ico] onto handler of type [class org.springframework.web.servlet.resource.ResourceHttpRequestHandler]
[21:17:54:184] [INFO] - org.apache.commons.logging.impl.Jdk14Logger.log(Jdk14Logger.java:87) - Registering beans for JMX exposure on startup
[21:17:54:184] [INFO] - org.apache.commons.logging.impl.Jdk14Logger.log(Jdk14Logger.java:87) - Bean with name 'mysqlDataSourceDevelopment' has been autodetected for JMX exposure
[21:17:54:189] [INFO] - org.apache.commons.logging.impl.Jdk14Logger.log(Jdk14Logger.java:87) - Located MBean 'mysqlDataSourceDevelopment': registering with JMX server as MBean [org.apache.commons.dbcp2:name=mysqlDataSourceDevelopment,type=BasicDataSource]
[21:17:54:204] [INFO] - org.apache.juli.logging.DirectJDKLog.log(DirectJDKLog.java:180) - Starting ProtocolHandler ["http-nio-8080"]
[21:17:54:213] [INFO] - org.apache.juli.logging.DirectJDKLog.log(DirectJDKLog.java:180) - Using a shared selector for servlet write/read
[21:17:54:226] [INFO] - org.apache.commons.logging.impl.Jdk14Logger.log(Jdk14Logger.java:87) - Tomcat started on port(s): 8080 (http) with context path '/LiveSpider'
[21:17:54:228] [INFO] - org.apache.commons.logging.impl.Jdk14Logger.log(Jdk14Logger.java:87) - Started Application in 5.781 seconds (JVM running for 6.752)
[21:17:54:266] [INFO] - io.netty.util.internal.logging.Slf4JLogger.info(Slf4JLogger.java:101) - Starting without optional epoll library
[21:17:54:268] [INFO] - io.netty.util.internal.logging.Slf4JLogger.info(Slf4JLogger.java:101) - Starting without optional kqueue library
[21:17:55:790] [INFO] - com.letcafe.controller.huya.TaskAutoWorker.subscribeLiveRoom(TaskAutoWorker.java:148) - [subscribe task] url = https://www.huya.com/member/index.php?m=Activity&do=jsonpSubU&from=act&uid=311913984&callback=jQuery11110531477879956588_1536067075466&type=Subscribe&_=1536067075466
[21:19:38:052] [INFO] - org.apache.commons.logging.impl.Jdk14Logger.log(Jdk14Logger.java:87) - Starting Application on DESKTOP-O43QJAD with PID 13464 (E:\IDEA_proj\LiveSpider\out\production\classes started by dell in E:\IDEA_proj\LiveSpider)
[21:19:38:057] [INFO] - org.apache.commons.logging.impl.Jdk14Logger.log(Jdk14Logger.java:87) - The following profiles are active: dev
[21:19:38:104] [INFO] - org.apache.commons.logging.impl.Jdk14Logger.log(Jdk14Logger.java:87) - Refreshing org.springframework.boot.web.servlet.context.AnnotationConfigServletWebServerApplicationContext@5a5a729f: startup date [Tue Sep 04 21:19:38 CST 2018]; root of context hierarchy
[21:19:38:685] [INFO] - org.springframework.data.repository.config.RepositoryConfigurationDelegate.multipleStoresDetected(RepositoryConfigurationDelegate.java:163) - Multiple Spring Data modules found, entering strict repository configuration mode!
[21:19:38:701] [INFO] - org.springframework.data.repository.config.RepositoryConfigurationDelegate.multipleStoresDetected(RepositoryConfigurationDelegate.java:163) - Multiple Spring Data modules found, entering strict repository configuration mode!
[21:19:38:983] [INFO] - org.apache.commons.logging.impl.Jdk14Logger.log(Jdk14Logger.java:87) - Bean 'org.springframework.cache.annotation.ProxyCachingConfiguration' of type [org.springframework.cache.annotation.ProxyCachingConfiguration$$EnhancerBySpringCGLIB$$6a9dcf2f] is not eligible for getting processed by all BeanPostProcessors (for example: not eligible for auto-proxying)
[21:19:38:995] [INFO] - org.apache.commons.logging.impl.Jdk14Logger.log(Jdk14Logger.java:87) - Bean 'org.springframework.boot.autoconfigure.cache.CacheAutoConfiguration' of type [org.springframework.boot.autoconfigure.cache.CacheAutoConfiguration$$EnhancerBySpringCGLIB$$5f1193d3] is not eligible for getting processed by all BeanPostProcessors (for example: not eligible for auto-proxying)
[21:19:39:008] [INFO] - org.apache.commons.logging.impl.Jdk14Logger.log(Jdk14Logger.java:87) - Bean 'org.springframework.boot.context.properties.ConversionServiceDeducer$Factory' of type [org.springframework.boot.context.properties.ConversionServiceDeducer$Factory] is not eligible for getting processed by all BeanPostProcessors (for example: not eligible for auto-proxying)
[21:19:39:010] [INFO] - org.apache.commons.logging.impl.Jdk14Logger.log(Jdk14Logger.java:87) - Bean 'spring.cache-org.springframework.boot.autoconfigure.cache.CacheProperties' of type [org.springframework.boot.autoconfigure.cache.CacheProperties] is not eligible for getting processed by all BeanPostProcessors (for example: not eligible for auto-proxying)
[21:19:39:017] [INFO] - org.apache.commons.logging.impl.Jdk14Logger.log(Jdk14Logger.java:87) - Bean 'cacheManagerCustomizers' of type [org.springframework.boot.autoconfigure.cache.CacheManagerCustomizers] is not eligible for getting processed by all BeanPostProcessors (for example: not eligible for auto-proxying)
[21:19:39:020] [INFO] - org.apache.commons.logging.impl.Jdk14Logger.log(Jdk14Logger.java:87) - Bean 'org.springframework.boot.autoconfigure.cache.RedisCacheConfiguration' of type [org.springframework.boot.autoconfigure.cache.RedisCacheConfiguration$$EnhancerBySpringCGLIB$$fa3302d] is not eligible for getting processed by all BeanPostProcessors (for example: not eligible for auto-proxying)
[21:19:39:032] [INFO] - org.apache.commons.logging.impl.Jdk14Logger.log(Jdk14Logger.java:87) - Bean 'spring.redis-org.springframework.boot.autoconfigure.data.redis.RedisProperties' of type [org.springframework.boot.autoconfigure.data.redis.RedisProperties] is not eligible for getting processed by all BeanPostProcessors (for example: not eligible for auto-proxying)
[21:19:39:039] [INFO] - org.apache.commons.logging.impl.Jdk14Logger.log(Jdk14Logger.java:87) - Bean 'org.springframework.boot.autoconfigure.data.redis.LettuceConnectionConfiguration' of type [org.springframework.boot.autoconfigure.data.redis.LettuceConnectionConfiguration$$EnhancerBySpringCGLIB$$36a5575b] is not eligible for getting processed by all BeanPostProcessors (for example: not eligible for auto-proxying)
[21:19:39:104] [INFO] - org.apache.commons.logging.impl.Jdk14Logger.log(Jdk14Logger.java:87) - Bean 'lettuceClientResources' of type [io.lettuce.core.resource.DefaultClientResources] is not eligible for getting processed by all BeanPostProcessors (for example: not eligible for auto-proxying)
[21:19:39:153] [INFO] - org.apache.commons.logging.impl.Jdk14Logger.log(Jdk14Logger.java:87) - Bean 'redisConnectionFactory' of type [org.springframework.data.redis.connection.lettuce.LettuceConnectionFactory] is not eligible for getting processed by all BeanPostProcessors (for example: not eligible for auto-proxying)
[21:19:39:171] [INFO] - org.apache.commons.logging.impl.Jdk14Logger.log(Jdk14Logger.java:87) - Bean 'cacheManager' of type [org.springframework.data.redis.cache.RedisCacheManager] is not eligible for getting processed by all BeanPostProcessors (for example: not eligible for auto-proxying)
[21:19:39:173] [INFO] - org.apache.commons.logging.impl.Jdk14Logger.log(Jdk14Logger.java:87) - Bean 'cacheAutoConfigurationValidator' of type [org.springframework.boot.autoconfigure.cache.CacheAutoConfiguration$CacheManagerValidator] is not eligible for getting processed by all BeanPostProcessors (for example: not eligible for auto-proxying)
[21:19:39:192] [INFO] - org.apache.commons.logging.impl.Jdk14Logger.log(Jdk14Logger.java:87) - Bean 'DBConfig' of type [com.letcafe.conf.DBConfig$$EnhancerBySpringCGLIB$$a3b5bd5d] is not eligible for getting processed by all BeanPostProcessors (for example: not eligible for auto-proxying)
[21:19:39:207] [INFO] - org.apache.commons.logging.impl.Jdk14Logger.log(Jdk14Logger.java:87) - Bean 'mysqlDataSourceDevelopment' of type [org.apache.commons.dbcp2.BasicDataSource] is not eligible for getting processed by all BeanPostProcessors (for example: not eligible for auto-proxying)
[21:19:39:219] [INFO] - org.apache.commons.logging.impl.Jdk14Logger.log(Jdk14Logger.java:87) - Bean 'spring.datasource-org.springframework.boot.autoconfigure.jdbc.DataSourceProperties' of type [org.springframework.boot.autoconfigure.jdbc.DataSourceProperties] is not eligible for getting processed by all BeanPostProcessors (for example: not eligible for auto-proxying)
[21:19:39:226] [INFO] - org.apache.commons.logging.impl.Jdk14Logger.log(Jdk14Logger.java:87) - Bean 'org.springframework.boot.autoconfigure.jdbc.DataSourceInitializerInvoker' of type [org.springframework.boot.autoconfigure.jdbc.DataSourceInitializerInvoker] is not eligible for getting processed by all BeanPostProcessors (for example: not eligible for auto-proxying)
[21:19:39:337] [INFO] - org.hibernate.Version.logVersion(Version.java:45) - HHH000412: Hibernate Core {5.2.12.Final}
[21:19:39:338] [INFO] - org.hibernate.cfg.Environment.<clinit>(Environment.java:213) - HHH000206: hibernate.properties not found
[21:19:39:367] [INFO] - org.hibernate.annotations.common.reflection.java.JavaReflectionManager.<clinit>(JavaReflectionManager.java:66) - HCANN000001: Hibernate Commons Annotations {5.0.1.Final}
[21:19:39:531] [INFO] - org.hibernate.dialect.Dialect.<init>(Dialect.java:157) - HHH000400: Using dialect: org.hibernate.dialect.MySQL5Dialect
[21:19:39:864] [INFO] - org.apache.commons.logging.impl.Jdk14Logger.log(Jdk14Logger.java:87) - Bean 'sessionFactory' of type [org.springframework.orm.hibernate5.LocalSessionFactoryBean] is not eligible for getting processed by all BeanPostProcessors (for example: not eligible for auto-proxying)
[21:19:39:869] [INFO] - org.apache.commons.logging.impl.Jdk14Logger.log(Jdk14Logger.java:87) - Bean 'sessionFactory' of type [org.hibernate.internal.SessionFactoryImpl] is not eligible for getting processed by all BeanPostProcessors (for example: not eligible for auto-proxying)
[21:19:39:903] [INFO] - org.apache.commons.logging.impl.Jdk14Logger.log(Jdk14Logger.java:87) - Bean 'hibernateConfig' of type [com.letcafe.conf.HibernateConfig$$EnhancerBySpringCGLIB$$e08303a3] is not eligible for getting processed by all BeanPostProcessors (for example: not eligible for auto-proxying)
[21:19:39:904] [INFO] - org.apache.commons.logging.impl.Jdk14Logger.log(Jdk14Logger.java:87) - Bean 'org.springframework.transaction.annotation.ProxyTransactionManagementConfiguration' of type [org.springframework.transaction.annotation.ProxyTransactionManagementConfiguration$$EnhancerBySpringCGLIB$$218b9911] is not eligible for getting processed by all BeanPostProcessors (for example: not eligible for auto-proxying)
[21:19:40:101] [INFO] - org.apache.commons.logging.impl.Jdk14Logger.log(Jdk14Logger.java:87) - Tomcat initialized with port(s): 8080 (http)
[21:19:40:110] [INFO] - org.apache.juli.logging.DirectJDKLog.log(DirectJDKLog.java:180) - Initializing ProtocolHandler ["http-nio-8080"]
[21:19:40:117] [INFO] - org.apache.juli.logging.DirectJDKLog.log(DirectJDKLog.java:180) - Starting service [Tomcat]
[21:19:40:118] [INFO] - org.apache.juli.logging.DirectJDKLog.log(DirectJDKLog.java:180) - Starting Servlet Engine: Apache Tomcat/8.5.28
[21:19:40:121] [INFO] - org.apache.juli.logging.DirectJDKLog.log(DirectJDKLog.java:180) - The APR based Apache Tomcat Native library which allows optimal performance in production environments was not found on the java.library.path: [C:\Program Files\Java\jdk1.8.0_121\bin;C:\WINDOWS\Sun\Java\bin;C:\WINDOWS\system32;C:\WINDOWS;C:\ProgramData\Oracle\Java\javapath;C:\WINDOWS\system32;C:\WINDOWS;C:\WINDOWS\System32\Wbem;C:\WINDOWS\System32\WindowsPowerShell\v1.0\;C:\Program Files (x86)\Windows Kits\8.1\Windows Performance Toolkit\;C:\Program Files\Java\jdk1.8.0_121\bin;C:\Program Files\Java\jdk1.8.0_121\jre\bin;F:\gaminganywhere\bin;F:\apache-maven-3.3.9\bin;C:\Program Files (x86)\VMware\VMware Workstation;D:\Program Files (x86)\Git\cmd;d:\Program Files\OpenVPN\bin;D:\phantomjs-2.1.1-windows\bin;D:\gradle-4.4\bin;C:\Python26;D:\ProgramData\Anaconda2\Scripts;C:\Program Files\Microsoft SQL Server\130\Tools\Binn\;D:\Program Files (x86)\VMware\VMware Workstation;D:\Redis;C:\Program Files (x86)\NVIDIA Corporation\PhysX\Common;C:\WINDOWS\system32;C:\WINDOWS;C:\WINDOWS\System32\Wbem;C:\WINDOWS\System32\WindowsPowerShell\v1.0\;C:\WINDOWS\System32\OpenSSH\;D:\Program Files\Microsoft VS Code\bin;C:\Program Files\Microsoft SQL Server\120\Tools\Binn\;F:\apache-maven-3.3.9\bin;C:\Users\dell\Anaconda3;C:\Users\dell\Anaconda3\Library\mingw-w64\bin;C:\Users\dell\Anaconda3\Library\usr\bin;C:\Users\dell\Anaconda3\Library\bin;C:\Users\dell\Anaconda3\Scripts;C:\Users\dell\AppData\Local\Microsoft\WindowsApps;C:\Users\dell\AppData\Local\GitHubDesktop\bin;D:\Program Files\Microsoft VS Code\bin;C:\Users\dell\AppData\Local\Microsoft\WindowsApps;C:\Users\dell\AppData\Local\Programs\Fiddler;.]
[21:19:40:226] [INFO] - org.apache.juli.logging.DirectJDKLog.log(DirectJDKLog.java:180) - Initializing Spring embedded WebApplicationContext
[21:19:40:227] [INFO] - org.apache.commons.logging.impl.Jdk14Logger.log(Jdk14Logger.java:87) - Root WebApplicationContext: initialization completed in 2127 ms
[21:19:40:362] [INFO] - org.apache.commons.logging.impl.Jdk14Logger.log(Jdk14Logger.java:87) - Servlet dispatcherServlet mapped to [/]
[21:19:40:366] [INFO] - org.apache.commons.logging.impl.Jdk14Logger.log(Jdk14Logger.java:87) - Mapping filter: 'characterEncodingFilter' to: [/*]
[21:19:40:366] [INFO] - org.apache.commons.logging.impl.Jdk14Logger.log(Jdk14Logger.java:87) - Mapping filter: 'hiddenHttpMethodFilter' to: [/*]
[21:19:40:366] [INFO] - org.apache.commons.logging.impl.Jdk14Logger.log(Jdk14Logger.java:87) - Mapping filter: 'httpPutFormContentFilter' to: [/*]
[21:19:40:366] [INFO] - org.apache.commons.logging.impl.Jdk14Logger.log(Jdk14Logger.java:87) - Mapping filter: 'requestContextFilter' to: [/*]
[21:19:41:958] [INFO] - com.mongodb.diagnostics.logging.SLF4JLogger.info(SLF4JLogger.java:71) - Cluster created with settings {hosts=[localhost:27017], mode=MULTIPLE, requiredClusterType=UNKNOWN, serverSelectionTimeout='30000 ms', maxWaitQueueSize=500}
[21:19:41:958] [INFO] - com.mongodb.diagnostics.logging.SLF4JLogger.info(SLF4JLogger.java:71) - Adding discovered server localhost:27017 to client view of cluster
[21:19:41:996] [INFO] - com.mongodb.diagnostics.logging.SLF4JLogger.info(SLF4JLogger.java:71) - Opened connection [connectionId{localValue:1, serverValue:31}] to localhost:27017
[21:19:41:999] [INFO] - com.mongodb.diagnostics.logging.SLF4JLogger.info(SLF4JLogger.java:71) - Monitor thread successfully connected to server with description ServerDescription{address=localhost:27017, type=STANDALONE, state=CONNECTED, ok=true, version=ServerVersion{versionList=[4, 0, 1]}, minWireVersion=0, maxWireVersion=7, maxDocumentSize=16777216, logicalSessionTimeoutMinutes=30, roundTripTimeNanos=1839218}
[21:19:42:000] [INFO] - com.mongodb.diagnostics.logging.SLF4JLogger.info(SLF4JLogger.java:71) - Discovered cluster type of STANDALONE
[21:19:42:550] [INFO] - org.apache.commons.logging.impl.Jdk14Logger.log(Jdk14Logger.java:87) - Looking for @ControllerAdvice: org.springframework.boot.web.servlet.context.AnnotationConfigServletWebServerApplicationContext@5a5a729f: startup date [Tue Sep 04 21:19:38 CST 2018]; root of context hierarchy
[21:19:42:614] [INFO] - org.apache.commons.logging.impl.Jdk14Logger.log(Jdk14Logger.java:87) - Mapped "{[/jdProduct]}" onto public java.lang.String com.letcafe.controller.DispatchController.index(org.springframework.ui.Model) throws java.lang.Exception
[21:19:42:615] [INFO] - org.apache.commons.logging.impl.Jdk14Logger.log(Jdk14Logger.java:87) - Mapped "{[/tables/{var}]}" onto public java.lang.String com.letcafe.controller.DispatchController.tables(org.springframework.ui.Model,java.lang.String)
[21:19:42:619] [INFO] - org.apache.commons.logging.impl.Jdk14Logger.log(Jdk14Logger.java:87) - Mapped "{[/error]}" onto public org.springframework.http.ResponseEntity<java.util.Map<java.lang.String, java.lang.Object>> org.springframework.boot.autoconfigure.web.servlet.error.BasicErrorController.error(javax.servlet.http.HttpServletRequest)
[21:19:42:620] [INFO] - org.apache.commons.logging.impl.Jdk14Logger.log(Jdk14Logger.java:87) - Mapped "{[/error],produces=[text/html]}" onto public org.springframework.web.servlet.ModelAndView org.springframework.boot.autoconfigure.web.servlet.error.BasicErrorController.errorHtml(javax.servlet.http.HttpServletRequest,javax.servlet.http.HttpServletResponse)
[21:19:42:668] [INFO] - org.apache.commons.logging.impl.Jdk14Logger.log(Jdk14Logger.java:87) - Mapped URL path [/**] onto handler of type [class org.springframework.web.servlet.resource.ResourceHttpRequestHandler]
[21:19:42:668] [INFO] - org.apache.commons.logging.impl.Jdk14Logger.log(Jdk14Logger.java:87) - Mapped URL path [/webjars/**] onto handler of type [class org.springframework.web.servlet.resource.ResourceHttpRequestHandler]
[21:19:42:717] [INFO] - org.apache.commons.logging.impl.Jdk14Logger.log(Jdk14Logger.java:87) - Mapped URL path [/**/favicon.ico] onto handler of type [class org.springframework.web.servlet.resource.ResourceHttpRequestHandler]
[21:19:43:127] [INFO] - org.apache.commons.logging.impl.Jdk14Logger.log(Jdk14Logger.java:87) - Registering beans for JMX exposure on startup
[21:19:43:128] [INFO] - org.apache.commons.logging.impl.Jdk14Logger.log(Jdk14Logger.java:87) - Bean with name 'mysqlDataSourceDevelopment' has been autodetected for JMX exposure
[21:19:43:132] [INFO] - org.apache.commons.logging.impl.Jdk14Logger.log(Jdk14Logger.java:87) - Located MBean 'mysqlDataSourceDevelopment': registering with JMX server as MBean [org.apache.commons.dbcp2:name=mysqlDataSourceDevelopment,type=BasicDataSource]
[21:19:43:146] [INFO] - org.apache.juli.logging.DirectJDKLog.log(DirectJDKLog.java:180) - Starting ProtocolHandler ["http-nio-8080"]
[21:19:43:155] [INFO] - org.apache.juli.logging.DirectJDKLog.log(DirectJDKLog.java:180) - Using a shared selector for servlet write/read
[21:19:43:168] [INFO] - org.apache.commons.logging.impl.Jdk14Logger.log(Jdk14Logger.java:87) - Tomcat started on port(s): 8080 (http) with context path '/LiveSpider'
[21:19:43:171] [INFO] - org.apache.commons.logging.impl.Jdk14Logger.log(Jdk14Logger.java:87) - Started Application in 6.173 seconds (JVM running for 7.175)
[21:19:43:211] [INFO] - io.netty.util.internal.logging.Slf4JLogger.info(Slf4JLogger.java:101) - Starting without optional epoll library
[21:19:43:212] [INFO] - io.netty.util.internal.logging.Slf4JLogger.info(Slf4JLogger.java:101) - Starting without optional kqueue library
[21:19:44:793] [INFO] - com.letcafe.controller.huya.TaskAutoWorker.subscribeLiveRoom(TaskAutoWorker.java:148) - [subscribe task] url = https://www.huya.com/member/index.php?m=Activity&do=jsonpSubU&from=act&uid=311913984&callback=jQuery11110531477879956588_1536067184605&type=Subscribe&_=1536067184605
[21:19:44:793] [INFO] - com.letcafe.controller.huya.TaskAutoWorker.subscribeLiveRoom(TaskAutoWorker.java:151) - jsonObject = {"message":"","status":1}
[21:30:15:992] [INFO] - org.apache.commons.logging.impl.Jdk14Logger.log(Jdk14Logger.java:87) - Starting Application on DESKTOP-O43QJAD with PID 17904 (E:\IDEA_proj\LiveSpider\out\production\classes started by dell in E:\IDEA_proj\LiveSpider)
[21:30:15:997] [INFO] - org.apache.commons.logging.impl.Jdk14Logger.log(Jdk14Logger.java:87) - The following profiles are active: dev
[21:30:16:032] [INFO] - org.apache.commons.logging.impl.Jdk14Logger.log(Jdk14Logger.java:87) - Refreshing org.springframework.boot.web.servlet.context.AnnotationConfigServletWebServerApplicationContext@4b520ea8: startup date [Tue Sep 04 21:30:16 CST 2018]; root of context hierarchy
[21:30:16:565] [INFO] - org.springframework.data.repository.config.RepositoryConfigurationDelegate.multipleStoresDetected(RepositoryConfigurationDelegate.java:163) - Multiple Spring Data modules found, entering strict repository configuration mode!
[21:30:16:582] [INFO] - org.springframework.data.repository.config.RepositoryConfigurationDelegate.multipleStoresDetected(RepositoryConfigurationDelegate.java:163) - Multiple Spring Data modules found, entering strict repository configuration mode!
[21:30:16:856] [INFO] - org.apache.commons.logging.impl.Jdk14Logger.log(Jdk14Logger.java:87) - Bean 'org.springframework.cache.annotation.ProxyCachingConfiguration' of type [org.springframework.cache.annotation.ProxyCachingConfiguration$$EnhancerBySpringCGLIB$$26a8987b] is not eligible for getting processed by all BeanPostProcessors (for example: not eligible for auto-proxying)
[21:30:16:870] [INFO] - org.apache.commons.logging.impl.Jdk14Logger.log(Jdk14Logger.java:87) - Bean 'org.springframework.boot.autoconfigure.cache.CacheAutoConfiguration' of type [org.springframework.boot.autoconfigure.cache.CacheAutoConfiguration$$EnhancerBySpringCGLIB$$1b1c5d1f] is not eligible for getting processed by all BeanPostProcessors (for example: not eligible for auto-proxying)
[21:30:16:883] [INFO] - org.apache.commons.logging.impl.Jdk14Logger.log(Jdk14Logger.java:87) - Bean 'org.springframework.boot.context.properties.ConversionServiceDeducer$Factory' of type [org.springframework.boot.context.properties.ConversionServiceDeducer$Factory] is not eligible for getting processed by all BeanPostProcessors (for example: not eligible for auto-proxying)
[21:30:16:885] [INFO] - org.apache.commons.logging.impl.Jdk14Logger.log(Jdk14Logger.java:87) - Bean 'spring.cache-org.springframework.boot.autoconfigure.cache.CacheProperties' of type [org.springframework.boot.autoconfigure.cache.CacheProperties] is not eligible for getting processed by all BeanPostProcessors (for example: not eligible for auto-proxying)
[21:30:16:892] [INFO] - org.apache.commons.logging.impl.Jdk14Logger.log(Jdk14Logger.java:87) - Bean 'cacheManagerCustomizers' of type [org.springframework.boot.autoconfigure.cache.CacheManagerCustomizers] is not eligible for getting processed by all BeanPostProcessors (for example: not eligible for auto-proxying)
[21:30:16:896] [INFO] - org.apache.commons.logging.impl.Jdk14Logger.log(Jdk14Logger.java:87) - Bean 'org.springframework.boot.autoconfigure.cache.RedisCacheConfiguration' of type [org.springframework.boot.autoconfigure.cache.RedisCacheConfiguration$$EnhancerBySpringCGLIB$$cbadf979] is not eligible for getting processed by all BeanPostProcessors (for example: not eligible for auto-proxying)
[21:30:16:906] [INFO] - org.apache.commons.logging.impl.Jdk14Logger.log(Jdk14Logger.java:87) - Bean 'spring.redis-org.springframework.boot.autoconfigure.data.redis.RedisProperties' of type [org.springframework.boot.autoconfigure.data.redis.RedisProperties] is not eligible for getting processed by all BeanPostProcessors (for example: not eligible for auto-proxying)
[21:30:16:913] [INFO] - org.apache.commons.logging.impl.Jdk14Logger.log(Jdk14Logger.java:87) - Bean 'org.springframework.boot.autoconfigure.data.redis.LettuceConnectionConfiguration' of type [org.springframework.boot.autoconfigure.data.redis.LettuceConnectionConfiguration$$EnhancerBySpringCGLIB$$f2b020a7] is not eligible for getting processed by all BeanPostProcessors (for example: not eligible for auto-proxying)
[21:30:16:973] [INFO] - org.apache.commons.logging.impl.Jdk14Logger.log(Jdk14Logger.java:87) - Bean 'lettuceClientResources' of type [io.lettuce.core.resource.DefaultClientResources] is not eligible for getting processed by all BeanPostProcessors (for example: not eligible for auto-proxying)
[21:30:17:020] [INFO] - org.apache.commons.logging.impl.Jdk14Logger.log(Jdk14Logger.java:87) - Bean 'redisConnectionFactory' of type [org.springframework.data.redis.connection.lettuce.LettuceConnectionFactory] is not eligible for getting processed by all BeanPostProcessors (for example: not eligible for auto-proxying)
[21:30:17:037] [INFO] - org.apache.commons.logging.impl.Jdk14Logger.log(Jdk14Logger.java:87) - Bean 'cacheManager' of type [org.springframework.data.redis.cache.RedisCacheManager] is not eligible for getting processed by all BeanPostProcessors (for example: not eligible for auto-proxying)
[21:30:17:038] [INFO] - org.apache.commons.logging.impl.Jdk14Logger.log(Jdk14Logger.java:87) - Bean 'cacheAutoConfigurationValidator' of type [org.springframework.boot.autoconfigure.cache.CacheAutoConfiguration$CacheManagerValidator] is not eligible for getting processed by all BeanPostProcessors (for example: not eligible for auto-proxying)
[21:30:17:058] [INFO] - org.apache.commons.logging.impl.Jdk14Logger.log(Jdk14Logger.java:87) - Bean 'DBConfig' of type [com.letcafe.conf.DBConfig$$EnhancerBySpringCGLIB$$5fc086a9] is not eligible for getting processed by all BeanPostProcessors (for example: not eligible for auto-proxying)
[21:30:17:073] [INFO] - org.apache.commons.logging.impl.Jdk14Logger.log(Jdk14Logger.java:87) - Bean 'mysqlDataSourceDevelopment' of type [org.apache.commons.dbcp2.BasicDataSource] is not eligible for getting processed by all BeanPostProcessors (for example: not eligible for auto-proxying)
[21:30:17:089] [INFO] - org.apache.commons.logging.impl.Jdk14Logger.log(Jdk14Logger.java:87) - Bean 'spring.datasource-org.springframework.boot.autoconfigure.jdbc.DataSourceProperties' of type [org.springframework.boot.autoconfigure.jdbc.DataSourceProperties] is not eligible for getting processed by all BeanPostProcessors (for example: not eligible for auto-proxying)
[21:30:17:107] [INFO] - org.apache.commons.logging.impl.Jdk14Logger.log(Jdk14Logger.java:87) - Bean 'org.springframework.boot.autoconfigure.jdbc.DataSourceInitializerInvoker' of type [org.springframework.boot.autoconfigure.jdbc.DataSourceInitializerInvoker] is not eligible for getting processed by all BeanPostProcessors (for example: not eligible for auto-proxying)
[21:30:17:236] [INFO] - org.hibernate.Version.logVersion(Version.java:45) - HHH000412: Hibernate Core {5.2.12.Final}
[21:30:17:237] [INFO] - org.hibernate.cfg.Environment.<clinit>(Environment.java:213) - HHH000206: hibernate.properties not found
[21:30:17:262] [INFO] - org.hibernate.annotations.common.reflection.java.JavaReflectionManager.<clinit>(JavaReflectionManager.java:66) - HCANN000001: Hibernate Commons Annotations {5.0.1.Final}
[21:30:17:432] [INFO] - org.hibernate.dialect.Dialect.<init>(Dialect.java:157) - HHH000400: Using dialect: org.hibernate.dialect.MySQL5Dialect
[21:30:17:846] [INFO] - org.apache.commons.logging.impl.Jdk14Logger.log(Jdk14Logger.java:87) - Bean 'sessionFactory' of type [org.springframework.orm.hibernate5.LocalSessionFactoryBean] is not eligible for getting processed by all BeanPostProcessors (for example: not eligible for auto-proxying)
[21:30:17:858] [INFO] - org.apache.commons.logging.impl.Jdk14Logger.log(Jdk14Logger.java:87) - Bean 'sessionFactory' of type [org.hibernate.internal.SessionFactoryImpl] is not eligible for getting processed by all BeanPostProcessors (for example: not eligible for auto-proxying)
[21:30:17:920] [INFO] - org.apache.commons.logging.impl.Jdk14Logger.log(Jdk14Logger.java:87) - Bean 'hibernateConfig' of type [com.letcafe.conf.HibernateConfig$$EnhancerBySpringCGLIB$$9c8dccef] is not eligible for getting processed by all BeanPostProcessors (for example: not eligible for auto-proxying)
[21:30:17:922] [INFO] - org.apache.commons.logging.impl.Jdk14Logger.log(Jdk14Logger.java:87) - Bean 'org.springframework.transaction.annotation.ProxyTransactionManagementConfiguration' of type [org.springframework.transaction.annotation.ProxyTransactionManagementConfiguration$$EnhancerBySpringCGLIB$$dd96625d] is not eligible for getting processed by all BeanPostProcessors (for example: not eligible for auto-proxying)
[21:30:18:129] [INFO] - org.apache.commons.logging.impl.Jdk14Logger.log(Jdk14Logger.java:87) - Tomcat initialized with port(s): 8080 (http)
[21:30:18:140] [INFO] - org.apache.juli.logging.DirectJDKLog.log(DirectJDKLog.java:180) - Initializing ProtocolHandler ["http-nio-8080"]
[21:30:18:149] [INFO] - org.apache.juli.logging.DirectJDKLog.log(DirectJDKLog.java:180) - Starting service [Tomcat]
[21:30:18:149] [INFO] - org.apache.juli.logging.DirectJDKLog.log(DirectJDKLog.java:180) - Starting Servlet Engine: Apache Tomcat/8.5.28
[21:30:18:151] [INFO] - org.apache.juli.logging.DirectJDKLog.log(DirectJDKLog.java:180) - The APR based Apache Tomcat Native library which allows optimal performance in production environments was not found on the java.library.path: [C:\Program Files\Java\jdk1.8.0_121\bin;C:\WINDOWS\Sun\Java\bin;C:\WINDOWS\system32;C:\WINDOWS;C:\ProgramData\Oracle\Java\javapath;C:\WINDOWS\system32;C:\WINDOWS;C:\WINDOWS\System32\Wbem;C:\WINDOWS\System32\WindowsPowerShell\v1.0\;C:\Program Files (x86)\Windows Kits\8.1\Windows Performance Toolkit\;C:\Program Files\Java\jdk1.8.0_121\bin;C:\Program Files\Java\jdk1.8.0_121\jre\bin;F:\gaminganywhere\bin;F:\apache-maven-3.3.9\bin;C:\Program Files (x86)\VMware\VMware Workstation;D:\Program Files (x86)\Git\cmd;d:\Program Files\OpenVPN\bin;D:\phantomjs-2.1.1-windows\bin;D:\gradle-4.4\bin;C:\Python26;D:\ProgramData\Anaconda2\Scripts;C:\Program Files\Microsoft SQL Server\130\Tools\Binn\;D:\Program Files (x86)\VMware\VMware Workstation;D:\Redis;C:\Program Files (x86)\NVIDIA Corporation\PhysX\Common;C:\WINDOWS\system32;C:\WINDOWS;C:\WINDOWS\System32\Wbem;C:\WINDOWS\System32\WindowsPowerShell\v1.0\;C:\WINDOWS\System32\OpenSSH\;D:\Program Files\Microsoft VS Code\bin;C:\Program Files\Microsoft SQL Server\120\Tools\Binn\;F:\apache-maven-3.3.9\bin;C:\Users\dell\Anaconda3;C:\Users\dell\Anaconda3\Library\mingw-w64\bin;C:\Users\dell\Anaconda3\Library\usr\bin;C:\Users\dell\Anaconda3\Library\bin;C:\Users\dell\Anaconda3\Scripts;C:\Users\dell\AppData\Local\Microsoft\WindowsApps;C:\Users\dell\AppData\Local\GitHubDesktop\bin;D:\Program Files\Microsoft VS Code\bin;C:\Users\dell\AppData\Local\Microsoft\WindowsApps;C:\Users\dell\AppData\Local\Programs\Fiddler;.]
[21:30:18:257] [INFO] - org.apache.juli.logging.DirectJDKLog.log(DirectJDKLog.java:180) - Initializing Spring embedded WebApplicationContext
[21:30:18:258] [INFO] - org.apache.commons.logging.impl.Jdk14Logger.log(Jdk14Logger.java:87) - Root WebApplicationContext: initialization completed in 2228 ms
[21:30:18:402] [INFO] - org.apache.commons.logging.impl.Jdk14Logger.log(Jdk14Logger.java:87) - Servlet dispatcherServlet mapped to [/]
[21:30:18:407] [INFO] - org.apache.commons.logging.impl.Jdk14Logger.log(Jdk14Logger.java:87) - Mapping filter: 'characterEncodingFilter' to: [/*]
[21:30:18:407] [INFO] - org.apache.commons.logging.impl.Jdk14Logger.log(Jdk14Logger.java:87) - Mapping filter: 'hiddenHttpMethodFilter' to: [/*]
[21:30:18:408] [INFO] - org.apache.commons.logging.impl.Jdk14Logger.log(Jdk14Logger.java:87) - Mapping filter: 'httpPutFormContentFilter' to: [/*]
[21:30:18:408] [INFO] - org.apache.commons.logging.impl.Jdk14Logger.log(Jdk14Logger.java:87) - Mapping filter: 'requestContextFilter' to: [/*]
[21:30:20:003] [INFO] - com.mongodb.diagnostics.logging.SLF4JLogger.info(SLF4JLogger.java:71) - Cluster created with settings {hosts=[localhost:27017], mode=MULTIPLE, requiredClusterType=UNKNOWN, serverSelectionTimeout='30000 ms', maxWaitQueueSize=500}
[21:30:20:004] [INFO] - com.mongodb.diagnostics.logging.SLF4JLogger.info(SLF4JLogger.java:71) - Adding discovered server localhost:27017 to client view of cluster
[21:30:20:047] [INFO] - com.mongodb.diagnostics.logging.SLF4JLogger.info(SLF4JLogger.java:71) - Opened connection [connectionId{localValue:1, serverValue:32}] to localhost:27017
[21:30:20:050] [INFO] - com.mongodb.diagnostics.logging.SLF4JLogger.info(SLF4JLogger.java:71) - Monitor thread successfully connected to server with description ServerDescription{address=localhost:27017, type=STANDALONE, state=CONNECTED, ok=true, version=ServerVersion{versionList=[4, 0, 1]}, minWireVersion=0, maxWireVersion=7, maxDocumentSize=16777216, logicalSessionTimeoutMinutes=30, roundTripTimeNanos=2278400}
[21:30:20:051] [INFO] - com.mongodb.diagnostics.logging.SLF4JLogger.info(SLF4JLogger.java:71) - Discovered cluster type of STANDALONE
[21:30:20:655] [INFO] - org.apache.commons.logging.impl.Jdk14Logger.log(Jdk14Logger.java:87) - Looking for @ControllerAdvice: org.springframework.boot.web.servlet.context.AnnotationConfigServletWebServerApplicationContext@4b520ea8: startup date [Tue Sep 04 21:30:16 CST 2018]; root of context hierarchy
[21:30:20:715] [INFO] - org.apache.commons.logging.impl.Jdk14Logger.log(Jdk14Logger.java:87) - Mapped "{[/jdProduct]}" onto public java.lang.String com.letcafe.controller.DispatchController.index(org.springframework.ui.Model) throws java.lang.Exception
[21:30:20:715] [INFO] - org.apache.commons.logging.impl.Jdk14Logger.log(Jdk14Logger.java:87) - Mapped "{[/tables/{var}]}" onto public java.lang.String com.letcafe.controller.DispatchController.tables(org.springframework.ui.Model,java.lang.String)
[21:30:20:719] [INFO] - org.apache.commons.logging.impl.Jdk14Logger.log(Jdk14Logger.java:87) - Mapped "{[/error]}" onto public org.springframework.http.ResponseEntity<java.util.Map<java.lang.String, java.lang.Object>> org.springframework.boot.autoconfigure.web.servlet.error.BasicErrorController.error(javax.servlet.http.HttpServletRequest)
[21:30:20:720] [INFO] - org.apache.commons.logging.impl.Jdk14Logger.log(Jdk14Logger.java:87) - Mapped "{[/error],produces=[text/html]}" onto public org.springframework.web.servlet.ModelAndView org.springframework.boot.autoconfigure.web.servlet.error.BasicErrorController.errorHtml(javax.servlet.http.HttpServletRequest,javax.servlet.http.HttpServletResponse)
[21:30:20:769] [INFO] - org.apache.commons.logging.impl.Jdk14Logger.log(Jdk14Logger.java:87) - Mapped URL path [/**] onto handler of type [class org.springframework.web.servlet.resource.ResourceHttpRequestHandler]
[21:30:20:770] [INFO] - org.apache.commons.logging.impl.Jdk14Logger.log(Jdk14Logger.java:87) - Mapped URL path [/webjars/**] onto handler of type [class org.springframework.web.servlet.resource.ResourceHttpRequestHandler]
[21:30:20:824] [INFO] - org.apache.commons.logging.impl.Jdk14Logger.log(Jdk14Logger.java:87) - Mapped URL path [/**/favicon.ico] onto handler of type [class org.springframework.web.servlet.resource.ResourceHttpRequestHandler]
[21:30:21:239] [INFO] - org.apache.commons.logging.impl.Jdk14Logger.log(Jdk14Logger.java:87) - Registering beans for JMX exposure on startup
[21:30:21:240] [INFO] - org.apache.commons.logging.impl.Jdk14Logger.log(Jdk14Logger.java:87) - Bean with name 'mysqlDataSourceDevelopment' has been autodetected for JMX exposure
[21:30:21:246] [INFO] - org.apache.commons.logging.impl.Jdk14Logger.log(Jdk14Logger.java:87) - Located MBean 'mysqlDataSourceDevelopment': registering with JMX server as MBean [org.apache.commons.dbcp2:name=mysqlDataSourceDevelopment,type=BasicDataSource]
[21:30:21:262] [INFO] - org.apache.juli.logging.DirectJDKLog.log(DirectJDKLog.java:180) - Starting ProtocolHandler ["http-nio-8080"]
[21:30:21:273] [INFO] - org.apache.juli.logging.DirectJDKLog.log(DirectJDKLog.java:180) - Using a shared selector for servlet write/read
[21:30:21:288] [INFO] - org.apache.commons.logging.impl.Jdk14Logger.log(Jdk14Logger.java:87) - Tomcat started on port(s): 8080 (http) with context path '/LiveSpider'
[21:30:21:291] [INFO] - org.apache.commons.logging.impl.Jdk14Logger.log(Jdk14Logger.java:87) - Started Application in 6.046 seconds (JVM running for 7.012)
[21:30:21:775] [INFO] - io.netty.util.internal.logging.Slf4JLogger.info(Slf4JLogger.java:101) - Starting without optional epoll library
[21:30:21:776] [INFO] - io.netty.util.internal.logging.Slf4JLogger.info(Slf4JLogger.java:101) - Starting without optional kqueue library
[21:30:22:968] [INFO] - com.letcafe.controller.huya.TaskAutoWorker.subscribeLiveRoom(TaskAutoWorker.java:154) - [subscribe task] url = https://www.huya.com/member/index.php?m=Activity&do=jsonpSubU&from=act&uid=311913984&callback=jQuery11110531477879956588_1536067822761&type=Subscribe&_=1536067822761
[21:30:22:969] [INFO] - com.letcafe.controller.huya.TaskAutoWorker.subscribeLiveRoom(TaskAutoWorker.java:157) - subscribe JSON = {"message":"","status":1}
[21:30:53:246] [INFO] - com.letcafe.controller.huya.TaskAutoWorker.unSubscribeLiveRoom(TaskAutoWorker.java:185) - [unsubscribe task] url = https://www.huya.com/member/index.php?m=Activity&do=jsonpSubU&from=act&uid=311913984&callback=jQuery1111048374755901934874_1536067852971&type=Cancel&_=1536067852971
[21:30:53:246] [INFO] - com.letcafe.controller.huya.TaskAutoWorker.unSubscribeLiveRoom(TaskAutoWorker.java:188) - unsubscribe json = {"message":"","status":3}
[21:32:35:424] [INFO] - org.apache.commons.logging.impl.Jdk14Logger.log(Jdk14Logger.java:87) - Starting Application on DESKTOP-O43QJAD with PID 17472 (E:\IDEA_proj\LiveSpider\out\production\classes started by dell in E:\IDEA_proj\LiveSpider)
[21:32:35:429] [INFO] - org.apache.commons.logging.impl.Jdk14Logger.log(Jdk14Logger.java:87) - The following profiles are active: dev
[21:32:35:462] [INFO] - org.apache.commons.logging.impl.Jdk14Logger.log(Jdk14Logger.java:87) - Refreshing org.springframework.boot.web.servlet.context.AnnotationConfigServletWebServerApplicationContext@5a5a729f: startup date [Tue Sep 04 21:32:35 CST 2018]; root of context hierarchy
[21:32:35:980] [INFO] - org.springframework.data.repository.config.RepositoryConfigurationDelegate.multipleStoresDetected(RepositoryConfigurationDelegate.java:163) - Multiple Spring Data modules found, entering strict repository configuration mode!
[21:32:35:998] [INFO] - org.springframework.data.repository.config.RepositoryConfigurationDelegate.multipleStoresDetected(RepositoryConfigurationDelegate.java:163) - Multiple Spring Data modules found, entering strict repository configuration mode!
[21:32:36:265] [INFO] - org.apache.commons.logging.impl.Jdk14Logger.log(Jdk14Logger.java:87) - Bean 'org.springframework.cache.annotation.ProxyCachingConfiguration' of type [org.springframework.cache.annotation.ProxyCachingConfiguration$$EnhancerBySpringCGLIB$$c270f6f8] is not eligible for getting processed by all BeanPostProcessors (for example: not eligible for auto-proxying)
[21:32:36:277] [INFO] - org.apache.commons.logging.impl.Jdk14Logger.log(Jdk14Logger.java:87) - Bean 'org.springframework.boot.autoconfigure.cache.CacheAutoConfiguration' of type [org.springframework.boot.autoconfigure.cache.CacheAutoConfiguration$$EnhancerBySpringCGLIB$$b6e4bb9c] is not eligible for getting processed by all BeanPostProcessors (for example: not eligible for auto-proxying)
[21:32:36:289] [INFO] - org.apache.commons.logging.impl.Jdk14Logger.log(Jdk14Logger.java:87) - Bean 'org.springframework.boot.context.properties.ConversionServiceDeducer$Factory' of type [org.springframework.boot.context.properties.ConversionServiceDeducer$Factory] is not eligible for getting processed by all BeanPostProcessors (for example: not eligible for auto-proxying)
[21:32:36:291] [INFO] - org.apache.commons.logging.impl.Jdk14Logger.log(Jdk14Logger.java:87) - Bean 'spring.cache-org.springframework.boot.autoconfigure.cache.CacheProperties' of type [org.springframework.boot.autoconfigure.cache.CacheProperties] is not eligible for getting processed by all BeanPostProcessors (for example: not eligible for auto-proxying)
[21:32:36:296] [INFO] - org.apache.commons.logging.impl.Jdk14Logger.log(Jdk14Logger.java:87) - Bean 'cacheManagerCustomizers' of type [org.springframework.boot.autoconfigure.cache.CacheManagerCustomizers] is not eligible for getting processed by all BeanPostProcessors (for example: not eligible for auto-proxying)
[21:32:36:300] [INFO] - org.apache.commons.logging.impl.Jdk14Logger.log(Jdk14Logger.java:87) - Bean 'org.springframework.boot.autoconfigure.cache.RedisCacheConfiguration' of type [org.springframework.boot.autoconfigure.cache.RedisCacheConfiguration$$EnhancerBySpringCGLIB$$677657f6] is not eligible for getting processed by all BeanPostProcessors (for example: not eligible for auto-proxying)
[21:32:36:311] [INFO] - org.apache.commons.logging.impl.Jdk14Logger.log(Jdk14Logger.java:87) - Bean 'spring.redis-org.springframework.boot.autoconfigure.data.redis.RedisProperties' of type [org.springframework.boot.autoconfigure.data.redis.RedisProperties] is not eligible for getting processed by all BeanPostProcessors (for example: not eligible for auto-proxying)
[21:32:36:316] [INFO] - org.apache.commons.logging.impl.Jdk14Logger.log(Jdk14Logger.java:87) - Bean 'org.springframework.boot.autoconfigure.data.redis.LettuceConnectionConfiguration' of type [org.springframework.boot.autoconfigure.data.redis.LettuceConnectionConfiguration$$EnhancerBySpringCGLIB$$8e787f24] is not eligible for getting processed by all BeanPostProcessors (for example: not eligible for auto-proxying)
[21:32:36:376] [INFO] - org.apache.commons.logging.impl.Jdk14Logger.log(Jdk14Logger.java:87) - Bean 'lettuceClientResources' of type [io.lettuce.core.resource.DefaultClientResources] is not eligible for getting processed by all BeanPostProcessors (for example: not eligible for auto-proxying)
[21:32:36:437] [INFO] - org.apache.commons.logging.impl.Jdk14Logger.log(Jdk14Logger.java:87) - Bean 'redisConnectionFactory' of type [org.springframework.data.redis.connection.lettuce.LettuceConnectionFactory] is not eligible for getting processed by all BeanPostProcessors (for example: not eligible for auto-proxying)
[21:32:36:454] [INFO] - org.apache.commons.logging.impl.Jdk14Logger.log(Jdk14Logger.java:87) - Bean 'cacheManager' of type [org.springframework.data.redis.cache.RedisCacheManager] is not eligible for getting processed by all BeanPostProcessors (for example: not eligible for auto-proxying)
[21:32:36:456] [INFO] - org.apache.commons.logging.impl.Jdk14Logger.log(Jdk14Logger.java:87) - Bean 'cacheAutoConfigurationValidator' of type [org.springframework.boot.autoconfigure.cache.CacheAutoConfiguration$CacheManagerValidator] is not eligible for getting processed by all BeanPostProcessors (for example: not eligible for auto-proxying)
[21:32:36:477] [INFO] - org.apache.commons.logging.impl.Jdk14Logger.log(Jdk14Logger.java:87) - Bean 'DBConfig' of type [com.letcafe.conf.DBConfig$$EnhancerBySpringCGLIB$$fb88e526] is not eligible for getting processed by all BeanPostProcessors (for example: not eligible for auto-proxying)
[21:32:36:492] [INFO] - org.apache.commons.logging.impl.Jdk14Logger.log(Jdk14Logger.java:87) - Bean 'mysqlDataSourceDevelopment' of type [org.apache.commons.dbcp2.BasicDataSource] is not eligible for getting processed by all BeanPostProcessors (for example: not eligible for auto-proxying)
[21:32:36:505] [INFO] - org.apache.commons.logging.impl.Jdk14Logger.log(Jdk14Logger.java:87) - Bean 'spring.datasource-org.springframework.boot.autoconfigure.jdbc.DataSourceProperties' of type [org.springframework.boot.autoconfigure.jdbc.DataSourceProperties] is not eligible for getting processed by all BeanPostProcessors (for example: not eligible for auto-proxying)
[21:32:36:513] [INFO] - org.apache.commons.logging.impl.Jdk14Logger.log(Jdk14Logger.java:87) - Bean 'org.springframework.boot.autoconfigure.jdbc.DataSourceInitializerInvoker' of type [org.springframework.boot.autoconfigure.jdbc.DataSourceInitializerInvoker] is not eligible for getting processed by all BeanPostProcessors (for example: not eligible for auto-proxying)
[21:32:36:631] [INFO] - org.hibernate.Version.logVersion(Version.java:45) - HHH000412: Hibernate Core {5.2.12.Final}
[21:32:36:632] [INFO] - org.hibernate.cfg.Environment.<clinit>(Environment.java:213) - HHH000206: hibernate.properties not found
[21:32:36:660] [INFO] - org.hibernate.annotations.common.reflection.java.JavaReflectionManager.<clinit>(JavaReflectionManager.java:66) - HCANN000001: Hibernate Commons Annotations {5.0.1.Final}
[21:32:36:828] [INFO] - org.hibernate.dialect.Dialect.<init>(Dialect.java:157) - HHH000400: Using dialect: org.hibernate.dialect.MySQL5Dialect
[21:32:37:262] [INFO] - org.apache.commons.logging.impl.Jdk14Logger.log(Jdk14Logger.java:87) - Bean 'sessionFactory' of type [org.springframework.orm.hibernate5.LocalSessionFactoryBean] is not eligible for getting processed by all BeanPostProcessors (for example: not eligible for auto-proxying)
[21:32:37:267] [INFO] - org.apache.commons.logging.impl.Jdk14Logger.log(Jdk14Logger.java:87) - Bean 'sessionFactory' of type [org.hibernate.internal.SessionFactoryImpl] is not eligible for getting processed by all BeanPostProcessors (for example: not eligible for auto-proxying)
[21:32:37:303] [INFO] - org.apache.commons.logging.impl.Jdk14Logger.log(Jdk14Logger.java:87) - Bean 'hibernateConfig' of type [com.letcafe.conf.HibernateConfig$$EnhancerBySpringCGLIB$$38562b6c] is not eligible for getting processed by all BeanPostProcessors (for example: not eligible for auto-proxying)
[21:32:37:304] [INFO] - org.apache.commons.logging.impl.Jdk14Logger.log(Jdk14Logger.java:87) - Bean 'org.springframework.transaction.annotation.ProxyTransactionManagementConfiguration' of type [org.springframework.transaction.annotation.ProxyTransactionManagementConfiguration$$EnhancerBySpringCGLIB$$795ec0da] is not eligible for getting processed by all BeanPostProcessors (for example: not eligible for auto-proxying)
[21:32:37:520] [INFO] - org.apache.commons.logging.impl.Jdk14Logger.log(Jdk14Logger.java:87) - Tomcat initialized with port(s): 8080 (http)
[21:32:37:530] [INFO] - org.apache.juli.logging.DirectJDKLog.log(DirectJDKLog.java:180) - Initializing ProtocolHandler ["http-nio-8080"]
[21:32:37:537] [INFO] - org.apache.juli.logging.DirectJDKLog.log(DirectJDKLog.java:180) - Starting service [Tomcat]
[21:32:37:538] [INFO] - org.apache.juli.logging.DirectJDKLog.log(DirectJDKLog.java:180) - Starting Servlet Engine: Apache Tomcat/8.5.28
[21:32:37:540] [INFO] - org.apache.juli.logging.DirectJDKLog.log(DirectJDKLog.java:180) - The APR based Apache Tomcat Native library which allows optimal performance in production environments was not found on the java.library.path: [C:\Program Files\Java\jdk1.8.0_121\bin;C:\WINDOWS\Sun\Java\bin;C:\WINDOWS\system32;C:\WINDOWS;C:\ProgramData\Oracle\Java\javapath;C:\WINDOWS\system32;C:\WINDOWS;C:\WINDOWS\System32\Wbem;C:\WINDOWS\System32\WindowsPowerShell\v1.0\;C:\Program Files (x86)\Windows Kits\8.1\Windows Performance Toolkit\;C:\Program Files\Java\jdk1.8.0_121\bin;C:\Program Files\Java\jdk1.8.0_121\jre\bin;F:\gaminganywhere\bin;F:\apache-maven-3.3.9\bin;C:\Program Files (x86)\VMware\VMware Workstation;D:\Program Files (x86)\Git\cmd;d:\Program Files\OpenVPN\bin;D:\phantomjs-2.1.1-windows\bin;D:\gradle-4.4\bin;C:\Python26;D:\ProgramData\Anaconda2\Scripts;C:\Program Files\Microsoft SQL Server\130\Tools\Binn\;D:\Program Files (x86)\VMware\VMware Workstation;D:\Redis;C:\Program Files (x86)\NVIDIA Corporation\PhysX\Common;C:\WINDOWS\system32;C:\WINDOWS;C:\WINDOWS\System32\Wbem;C:\WINDOWS\System32\WindowsPowerShell\v1.0\;C:\WINDOWS\System32\OpenSSH\;D:\Program Files\Microsoft VS Code\bin;C:\Program Files\Microsoft SQL Server\120\Tools\Binn\;F:\apache-maven-3.3.9\bin;C:\Users\dell\Anaconda3;C:\Users\dell\Anaconda3\Library\mingw-w64\bin;C:\Users\dell\Anaconda3\Library\usr\bin;C:\Users\dell\Anaconda3\Library\bin;C:\Users\dell\Anaconda3\Scripts;C:\Users\dell\AppData\Local\Microsoft\WindowsApps;C:\Users\dell\AppData\Local\GitHubDesktop\bin;D:\Program Files\Microsoft VS Code\bin;C:\Users\dell\AppData\Local\Microsoft\WindowsApps;C:\Users\dell\AppData\Local\Programs\Fiddler;.]
[21:32:37:631] [INFO] - org.apache.juli.logging.DirectJDKLog.log(DirectJDKLog.java:180) - Initializing Spring embedded WebApplicationContext
[21:32:37:632] [INFO] - org.apache.commons.logging.impl.Jdk14Logger.log(Jdk14Logger.java:87) - Root WebApplicationContext: initialization completed in 2172 ms
[21:32:37:741] [INFO] - org.apache.commons.logging.impl.Jdk14Logger.log(Jdk14Logger.java:87) - Servlet dispatcherServlet mapped to [/]
[21:32:37:745] [INFO] - org.apache.commons.logging.impl.Jdk14Logger.log(Jdk14Logger.java:87) - Mapping filter: 'characterEncodingFilter' to: [/*]
[21:32:37:745] [INFO] - org.apache.commons.logging.impl.Jdk14Logger.log(Jdk14Logger.java:87) - Mapping filter: 'hiddenHttpMethodFilter' to: [/*]
[21:32:37:746] [INFO] - org.apache.commons.logging.impl.Jdk14Logger.log(Jdk14Logger.java:87) - Mapping filter: 'httpPutFormContentFilter' to: [/*]
[21:32:37:746] [INFO] - org.apache.commons.logging.impl.Jdk14Logger.log(Jdk14Logger.java:87) - Mapping filter: 'requestContextFilter' to: [/*]
[21:32:39:261] [INFO] - com.mongodb.diagnostics.logging.SLF4JLogger.info(SLF4JLogger.java:71) - Cluster created with settings {hosts=[localhost:27017], mode=MULTIPLE, requiredClusterType=UNKNOWN, serverSelectionTimeout='30000 ms', maxWaitQueueSize=500}
[21:32:39:262] [INFO] - com.mongodb.diagnostics.logging.SLF4JLogger.info(SLF4JLogger.java:71) - Adding discovered server localhost:27017 to client view of cluster
[21:32:39:299] [INFO] - com.mongodb.diagnostics.logging.SLF4JLogger.info(SLF4JLogger.java:71) - Opened connection [connectionId{localValue:1, serverValue:33}] to localhost:27017
[21:32:39:302] [INFO] - com.mongodb.diagnostics.logging.SLF4JLogger.info(SLF4JLogger.java:71) - Monitor thread successfully connected to server with description ServerDescription{address=localhost:27017, type=STANDALONE, state=CONNECTED, ok=true, version=ServerVersion{versionList=[4, 0, 1]}, minWireVersion=0, maxWireVersion=7, maxDocumentSize=16777216, logicalSessionTimeoutMinutes=30, roundTripTimeNanos=2430863}
[21:32:39:303] [INFO] - com.mongodb.diagnostics.logging.SLF4JLogger.info(SLF4JLogger.java:71) - Discovered cluster type of STANDALONE
[21:32:39:918] [INFO] - org.apache.commons.logging.impl.Jdk14Logger.log(Jdk14Logger.java:87) - Looking for @ControllerAdvice: org.springframework.boot.web.servlet.context.AnnotationConfigServletWebServerApplicationContext@5a5a729f: startup date [Tue Sep 04 21:32:35 CST 2018]; root of context hierarchy
[21:32:39:979] [INFO] - org.apache.commons.logging.impl.Jdk14Logger.log(Jdk14Logger.java:87) - Mapped "{[/jdProduct]}" onto public java.lang.String com.letcafe.controller.DispatchController.index(org.springframework.ui.Model) throws java.lang.Exception
[21:32:39:979] [INFO] - org.apache.commons.logging.impl.Jdk14Logger.log(Jdk14Logger.java:87) - Mapped "{[/tables/{var}]}" onto public java.lang.String com.letcafe.controller.DispatchController.tables(org.springframework.ui.Model,java.lang.String)
[21:32:39:982] [INFO] - org.apache.commons.logging.impl.Jdk14Logger.log(Jdk14Logger.java:87) - Mapped "{[/error]}" onto public org.springframework.http.ResponseEntity<java.util.Map<java.lang.String, java.lang.Object>> org.springframework.boot.autoconfigure.web.servlet.error.BasicErrorController.error(javax.servlet.http.HttpServletRequest)
[21:32:39:983] [INFO] - org.apache.commons.logging.impl.Jdk14Logger.log(Jdk14Logger.java:87) - Mapped "{[/error],produces=[text/html]}" onto public org.springframework.web.servlet.ModelAndView org.springframework.boot.autoconfigure.web.servlet.error.BasicErrorController.errorHtml(javax.servlet.http.HttpServletRequest,javax.servlet.http.HttpServletResponse)
[21:32:40:034] [INFO] - org.apache.commons.logging.impl.Jdk14Logger.log(Jdk14Logger.java:87) - Mapped URL path [/**] onto handler of type [class org.springframework.web.servlet.resource.ResourceHttpRequestHandler]
[21:32:40:035] [INFO] - org.apache.commons.logging.impl.Jdk14Logger.log(Jdk14Logger.java:87) - Mapped URL path [/webjars/**] onto handler of type [class org.springframework.web.servlet.resource.ResourceHttpRequestHandler]
[21:32:40:082] [INFO] - org.apache.commons.logging.impl.Jdk14Logger.log(Jdk14Logger.java:87) - Mapped URL path [/**/favicon.ico] onto handler of type [class org.springframework.web.servlet.resource.ResourceHttpRequestHandler]
[21:32:40:442] [INFO] - org.apache.commons.logging.impl.Jdk14Logger.log(Jdk14Logger.java:87) - Registering beans for JMX exposure on startup
[21:32:40:443] [INFO] - org.apache.commons.logging.impl.Jdk14Logger.log(Jdk14Logger.java:87) - Bean with name 'mysqlDataSourceDevelopment' has been autodetected for JMX exposure
[21:32:40:448] [INFO] - org.apache.commons.logging.impl.Jdk14Logger.log(Jdk14Logger.java:87) - Located MBean 'mysqlDataSourceDevelopment': registering with JMX server as MBean [org.apache.commons.dbcp2:name=mysqlDataSourceDevelopment,type=BasicDataSource]
[21:32:40:466] [INFO] - org.apache.juli.logging.DirectJDKLog.log(DirectJDKLog.java:180) - Starting ProtocolHandler ["http-nio-8080"]
[21:32:40:474] [INFO] - org.apache.juli.logging.DirectJDKLog.log(DirectJDKLog.java:180) - Using a shared selector for servlet write/read
[21:32:40:487] [INFO] - org.apache.commons.logging.impl.Jdk14Logger.log(Jdk14Logger.java:87) - Tomcat started on port(s): 8080 (http) with context path '/LiveSpider'
[21:32:40:490] [INFO] - org.apache.commons.logging.impl.Jdk14Logger.log(Jdk14Logger.java:87) - Started Application in 5.859 seconds (JVM running for 7.013)
[21:32:41:057] [INFO] - io.netty.util.internal.logging.Slf4JLogger.info(Slf4JLogger.java:101) - Starting without optional epoll library
[21:32:41:058] [INFO] - io.netty.util.internal.logging.Slf4JLogger.info(Slf4JLogger.java:101) - Starting without optional kqueue library
[21:32:42:924] [INFO] - com.letcafe.controller.huya.TaskAutoWorker.subscribeLiveRoom(TaskAutoWorker.java:154) - [subscribe task] url = https://www.huya.com/member/index.php?m=Activity&do=jsonpSubU&from=act&uid=311913984&callback=jQuery11110531477879956588_1536067962021&type=Subscribe&_=1536067962021
[21:32:42:924] [INFO] - com.letcafe.controller.huya.TaskAutoWorker.subscribeLiveRoom(TaskAutoWorker.java:157) - subscribe JSON = {"message":"","status":1}
[21:33:13:152] [INFO] - com.letcafe.controller.huya.TaskAutoWorker.unSubscribeLiveRoom(TaskAutoWorker.java:185) - [unsubscribe task] url = https://www.huya.com/member/index.php?m=Activity&do=jsonpSubU&from=act&uid=311913984&callback=jQuery1111048374755901934874_1536067992927&type=Cancel&_=1536067992927
[21:33:13:152] [INFO] - com.letcafe.controller.huya.TaskAutoWorker.unSubscribeLiveRoom(TaskAutoWorker.java:188) - unsubscribe json = {"message":"","status":3}
[21:33:40:836] [INFO] - com.letcafe.controller.huya.TaskAutoWorker.subscribeLiveRoom(TaskAutoWorker.java:154) - [subscribe task] url = https://www.huya.com/member/index.php?m=Activity&do=jsonpSubU&from=act&uid=311913984&callback=jQuery11110531477879956588_1536068020580&type=Subscribe&_=1536068020580
[21:33:40:836] [INFO] - com.letcafe.controller.huya.TaskAutoWorker.subscribeLiveRoom(TaskAutoWorker.java:157) - subscribe JSON = {"message":"","status":1}
[21:34:11:021] [INFO] - com.letcafe.controller.huya.TaskAutoWorker.unSubscribeLiveRoom(TaskAutoWorker.java:185) - [unsubscribe task] url = https://www.huya.com/member/index.php?m=Activity&do=jsonpSubU&from=act&uid=311913984&callback=jQuery1111048374755901934874_1536068050838&type=Cancel&_=1536068050838
[21:34:11:021] [INFO] - com.letcafe.controller.huya.TaskAutoWorker.unSubscribeLiveRoom(TaskAutoWorker.java:188) - unsubscribe json = {"message":"","status":3}
