[08:41:19:139] [INFO] - org.apache.commons.logging.impl.Jdk14Logger.log(Jdk14Logger.java:87) - Starting Application on DESKTOP-O43QJAD with PID 17420 (E:\IDEA_proj\LiveSpider\out\production\classes started by dell in E:\IDEA_proj\LiveSpider)
[08:41:19:142] [INFO] - org.apache.commons.logging.impl.Jdk14Logger.log(Jdk14Logger.java:87) - The following profiles are active: development
[08:41:19:166] [INFO] - org.apache.commons.logging.impl.Jdk14Logger.log(Jdk14Logger.java:87) - Refreshing org.springframework.boot.web.servlet.context.AnnotationConfigServletWebServerApplicationContext@712625fd: startup date [Mon Aug 06 08:41:19 CST 2018]; root of context hierarchy
[08:41:19:675] [INFO] - org.springframework.data.repository.config.RepositoryConfigurationDelegate.multipleStoresDetected(RepositoryConfigurationDelegate.java:163) - Multiple Spring Data modules found, entering strict repository configuration mode!
[08:41:19:953] [INFO] - org.apache.commons.logging.impl.Jdk14Logger.log(Jdk14Logger.java:87) - Bean 'DBConfig' of type [com.letcafe.conf.DBConfig$$EnhancerBySpringCGLIB$$14a8aeef] is not eligible for getting processed by all BeanPostProcessors (for example: not eligible for auto-proxying)
[08:41:19:971] [INFO] - org.apache.commons.logging.impl.Jdk14Logger.log(Jdk14Logger.java:87) - Bean 'mysqlDataSourceDevelopment' of type [org.apache.commons.dbcp2.BasicDataSource] is not eligible for getting processed by all BeanPostProcessors (for example: not eligible for auto-proxying)
[08:41:19:984] [INFO] - org.apache.commons.logging.impl.Jdk14Logger.log(Jdk14Logger.java:87) - Bean 'org.springframework.boot.context.properties.ConversionServiceDeducer$Factory' of type [org.springframework.boot.context.properties.ConversionServiceDeducer$Factory] is not eligible for getting processed by all BeanPostProcessors (for example: not eligible for auto-proxying)
[08:41:19:987] [INFO] - org.apache.commons.logging.impl.Jdk14Logger.log(Jdk14Logger.java:87) - Bean 'spring.datasource-org.springframework.boot.autoconfigure.jdbc.DataSourceProperties' of type [org.springframework.boot.autoconfigure.jdbc.DataSourceProperties] is not eligible for getting processed by all BeanPostProcessors (for example: not eligible for auto-proxying)
[08:41:19:993] [INFO] - org.apache.commons.logging.impl.Jdk14Logger.log(Jdk14Logger.java:87) - Bean 'org.springframework.boot.autoconfigure.jdbc.DataSourceInitializerInvoker' of type [org.springframework.boot.autoconfigure.jdbc.DataSourceInitializerInvoker] is not eligible for getting processed by all BeanPostProcessors (for example: not eligible for auto-proxying)
[08:41:20:071] [INFO] - org.hibernate.Version.logVersion(Version.java:45) - HHH000412: Hibernate Core {5.2.12.Final}
[08:41:20:072] [INFO] - org.hibernate.cfg.Environment.<clinit>(Environment.java:213) - HHH000206: hibernate.properties not found
[08:41:20:105] [INFO] - org.hibernate.annotations.common.reflection.java.JavaReflectionManager.<clinit>(JavaReflectionManager.java:66) - HCANN000001: Hibernate Commons Annotations {5.0.1.Final}
[08:41:20:250] [INFO] - org.hibernate.dialect.Dialect.<init>(Dialect.java:157) - HHH000400: Using dialect: org.hibernate.dialect.MySQL5Dialect
[08:41:20:263] [INFO] - org.hibernate.engine.jdbc.env.internal.LobCreatorBuilderImpl.makeLobCreatorBuilder(LobCreatorBuilderImpl.java:63) - HHH000422: Disabling contextual LOB creation as connection was null
[08:41:20:592] [INFO] - org.apache.commons.logging.impl.Jdk14Logger.log(Jdk14Logger.java:87) - Bean 'sessionFactory' of type [org.springframework.orm.hibernate5.LocalSessionFactoryBean] is not eligible for getting processed by all BeanPostProcessors (for example: not eligible for auto-proxying)
[08:41:20:592] [INFO] - org.apache.commons.logging.impl.Jdk14Logger.log(Jdk14Logger.java:87) - Bean 'sessionFactory' of type [org.hibernate.internal.SessionFactoryImpl] is not eligible for getting processed by all BeanPostProcessors (for example: not eligible for auto-proxying)
[08:41:20:593] [INFO] - org.apache.commons.logging.impl.Jdk14Logger.log(Jdk14Logger.java:87) - Bean 'hibernateConfig' of type [com.letcafe.conf.HibernateConfig$$EnhancerBySpringCGLIB$$5175f535] is not eligible for getting processed by all BeanPostProcessors (for example: not eligible for auto-proxying)
[08:41:20:595] [INFO] - org.apache.commons.logging.impl.Jdk14Logger.log(Jdk14Logger.java:87) - Bean 'org.springframework.transaction.annotation.ProxyTransactionManagementConfiguration' of type [org.springframework.transaction.annotation.ProxyTransactionManagementConfiguration$$EnhancerBySpringCGLIB$$927e8aa3] is not eligible for getting processed by all BeanPostProcessors (for example: not eligible for auto-proxying)
[08:41:20:784] [INFO] - org.apache.commons.logging.impl.Jdk14Logger.log(Jdk14Logger.java:87) - Tomcat initialized with port(s): 8080 (http)
[08:41:20:794] [INFO] - org.apache.juli.logging.DirectJDKLog.log(DirectJDKLog.java:180) - Initializing ProtocolHandler ["http-nio-8080"]
[08:41:20:803] [INFO] - org.apache.juli.logging.DirectJDKLog.log(DirectJDKLog.java:180) - Starting service [Tomcat]
[08:41:20:804] [INFO] - org.apache.juli.logging.DirectJDKLog.log(DirectJDKLog.java:180) - Starting Servlet Engine: Apache Tomcat/8.5.28
[08:41:20:810] [INFO] - org.apache.juli.logging.DirectJDKLog.log(DirectJDKLog.java:180) - The APR based Apache Tomcat Native library which allows optimal performance in production environments was not found on the java.library.path: [C:\Program Files\Java\jdk1.8.0_121\bin;C:\WINDOWS\Sun\Java\bin;C:\WINDOWS\system32;C:\WINDOWS;C:\ProgramData\Oracle\Java\javapath;C:\WINDOWS\system32;C:\WINDOWS;C:\WINDOWS\System32\Wbem;C:\WINDOWS\System32\WindowsPowerShell\v1.0\;C:\Program Files (x86)\Windows Kits\8.1\Windows Performance Toolkit\;C:\Program Files\Java\jdk1.8.0_121\bin;C:\Program Files\Java\jdk1.8.0_121\jre\bin;F:\gaminganywhere\bin;F:\apache-maven-3.3.9\bin;C:\Program Files (x86)\VMware\VMware Workstation;D:\Program Files (x86)\Git\cmd;d:\Program Files\OpenVPN\bin;D:\phantomjs-2.1.1-windows\bin;D:\gradle-4.4\bin;C:\Python26;D:\ProgramData\Anaconda2\Scripts;C:\Program Files\Microsoft SQL Server\130\Tools\Binn\;D:\Program Files (x86)\VMware\VMware Workstation;D:\Redis;;C:\Program Files (x86)\NVIDIA Corporation\PhysX\Common;C:\WINDOWS\system32;C:\WINDOWS;C:\WINDOWS\System32\Wbem;C:\WINDOWS\System32\WindowsPowerShell\v1.0\;C:\WINDOWS\System32\OpenSSH\;D:\Program Files\Microsoft VS Code\bin;C:\Program Files\Microsoft SQL Server\120\Tools\Binn\;C:\Users\dell\Anaconda3;C:\Users\dell\Anaconda3\Library\mingw-w64\bin;C:\Users\dell\Anaconda3\Library\usr\bin;C:\Users\dell\Anaconda3\Library\bin;C:\Users\dell\Anaconda3\Scripts;C:\Users\dell\AppData\Local\Microsoft\WindowsApps;C:\Users\dell\AppData\Local\GitHubDesktop\bin;D:\Program Files\Microsoft VS Code\bin;C:\Users\dell\AppData\Local\Microsoft\WindowsApps;.]
[08:41:20:908] [INFO] - org.apache.juli.logging.DirectJDKLog.log(DirectJDKLog.java:180) - Initializing Spring embedded WebApplicationContext
[08:41:20:908] [INFO] - org.apache.commons.logging.impl.Jdk14Logger.log(Jdk14Logger.java:87) - Root WebApplicationContext: initialization completed in 1745 ms
[08:41:21:000] [INFO] - org.apache.commons.logging.impl.Jdk14Logger.log(Jdk14Logger.java:87) - Servlet dispatcherServlet mapped to [/]
[08:41:21:005] [INFO] - org.apache.commons.logging.impl.Jdk14Logger.log(Jdk14Logger.java:87) - Mapping filter: 'characterEncodingFilter' to: [/*]
[08:41:21:006] [INFO] - org.apache.commons.logging.impl.Jdk14Logger.log(Jdk14Logger.java:87) - Mapping filter: 'hiddenHttpMethodFilter' to: [/*]
[08:41:21:006] [INFO] - org.apache.commons.logging.impl.Jdk14Logger.log(Jdk14Logger.java:87) - Mapping filter: 'httpPutFormContentFilter' to: [/*]
[08:41:21:006] [INFO] - org.apache.commons.logging.impl.Jdk14Logger.log(Jdk14Logger.java:87) - Mapping filter: 'requestContextFilter' to: [/*]
[08:41:21:523] [INFO] - org.apache.commons.logging.impl.Jdk14Logger.log(Jdk14Logger.java:87) - Looking for @ControllerAdvice: org.springframework.boot.web.servlet.context.AnnotationConfigServletWebServerApplicationContext@712625fd: startup date [Mon Aug 06 08:41:19 CST 2018]; root of context hierarchy
[08:41:21:575] [INFO] - org.apache.commons.logging.impl.Jdk14Logger.log(Jdk14Logger.java:87) - Mapped "{[/index]}" onto public java.lang.String com.letcafe.controller.DispatchController.index(org.springframework.ui.Model) throws java.lang.Exception
[08:41:21:578] [INFO] - org.apache.commons.logging.impl.Jdk14Logger.log(Jdk14Logger.java:87) - Mapped "{[/error]}" onto public org.springframework.http.ResponseEntity<java.util.Map<java.lang.String, java.lang.Object>> org.springframework.boot.autoconfigure.web.servlet.error.BasicErrorController.error(javax.servlet.http.HttpServletRequest)
[08:41:21:579] [INFO] - org.apache.commons.logging.impl.Jdk14Logger.log(Jdk14Logger.java:87) - Mapped "{[/error],produces=[text/html]}" onto public org.springframework.web.servlet.ModelAndView org.springframework.boot.autoconfigure.web.servlet.error.BasicErrorController.errorHtml(javax.servlet.http.HttpServletRequest,javax.servlet.http.HttpServletResponse)
[08:41:21:608] [INFO] - org.apache.commons.logging.impl.Jdk14Logger.log(Jdk14Logger.java:87) - Mapped URL path [/webjars/**] onto handler of type [class org.springframework.web.servlet.resource.ResourceHttpRequestHandler]
[08:41:21:608] [INFO] - org.apache.commons.logging.impl.Jdk14Logger.log(Jdk14Logger.java:87) - Mapped URL path [/**] onto handler of type [class org.springframework.web.servlet.resource.ResourceHttpRequestHandler]
[08:41:21:637] [INFO] - org.apache.commons.logging.impl.Jdk14Logger.log(Jdk14Logger.java:87) - Mapped URL path [/**/favicon.ico] onto handler of type [class org.springframework.web.servlet.resource.ResourceHttpRequestHandler]
[08:41:21:706] [INFO] - org.apache.commons.logging.impl.Jdk14Logger.log(Jdk14Logger.java:87) - Adding welcome page template: index
[08:41:21:999] [INFO] - org.apache.commons.logging.impl.Jdk14Logger.log(Jdk14Logger.java:87) - Registering beans for JMX exposure on startup
[08:41:22:001] [INFO] - org.apache.commons.logging.impl.Jdk14Logger.log(Jdk14Logger.java:87) - Bean with name 'mysqlDataSourceDevelopment' has been autodetected for JMX exposure
[08:41:22:007] [INFO] - org.apache.commons.logging.impl.Jdk14Logger.log(Jdk14Logger.java:87) - Located MBean 'mysqlDataSourceDevelopment': registering with JMX server as MBean [org.apache.commons.dbcp2:name=mysqlDataSourceDevelopment,type=BasicDataSource]
[08:41:22:017] [INFO] - org.apache.juli.logging.DirectJDKLog.log(DirectJDKLog.java:180) - Starting ProtocolHandler ["http-nio-8080"]
[08:41:22:034] [INFO] - org.apache.juli.logging.DirectJDKLog.log(DirectJDKLog.java:180) - Using a shared selector for servlet write/read
[08:41:22:060] [INFO] - org.apache.commons.logging.impl.Jdk14Logger.log(Jdk14Logger.java:87) - Tomcat started on port(s): 8080 (http) with context path ''
[08:41:22:064] [INFO] - org.apache.commons.logging.impl.Jdk14Logger.log(Jdk14Logger.java:87) - Started Application in 3.618 seconds (JVM running for 4.693)
[08:42:34:691] [INFO] - org.apache.commons.logging.impl.Jdk14Logger.log(Jdk14Logger.java:87) - Starting Application on DESKTOP-O43QJAD with PID 17640 (E:\IDEA_proj\LiveSpider\out\production\classes started by dell in E:\IDEA_proj\LiveSpider)
[08:42:34:694] [INFO] - org.apache.commons.logging.impl.Jdk14Logger.log(Jdk14Logger.java:87) - The following profiles are active: development
[08:42:34:717] [INFO] - org.apache.commons.logging.impl.Jdk14Logger.log(Jdk14Logger.java:87) - Refreshing org.springframework.boot.web.servlet.context.AnnotationConfigServletWebServerApplicationContext@7bba5817: startup date [Mon Aug 06 08:42:34 CST 2018]; root of context hierarchy
[08:42:35:110] [INFO] - org.springframework.data.repository.config.RepositoryConfigurationDelegate.multipleStoresDetected(RepositoryConfigurationDelegate.java:163) - Multiple Spring Data modules found, entering strict repository configuration mode!
[08:42:35:373] [INFO] - org.apache.commons.logging.impl.Jdk14Logger.log(Jdk14Logger.java:87) - Bean 'DBConfig' of type [com.letcafe.conf.DBConfig$$EnhancerBySpringCGLIB$$14a8aeef] is not eligible for getting processed by all BeanPostProcessors (for example: not eligible for auto-proxying)
[08:42:35:392] [INFO] - org.apache.commons.logging.impl.Jdk14Logger.log(Jdk14Logger.java:87) - Bean 'mysqlDataSourceDevelopment' of type [org.apache.commons.dbcp2.BasicDataSource] is not eligible for getting processed by all BeanPostProcessors (for example: not eligible for auto-proxying)
[08:42:35:404] [INFO] - org.apache.commons.logging.impl.Jdk14Logger.log(Jdk14Logger.java:87) - Bean 'org.springframework.boot.context.properties.ConversionServiceDeducer$Factory' of type [org.springframework.boot.context.properties.ConversionServiceDeducer$Factory] is not eligible for getting processed by all BeanPostProcessors (for example: not eligible for auto-proxying)
[08:42:35:407] [INFO] - org.apache.commons.logging.impl.Jdk14Logger.log(Jdk14Logger.java:87) - Bean 'spring.datasource-org.springframework.boot.autoconfigure.jdbc.DataSourceProperties' of type [org.springframework.boot.autoconfigure.jdbc.DataSourceProperties] is not eligible for getting processed by all BeanPostProcessors (for example: not eligible for auto-proxying)
[08:42:35:412] [INFO] - org.apache.commons.logging.impl.Jdk14Logger.log(Jdk14Logger.java:87) - Bean 'org.springframework.boot.autoconfigure.jdbc.DataSourceInitializerInvoker' of type [org.springframework.boot.autoconfigure.jdbc.DataSourceInitializerInvoker] is not eligible for getting processed by all BeanPostProcessors (for example: not eligible for auto-proxying)
[08:42:35:468] [INFO] - org.hibernate.Version.logVersion(Version.java:45) - HHH000412: Hibernate Core {5.2.12.Final}
[08:42:35:469] [INFO] - org.hibernate.cfg.Environment.<clinit>(Environment.java:213) - HHH000206: hibernate.properties not found
[08:42:35:492] [INFO] - org.hibernate.annotations.common.reflection.java.JavaReflectionManager.<clinit>(JavaReflectionManager.java:66) - HCANN000001: Hibernate Commons Annotations {5.0.1.Final}
[08:42:35:728] [INFO] - org.hibernate.dialect.Dialect.<init>(Dialect.java:157) - HHH000400: Using dialect: org.hibernate.dialect.MySQL5Dialect
[08:42:35:989] [INFO] - org.apache.commons.logging.impl.Jdk14Logger.log(Jdk14Logger.java:87) - Bean 'sessionFactory' of type [org.springframework.orm.hibernate5.LocalSessionFactoryBean] is not eligible for getting processed by all BeanPostProcessors (for example: not eligible for auto-proxying)
[08:42:35:989] [INFO] - org.apache.commons.logging.impl.Jdk14Logger.log(Jdk14Logger.java:87) - Bean 'sessionFactory' of type [org.hibernate.internal.SessionFactoryImpl] is not eligible for getting processed by all BeanPostProcessors (for example: not eligible for auto-proxying)
[08:42:35:990] [INFO] - org.apache.commons.logging.impl.Jdk14Logger.log(Jdk14Logger.java:87) - Bean 'hibernateConfig' of type [com.letcafe.conf.HibernateConfig$$EnhancerBySpringCGLIB$$5175f535] is not eligible for getting processed by all BeanPostProcessors (for example: not eligible for auto-proxying)
[08:42:35:992] [INFO] - org.apache.commons.logging.impl.Jdk14Logger.log(Jdk14Logger.java:87) - Bean 'org.springframework.transaction.annotation.ProxyTransactionManagementConfiguration' of type [org.springframework.transaction.annotation.ProxyTransactionManagementConfiguration$$EnhancerBySpringCGLIB$$927e8aa3] is not eligible for getting processed by all BeanPostProcessors (for example: not eligible for auto-proxying)
[08:42:36:167] [INFO] - org.apache.commons.logging.impl.Jdk14Logger.log(Jdk14Logger.java:87) - Tomcat initialized with port(s): 8080 (http)
[08:42:36:175] [INFO] - org.apache.juli.logging.DirectJDKLog.log(DirectJDKLog.java:180) - Initializing ProtocolHandler ["http-nio-8080"]
[08:42:36:181] [INFO] - org.apache.juli.logging.DirectJDKLog.log(DirectJDKLog.java:180) - Starting service [Tomcat]
[08:42:36:182] [INFO] - org.apache.juli.logging.DirectJDKLog.log(DirectJDKLog.java:180) - Starting Servlet Engine: Apache Tomcat/8.5.28
[08:42:36:185] [INFO] - org.apache.juli.logging.DirectJDKLog.log(DirectJDKLog.java:180) - The APR based Apache Tomcat Native library which allows optimal performance in production environments was not found on the java.library.path: [C:\Program Files\Java\jdk1.8.0_121\bin;C:\WINDOWS\Sun\Java\bin;C:\WINDOWS\system32;C:\WINDOWS;C:\ProgramData\Oracle\Java\javapath;C:\WINDOWS\system32;C:\WINDOWS;C:\WINDOWS\System32\Wbem;C:\WINDOWS\System32\WindowsPowerShell\v1.0\;C:\Program Files (x86)\Windows Kits\8.1\Windows Performance Toolkit\;C:\Program Files\Java\jdk1.8.0_121\bin;C:\Program Files\Java\jdk1.8.0_121\jre\bin;F:\gaminganywhere\bin;F:\apache-maven-3.3.9\bin;C:\Program Files (x86)\VMware\VMware Workstation;D:\Program Files (x86)\Git\cmd;d:\Program Files\OpenVPN\bin;D:\phantomjs-2.1.1-windows\bin;D:\gradle-4.4\bin;C:\Python26;D:\ProgramData\Anaconda2\Scripts;C:\Program Files\Microsoft SQL Server\130\Tools\Binn\;D:\Program Files (x86)\VMware\VMware Workstation;D:\Redis;;C:\Program Files (x86)\NVIDIA Corporation\PhysX\Common;C:\WINDOWS\system32;C:\WINDOWS;C:\WINDOWS\System32\Wbem;C:\WINDOWS\System32\WindowsPowerShell\v1.0\;C:\WINDOWS\System32\OpenSSH\;D:\Program Files\Microsoft VS Code\bin;C:\Program Files\Microsoft SQL Server\120\Tools\Binn\;C:\Users\dell\Anaconda3;C:\Users\dell\Anaconda3\Library\mingw-w64\bin;C:\Users\dell\Anaconda3\Library\usr\bin;C:\Users\dell\Anaconda3\Library\bin;C:\Users\dell\Anaconda3\Scripts;C:\Users\dell\AppData\Local\Microsoft\WindowsApps;C:\Users\dell\AppData\Local\GitHubDesktop\bin;D:\Program Files\Microsoft VS Code\bin;C:\Users\dell\AppData\Local\Microsoft\WindowsApps;.]
[08:42:36:279] [INFO] - org.apache.juli.logging.DirectJDKLog.log(DirectJDKLog.java:180) - Initializing Spring embedded WebApplicationContext
[08:42:36:280] [INFO] - org.apache.commons.logging.impl.Jdk14Logger.log(Jdk14Logger.java:87) - Root WebApplicationContext: initialization completed in 1565 ms
[08:42:36:377] [INFO] - org.apache.commons.logging.impl.Jdk14Logger.log(Jdk14Logger.java:87) - Servlet dispatcherServlet mapped to [/]
[08:42:36:380] [INFO] - org.apache.commons.logging.impl.Jdk14Logger.log(Jdk14Logger.java:87) - Mapping filter: 'characterEncodingFilter' to: [/*]
[08:42:36:381] [INFO] - org.apache.commons.logging.impl.Jdk14Logger.log(Jdk14Logger.java:87) - Mapping filter: 'hiddenHttpMethodFilter' to: [/*]
[08:42:36:381] [INFO] - org.apache.commons.logging.impl.Jdk14Logger.log(Jdk14Logger.java:87) - Mapping filter: 'httpPutFormContentFilter' to: [/*]
[08:42:36:381] [INFO] - org.apache.commons.logging.impl.Jdk14Logger.log(Jdk14Logger.java:87) - Mapping filter: 'requestContextFilter' to: [/*]
[08:42:36:833] [INFO] - org.apache.commons.logging.impl.Jdk14Logger.log(Jdk14Logger.java:87) - Looking for @ControllerAdvice: org.springframework.boot.web.servlet.context.AnnotationConfigServletWebServerApplicationContext@7bba5817: startup date [Mon Aug 06 08:42:34 CST 2018]; root of context hierarchy
[08:42:36:881] [INFO] - org.apache.commons.logging.impl.Jdk14Logger.log(Jdk14Logger.java:87) - Mapped "{[/index]}" onto public java.lang.String com.letcafe.controller.DispatchController.index(org.springframework.ui.Model) throws java.lang.Exception
[08:42:36:884] [INFO] - org.apache.commons.logging.impl.Jdk14Logger.log(Jdk14Logger.java:87) - Mapped "{[/error]}" onto public org.springframework.http.ResponseEntity<java.util.Map<java.lang.String, java.lang.Object>> org.springframework.boot.autoconfigure.web.servlet.error.BasicErrorController.error(javax.servlet.http.HttpServletRequest)
[08:42:36:885] [INFO] - org.apache.commons.logging.impl.Jdk14Logger.log(Jdk14Logger.java:87) - Mapped "{[/error],produces=[text/html]}" onto public org.springframework.web.servlet.ModelAndView org.springframework.boot.autoconfigure.web.servlet.error.BasicErrorController.errorHtml(javax.servlet.http.HttpServletRequest,javax.servlet.http.HttpServletResponse)
[08:42:36:915] [INFO] - org.apache.commons.logging.impl.Jdk14Logger.log(Jdk14Logger.java:87) - Mapped URL path [/webjars/**] onto handler of type [class org.springframework.web.servlet.resource.ResourceHttpRequestHandler]
[08:42:36:915] [INFO] - org.apache.commons.logging.impl.Jdk14Logger.log(Jdk14Logger.java:87) - Mapped URL path [/**] onto handler of type [class org.springframework.web.servlet.resource.ResourceHttpRequestHandler]
[08:42:36:945] [INFO] - org.apache.commons.logging.impl.Jdk14Logger.log(Jdk14Logger.java:87) - Mapped URL path [/**/favicon.ico] onto handler of type [class org.springframework.web.servlet.resource.ResourceHttpRequestHandler]
[08:42:37:005] [INFO] - org.apache.commons.logging.impl.Jdk14Logger.log(Jdk14Logger.java:87) - Adding welcome page template: index
[08:42:37:264] [INFO] - org.apache.commons.logging.impl.Jdk14Logger.log(Jdk14Logger.java:87) - Registering beans for JMX exposure on startup
[08:42:37:265] [INFO] - org.apache.commons.logging.impl.Jdk14Logger.log(Jdk14Logger.java:87) - Bean with name 'mysqlDataSourceDevelopment' has been autodetected for JMX exposure
[08:42:37:270] [INFO] - org.apache.commons.logging.impl.Jdk14Logger.log(Jdk14Logger.java:87) - Located MBean 'mysqlDataSourceDevelopment': registering with JMX server as MBean [org.apache.commons.dbcp2:name=mysqlDataSourceDevelopment,type=BasicDataSource]
[08:42:37:278] [INFO] - org.apache.juli.logging.DirectJDKLog.log(DirectJDKLog.java:180) - Starting ProtocolHandler ["http-nio-8080"]
[08:42:37:290] [INFO] - org.apache.juli.logging.DirectJDKLog.log(DirectJDKLog.java:180) - Using a shared selector for servlet write/read
[08:42:37:309] [INFO] - org.apache.commons.logging.impl.Jdk14Logger.log(Jdk14Logger.java:87) - Tomcat started on port(s): 8080 (http) with context path ''
[08:42:37:311] [INFO] - org.apache.commons.logging.impl.Jdk14Logger.log(Jdk14Logger.java:87) - Started Application in 3.217 seconds (JVM running for 3.996)
[08:43:13:073] [INFO] - org.apache.juli.logging.DirectJDKLog.log(DirectJDKLog.java:180) - Initializing Spring FrameworkServlet 'dispatcherServlet'
[08:43:13:074] [INFO] - org.apache.commons.logging.impl.Jdk14Logger.log(Jdk14Logger.java:87) - FrameworkServlet 'dispatcherServlet': initialization started
[08:43:13:087] [INFO] - org.apache.commons.logging.impl.Jdk14Logger.log(Jdk14Logger.java:87) - FrameworkServlet 'dispatcherServlet': initialization completed in 11 ms
[08:43:24:762] [INFO] - com.letcafe.controller.DispatchController.index(DispatchController.java:32) - bookID:7512626	bookPrice:3899.0	bookName:荣耀MagicBook 14英寸轻薄窄边框笔记本电脑（AMD锐龙5 8G 256G FHD IPS 正版Office）冰河银
[08:43:24:763] [INFO] - com.letcafe.controller.DispatchController.index(DispatchController.java:32) - bookID:7418428	bookPrice:6999.0	bookName:联想(Lenovo)拯救者Y7000 15.6英寸游戏笔记本电脑(英特尔八代酷睿i7-8750H 8G 2T+128G GTX1050Ti 黑)
[08:43:24:763] [INFO] - com.letcafe.controller.DispatchController.index(DispatchController.java:32) - bookID:6082333	bookPrice:3199.0	bookName:戴尔DELL灵越飞匣15.6英寸笔记本电脑 (i5-7200U 4G 500G M430 2G独显 FHD)黑
[08:43:24:763] [INFO] - com.letcafe.controller.DispatchController.index(DispatchController.java:32) - bookID:5512841	bookPrice:5399.0	bookName:联想(Lenovo)拯救者R720 15.6英寸大屏游戏笔记本电脑(i5-7300HQ 8G 1T+128G SSD GTX1050Ti 4G IPS 黑金)
[08:43:24:764] [INFO] - com.letcafe.controller.DispatchController.index(DispatchController.java:32) - bookID:7748348	bookPrice:5399.0	bookName:惠普（HP）战66 Pro G1 14英寸轻薄笔记本电脑（i5-8250U 8G 360G PCIe SSD 标压MX150 2G独显）银色
[08:43:24:764] [INFO] - com.letcafe.controller.DispatchController.index(DispatchController.java:32) - bookID:7632577	bookPrice:6199.0	bookName:联想(Lenovo)拯救者Y7000 15.6英寸游戏笔记本电脑(英特尔八代酷睿i5-8300H 8G 2T+128G GTX1050Ti 黑)
[08:43:24:764] [INFO] - com.letcafe.controller.DispatchController.index(DispatchController.java:32) - bookID:5225346	bookPrice:6088.0	bookName:Apple MacBook Air 13.3英寸笔记本电脑 银色(2017款Core i5 处理器/8GB内存/128GB闪存 MQD32CH/A)
[08:43:24:764] [INFO] - com.letcafe.controller.DispatchController.index(DispatchController.java:32) - bookID:6888588	bookPrice:5199.0	bookName:联想(Lenovo)小新潮7000 14英寸轻薄笔记本电脑(英特尔八代酷睿I5-8250U 8G 2T+128G R535 office2016)银
[08:43:24:764] [INFO] - com.letcafe.controller.DispatchController.index(DispatchController.java:32) - bookID:6072622	bookPrice:5699.0	bookName:联想ThinkPad 翼480（0VCD）英特尔8代酷睿14英寸轻薄窄边框笔记本电脑（i5-8250U 8G 128GSSD+500G 2G独显）
[08:43:24:765] [INFO] - com.letcafe.controller.DispatchController.index(DispatchController.java:32) - bookID:7271737	bookPrice:4899.0	bookName:荣耀MagicBook 14英寸轻薄窄边框笔记本电脑（i5-8250U 8G 256G MX150 2G独显 FHD IPS 正版Office）冰河银
[08:43:24:765] [INFO] - com.letcafe.controller.DispatchController.index(DispatchController.java:32) - bookID:5148309	bookPrice:4999.0	bookName:戴尔DELL灵越燃7000 II 14.0英寸轻薄窄边框笔记本电脑(i5-8250U 8G 128GSSD+1T MX150 2G独显 IPS)银
[08:43:24:765] [INFO] - com.letcafe.controller.DispatchController.index(DispatchController.java:32) - bookID:7275691	bookPrice:5599.0	bookName:荣耀MagicBook 14英寸轻薄窄边框笔记本电脑（i7-8550U 8G 256G MX150 2G独显 FHD IPS 正版Office）冰河银
[08:43:24:765] [INFO] - com.letcafe.controller.DispatchController.index(DispatchController.java:32) - bookID:7435282	bookPrice:5799.0	bookName:惠普（HP）暗影精灵4代 15.6英寸游戏笔记本电脑（i5-8300H 8G 128G+1TB GTX1050 2G独显 IPS FHD）
[08:43:24:766] [INFO] - com.letcafe.controller.DispatchController.index(DispatchController.java:32) - bookID:7341442	bookPrice:5599.0	bookName:戴尔DELL游匣G3 15.6英寸游戏笔记本电脑(i5-8300H 8G 128GSSD+1T GTX1050Ti 4G独显 IPS)烈焰版
[08:43:24:766] [INFO] - com.letcafe.controller.DispatchController.index(DispatchController.java:32) - bookID:4335139	bookPrice:7388.0	bookName:Apple MacBook Air 13.3英寸笔记本电脑 银色(2017款Core i5 处理器/8GB内存/256GB闪存 MQD42CH/A)
[08:43:24:766] [INFO] - com.letcafe.controller.DispatchController.index(DispatchController.java:32) - bookID:7102519	bookPrice:5899.0	bookName:联想(Lenovo)小新潮7000 2018款 14英寸轻薄笔记本电脑(英特尔八代酷睿I7-8550U 8G 2T+128G R535)极光银
[08:43:24:766] [INFO] - com.letcafe.controller.DispatchController.index(DispatchController.java:32) - bookID:5834183	bookPrice:4499.0	bookName:戴尔DELL成就5000不凡银13.3英寸商务办公超轻薄便携笔记本电脑(i5-8250U 8G 256GSSD IPS Win10)
[08:43:24:767] [INFO] - com.letcafe.controller.DispatchController.index(DispatchController.java:32) - bookID:7886481	bookPrice:5699.0	bookName:联想(Lenovo)拯救者Y7000 15.6英寸游戏笔记本电脑(英特尔八代酷睿i5-8300H 8G 2T+128G GTX1050 黑)
[08:43:24:768] [INFO] - com.letcafe.controller.DispatchController.index(DispatchController.java:32) - bookID:5148299	bookPrice:5799.0	bookName:戴尔DELL灵越燃7000 II 14.0英寸轻薄窄边框笔记本电脑(i7-8550U 8G 128GSSD+1T MX150 2G独显 IPS)银
[08:43:24:768] [INFO] - com.letcafe.controller.DispatchController.index(DispatchController.java:32) - bookID:5148275	bookPrice:4499.0	bookName:戴尔DELL灵越燃7000 II 14.0英寸轻薄窄边框笔记本电脑(i5-8250U 8G 256GSSD IPS Win10)银
[08:43:24:768] [INFO] - com.letcafe.controller.DispatchController.index(DispatchController.java:32) - bookID:7588517	bookPrice:5799.0	bookName:联想ThinkPad 耀银S2 2018（0HCD）13.3英寸轻薄笔记本电脑（i5-8250U 8G 256GSSD）
[08:43:24:768] [INFO] - com.letcafe.controller.DispatchController.index(DispatchController.java:32) - bookID:6736174	bookPrice:5999.0	bookName:华硕(ASUS) 飞行堡垒五代FX80 15.6英寸游戏笔记本电脑(i5-8300H 8G 128GSSD+1T GTX1050Ti 4G IPS)火陨红黑
[08:43:24:768] [INFO] - com.letcafe.controller.DispatchController.index(DispatchController.java:32) - bookID:5113345	bookPrice:4988.0	bookName:华硕顽石(ASUS) 电竞版FL8000UN MX150 4G大显存 15.6英寸笔记本电脑(i7-8550U 8G 128GSSD+1T FHD)星空灰
[08:43:24:769] [INFO] - com.letcafe.controller.DispatchController.index(DispatchController.java:32) - bookID:3948470	bookPrice:4499.0	bookName:联想ThinkPad E470（1RCD）英特尔7代酷睿14英寸笔记本电脑（i5-7200U 8G 500G 2G独显 Win10）黑色
[08:43:24:769] [INFO] - com.letcafe.controller.DispatchController.index(DispatchController.java:32) - bookID:4752515	bookPrice:5498.0	bookName:联想(Lenovo)小新潮7000 13.3英寸超轻薄窄边框笔记本电脑(i7-8550U 8G 256G MX150 office2016)花火银
[08:43:24:769] [INFO] - com.letcafe.controller.DispatchController.index(DispatchController.java:32) - bookID:5363894	bookPrice:4999.0	bookName:联想(Lenovo)小新潮7000 13.3英寸超轻薄窄边框笔记本电脑(i5-8250U 8G 256G MX150 office2016)花火银
[08:43:24:769] [INFO] - com.letcafe.controller.DispatchController.index(DispatchController.java:32) - bookID:6031973	bookPrice:3699.0	bookName:小米(MI) Air 12.5英寸金属超轻薄笔记本电脑(Core M-7Y30 4G 128G 全高清屏 背光键盘 Win10正版office)银
[08:43:24:769] [INFO] - com.letcafe.controller.DispatchController.index(DispatchController.java:32) - bookID:7061526	bookPrice:4899.0	bookName:荣耀MagicBook 14英寸轻薄窄边框笔记本电脑（i5-8250U 8G 256G MX150 2G独显 FHD IPS 正版Office）星空灰
[08:43:24:770] [INFO] - com.letcafe.controller.DispatchController.index(DispatchController.java:32) - bookID:6076630	bookPrice:3099.0	bookName:戴尔DELL灵越飞匣14.0英寸便携笔记本电脑(i5-7200U 4G 500G M430 2G独显 Win10)黑
[08:43:24:770] [INFO] - com.letcafe.controller.DispatchController.index(DispatchController.java:32) - bookID:3915827	bookPrice:2699.0	bookName:联想ThinkPad E475（02CD）14英寸笔记本电脑（A6-9500B 4G 500G Win10）
[08:43:30:159] [INFO] - com.letcafe.controller.DispatchController.index(DispatchController.java:32) - bookID:7512626	bookPrice:3899.0	bookName:荣耀MagicBook 14英寸轻薄窄边框笔记本电脑（AMD锐龙5 8G 256G FHD IPS 正版Office）冰河银
[08:43:30:159] [INFO] - com.letcafe.controller.DispatchController.index(DispatchController.java:32) - bookID:7418428	bookPrice:6999.0	bookName:联想(Lenovo)拯救者Y7000 15.6英寸游戏笔记本电脑(英特尔八代酷睿i7-8750H 8G 2T+128G GTX1050Ti 黑)
[08:43:30:160] [INFO] - com.letcafe.controller.DispatchController.index(DispatchController.java:32) - bookID:6082333	bookPrice:3199.0	bookName:戴尔DELL灵越飞匣15.6英寸笔记本电脑 (i5-7200U 4G 500G M430 2G独显 FHD)黑
[08:43:30:160] [INFO] - com.letcafe.controller.DispatchController.index(DispatchController.java:32) - bookID:5512841	bookPrice:5399.0	bookName:联想(Lenovo)拯救者R720 15.6英寸大屏游戏笔记本电脑(i5-7300HQ 8G 1T+128G SSD GTX1050Ti 4G IPS 黑金)
[08:43:30:160] [INFO] - com.letcafe.controller.DispatchController.index(DispatchController.java:32) - bookID:7748348	bookPrice:5399.0	bookName:惠普（HP）战66 Pro G1 14英寸轻薄笔记本电脑（i5-8250U 8G 360G PCIe SSD 标压MX150 2G独显）银色
[08:43:30:160] [INFO] - com.letcafe.controller.DispatchController.index(DispatchController.java:32) - bookID:7632577	bookPrice:6199.0	bookName:联想(Lenovo)拯救者Y7000 15.6英寸游戏笔记本电脑(英特尔八代酷睿i5-8300H 8G 2T+128G GTX1050Ti 黑)
[08:43:30:160] [INFO] - com.letcafe.controller.DispatchController.index(DispatchController.java:32) - bookID:5225346	bookPrice:6088.0	bookName:Apple MacBook Air 13.3英寸笔记本电脑 银色(2017款Core i5 处理器/8GB内存/128GB闪存 MQD32CH/A)
[08:43:30:160] [INFO] - com.letcafe.controller.DispatchController.index(DispatchController.java:32) - bookID:6888588	bookPrice:5199.0	bookName:联想(Lenovo)小新潮7000 14英寸轻薄笔记本电脑(英特尔八代酷睿I5-8250U 8G 2T+128G R535 office2016)银
[08:43:30:160] [INFO] - com.letcafe.controller.DispatchController.index(DispatchController.java:32) - bookID:6072622	bookPrice:5699.0	bookName:联想ThinkPad 翼480（0VCD）英特尔8代酷睿14英寸轻薄窄边框笔记本电脑（i5-8250U 8G 128GSSD+500G 2G独显）
[08:43:30:161] [INFO] - com.letcafe.controller.DispatchController.index(DispatchController.java:32) - bookID:7271737	bookPrice:4899.0	bookName:荣耀MagicBook 14英寸轻薄窄边框笔记本电脑（i5-8250U 8G 256G MX150 2G独显 FHD IPS 正版Office）冰河银
[08:43:30:161] [INFO] - com.letcafe.controller.DispatchController.index(DispatchController.java:32) - bookID:5148309	bookPrice:4999.0	bookName:戴尔DELL灵越燃7000 II 14.0英寸轻薄窄边框笔记本电脑(i5-8250U 8G 128GSSD+1T MX150 2G独显 IPS)银
[08:43:30:161] [INFO] - com.letcafe.controller.DispatchController.index(DispatchController.java:32) - bookID:7275691	bookPrice:5599.0	bookName:荣耀MagicBook 14英寸轻薄窄边框笔记本电脑（i7-8550U 8G 256G MX150 2G独显 FHD IPS 正版Office）冰河银
[08:43:30:161] [INFO] - com.letcafe.controller.DispatchController.index(DispatchController.java:32) - bookID:7435282	bookPrice:5799.0	bookName:惠普（HP）暗影精灵4代 15.6英寸游戏笔记本电脑（i5-8300H 8G 128G+1TB GTX1050 2G独显 IPS FHD）
[08:43:30:161] [INFO] - com.letcafe.controller.DispatchController.index(DispatchController.java:32) - bookID:7341442	bookPrice:5599.0	bookName:戴尔DELL游匣G3 15.6英寸游戏笔记本电脑(i5-8300H 8G 128GSSD+1T GTX1050Ti 4G独显 IPS)烈焰版
[08:43:30:161] [INFO] - com.letcafe.controller.DispatchController.index(DispatchController.java:32) - bookID:4335139	bookPrice:7388.0	bookName:Apple MacBook Air 13.3英寸笔记本电脑 银色(2017款Core i5 处理器/8GB内存/256GB闪存 MQD42CH/A)
[08:43:30:161] [INFO] - com.letcafe.controller.DispatchController.index(DispatchController.java:32) - bookID:7102519	bookPrice:5899.0	bookName:联想(Lenovo)小新潮7000 2018款 14英寸轻薄笔记本电脑(英特尔八代酷睿I7-8550U 8G 2T+128G R535)极光银
[08:43:30:161] [INFO] - com.letcafe.controller.DispatchController.index(DispatchController.java:32) - bookID:5834183	bookPrice:4499.0	bookName:戴尔DELL成就5000不凡银13.3英寸商务办公超轻薄便携笔记本电脑(i5-8250U 8G 256GSSD IPS Win10)
[08:43:30:162] [INFO] - com.letcafe.controller.DispatchController.index(DispatchController.java:32) - bookID:7886481	bookPrice:5699.0	bookName:联想(Lenovo)拯救者Y7000 15.6英寸游戏笔记本电脑(英特尔八代酷睿i5-8300H 8G 2T+128G GTX1050 黑)
[08:43:30:162] [INFO] - com.letcafe.controller.DispatchController.index(DispatchController.java:32) - bookID:5148299	bookPrice:5799.0	bookName:戴尔DELL灵越燃7000 II 14.0英寸轻薄窄边框笔记本电脑(i7-8550U 8G 128GSSD+1T MX150 2G独显 IPS)银
[08:43:30:162] [INFO] - com.letcafe.controller.DispatchController.index(DispatchController.java:32) - bookID:5148275	bookPrice:4499.0	bookName:戴尔DELL灵越燃7000 II 14.0英寸轻薄窄边框笔记本电脑(i5-8250U 8G 256GSSD IPS Win10)银
[08:43:30:162] [INFO] - com.letcafe.controller.DispatchController.index(DispatchController.java:32) - bookID:7588517	bookPrice:5799.0	bookName:联想ThinkPad 耀银S2 2018（0HCD）13.3英寸轻薄笔记本电脑（i5-8250U 8G 256GSSD）
[08:43:30:162] [INFO] - com.letcafe.controller.DispatchController.index(DispatchController.java:32) - bookID:6736174	bookPrice:5999.0	bookName:华硕(ASUS) 飞行堡垒五代FX80 15.6英寸游戏笔记本电脑(i5-8300H 8G 128GSSD+1T GTX1050Ti 4G IPS)火陨红黑
[08:43:30:162] [INFO] - com.letcafe.controller.DispatchController.index(DispatchController.java:32) - bookID:5113345	bookPrice:4988.0	bookName:华硕顽石(ASUS) 电竞版FL8000UN MX150 4G大显存 15.6英寸笔记本电脑(i7-8550U 8G 128GSSD+1T FHD)星空灰
[08:43:30:162] [INFO] - com.letcafe.controller.DispatchController.index(DispatchController.java:32) - bookID:3948470	bookPrice:4499.0	bookName:联想ThinkPad E470（1RCD）英特尔7代酷睿14英寸笔记本电脑（i5-7200U 8G 500G 2G独显 Win10）黑色
[08:43:30:163] [INFO] - com.letcafe.controller.DispatchController.index(DispatchController.java:32) - bookID:4752515	bookPrice:5498.0	bookName:联想(Lenovo)小新潮7000 13.3英寸超轻薄窄边框笔记本电脑(i7-8550U 8G 256G MX150 office2016)花火银
[08:43:30:163] [INFO] - com.letcafe.controller.DispatchController.index(DispatchController.java:32) - bookID:5363894	bookPrice:4999.0	bookName:联想(Lenovo)小新潮7000 13.3英寸超轻薄窄边框笔记本电脑(i5-8250U 8G 256G MX150 office2016)花火银
[08:43:30:163] [INFO] - com.letcafe.controller.DispatchController.index(DispatchController.java:32) - bookID:6031973	bookPrice:3699.0	bookName:小米(MI) Air 12.5英寸金属超轻薄笔记本电脑(Core M-7Y30 4G 128G 全高清屏 背光键盘 Win10正版office)银
[08:43:30:163] [INFO] - com.letcafe.controller.DispatchController.index(DispatchController.java:32) - bookID:7061526	bookPrice:4899.0	bookName:荣耀MagicBook 14英寸轻薄窄边框笔记本电脑（i5-8250U 8G 256G MX150 2G独显 FHD IPS 正版Office）星空灰
[08:43:30:163] [INFO] - com.letcafe.controller.DispatchController.index(DispatchController.java:32) - bookID:6076630	bookPrice:3099.0	bookName:戴尔DELL灵越飞匣14.0英寸便携笔记本电脑(i5-7200U 4G 500G M430 2G独显 Win10)黑
[08:43:30:163] [INFO] - com.letcafe.controller.DispatchController.index(DispatchController.java:32) - bookID:3915827	bookPrice:2699.0	bookName:联想ThinkPad E475（02CD）14英寸笔记本电脑（A6-9500B 4G 500G Win10）
[08:43:31:081] [INFO] - com.letcafe.controller.DispatchController.index(DispatchController.java:32) - bookID:7512626	bookPrice:3899.0	bookName:荣耀MagicBook 14英寸轻薄窄边框笔记本电脑（AMD锐龙5 8G 256G FHD IPS 正版Office）冰河银
[08:43:31:081] [INFO] - com.letcafe.controller.DispatchController.index(DispatchController.java:32) - bookID:7418428	bookPrice:6999.0	bookName:联想(Lenovo)拯救者Y7000 15.6英寸游戏笔记本电脑(英特尔八代酷睿i7-8750H 8G 2T+128G GTX1050Ti 黑)
[08:43:31:081] [INFO] - com.letcafe.controller.DispatchController.index(DispatchController.java:32) - bookID:6082333	bookPrice:3199.0	bookName:戴尔DELL灵越飞匣15.6英寸笔记本电脑 (i5-7200U 4G 500G M430 2G独显 FHD)黑
[08:43:31:081] [INFO] - com.letcafe.controller.DispatchController.index(DispatchController.java:32) - bookID:5512841	bookPrice:5399.0	bookName:联想(Lenovo)拯救者R720 15.6英寸大屏游戏笔记本电脑(i5-7300HQ 8G 1T+128G SSD GTX1050Ti 4G IPS 黑金)
[08:43:31:081] [INFO] - com.letcafe.controller.DispatchController.index(DispatchController.java:32) - bookID:7748348	bookPrice:5399.0	bookName:惠普（HP）战66 Pro G1 14英寸轻薄笔记本电脑（i5-8250U 8G 360G PCIe SSD 标压MX150 2G独显）银色
[08:43:31:082] [INFO] - com.letcafe.controller.DispatchController.index(DispatchController.java:32) - bookID:7632577	bookPrice:6199.0	bookName:联想(Lenovo)拯救者Y7000 15.6英寸游戏笔记本电脑(英特尔八代酷睿i5-8300H 8G 2T+128G GTX1050Ti 黑)
[08:43:31:082] [INFO] - com.letcafe.controller.DispatchController.index(DispatchController.java:32) - bookID:5225346	bookPrice:6088.0	bookName:Apple MacBook Air 13.3英寸笔记本电脑 银色(2017款Core i5 处理器/8GB内存/128GB闪存 MQD32CH/A)
[08:43:31:082] [INFO] - com.letcafe.controller.DispatchController.index(DispatchController.java:32) - bookID:6888588	bookPrice:5199.0	bookName:联想(Lenovo)小新潮7000 14英寸轻薄笔记本电脑(英特尔八代酷睿I5-8250U 8G 2T+128G R535 office2016)银
[08:43:31:082] [INFO] - com.letcafe.controller.DispatchController.index(DispatchController.java:32) - bookID:6072622	bookPrice:5699.0	bookName:联想ThinkPad 翼480（0VCD）英特尔8代酷睿14英寸轻薄窄边框笔记本电脑（i5-8250U 8G 128GSSD+500G 2G独显）
[08:43:31:082] [INFO] - com.letcafe.controller.DispatchController.index(DispatchController.java:32) - bookID:7271737	bookPrice:4899.0	bookName:荣耀MagicBook 14英寸轻薄窄边框笔记本电脑（i5-8250U 8G 256G MX150 2G独显 FHD IPS 正版Office）冰河银
[08:43:31:082] [INFO] - com.letcafe.controller.DispatchController.index(DispatchController.java:32) - bookID:5148309	bookPrice:4999.0	bookName:戴尔DELL灵越燃7000 II 14.0英寸轻薄窄边框笔记本电脑(i5-8250U 8G 128GSSD+1T MX150 2G独显 IPS)银
[08:43:31:082] [INFO] - com.letcafe.controller.DispatchController.index(DispatchController.java:32) - bookID:7275691	bookPrice:5599.0	bookName:荣耀MagicBook 14英寸轻薄窄边框笔记本电脑（i7-8550U 8G 256G MX150 2G独显 FHD IPS 正版Office）冰河银
[08:43:31:083] [INFO] - com.letcafe.controller.DispatchController.index(DispatchController.java:32) - bookID:7435282	bookPrice:5799.0	bookName:惠普（HP）暗影精灵4代 15.6英寸游戏笔记本电脑（i5-8300H 8G 128G+1TB GTX1050 2G独显 IPS FHD）
[08:43:31:083] [INFO] - com.letcafe.controller.DispatchController.index(DispatchController.java:32) - bookID:7341442	bookPrice:5599.0	bookName:戴尔DELL游匣G3 15.6英寸游戏笔记本电脑(i5-8300H 8G 128GSSD+1T GTX1050Ti 4G独显 IPS)烈焰版
[08:43:31:083] [INFO] - com.letcafe.controller.DispatchController.index(DispatchController.java:32) - bookID:4335139	bookPrice:7388.0	bookName:Apple MacBook Air 13.3英寸笔记本电脑 银色(2017款Core i5 处理器/8GB内存/256GB闪存 MQD42CH/A)
[08:43:31:083] [INFO] - com.letcafe.controller.DispatchController.index(DispatchController.java:32) - bookID:7102519	bookPrice:5899.0	bookName:联想(Lenovo)小新潮7000 2018款 14英寸轻薄笔记本电脑(英特尔八代酷睿I7-8550U 8G 2T+128G R535)极光银
[08:43:31:083] [INFO] - com.letcafe.controller.DispatchController.index(DispatchController.java:32) - bookID:5834183	bookPrice:4499.0	bookName:戴尔DELL成就5000不凡银13.3英寸商务办公超轻薄便携笔记本电脑(i5-8250U 8G 256GSSD IPS Win10)
[08:43:31:084] [INFO] - com.letcafe.controller.DispatchController.index(DispatchController.java:32) - bookID:7886481	bookPrice:5699.0	bookName:联想(Lenovo)拯救者Y7000 15.6英寸游戏笔记本电脑(英特尔八代酷睿i5-8300H 8G 2T+128G GTX1050 黑)
[08:43:31:084] [INFO] - com.letcafe.controller.DispatchController.index(DispatchController.java:32) - bookID:5148299	bookPrice:5799.0	bookName:戴尔DELL灵越燃7000 II 14.0英寸轻薄窄边框笔记本电脑(i7-8550U 8G 128GSSD+1T MX150 2G独显 IPS)银
[08:43:31:084] [INFO] - com.letcafe.controller.DispatchController.index(DispatchController.java:32) - bookID:5148275	bookPrice:4499.0	bookName:戴尔DELL灵越燃7000 II 14.0英寸轻薄窄边框笔记本电脑(i5-8250U 8G 256GSSD IPS Win10)银
[08:43:31:084] [INFO] - com.letcafe.controller.DispatchController.index(DispatchController.java:32) - bookID:7588517	bookPrice:5799.0	bookName:联想ThinkPad 耀银S2 2018（0HCD）13.3英寸轻薄笔记本电脑（i5-8250U 8G 256GSSD）
[08:43:31:084] [INFO] - com.letcafe.controller.DispatchController.index(DispatchController.java:32) - bookID:6736174	bookPrice:5999.0	bookName:华硕(ASUS) 飞行堡垒五代FX80 15.6英寸游戏笔记本电脑(i5-8300H 8G 128GSSD+1T GTX1050Ti 4G IPS)火陨红黑
[08:43:31:084] [INFO] - com.letcafe.controller.DispatchController.index(DispatchController.java:32) - bookID:5113345	bookPrice:4988.0	bookName:华硕顽石(ASUS) 电竞版FL8000UN MX150 4G大显存 15.6英寸笔记本电脑(i7-8550U 8G 128GSSD+1T FHD)星空灰
[08:43:31:085] [INFO] - com.letcafe.controller.DispatchController.index(DispatchController.java:32) - bookID:3948470	bookPrice:4499.0	bookName:联想ThinkPad E470（1RCD）英特尔7代酷睿14英寸笔记本电脑（i5-7200U 8G 500G 2G独显 Win10）黑色
[08:43:31:085] [INFO] - com.letcafe.controller.DispatchController.index(DispatchController.java:32) - bookID:4752515	bookPrice:5498.0	bookName:联想(Lenovo)小新潮7000 13.3英寸超轻薄窄边框笔记本电脑(i7-8550U 8G 256G MX150 office2016)花火银
[08:43:31:085] [INFO] - com.letcafe.controller.DispatchController.index(DispatchController.java:32) - bookID:5363894	bookPrice:4999.0	bookName:联想(Lenovo)小新潮7000 13.3英寸超轻薄窄边框笔记本电脑(i5-8250U 8G 256G MX150 office2016)花火银
[08:43:31:085] [INFO] - com.letcafe.controller.DispatchController.index(DispatchController.java:32) - bookID:6031973	bookPrice:3699.0	bookName:小米(MI) Air 12.5英寸金属超轻薄笔记本电脑(Core M-7Y30 4G 128G 全高清屏 背光键盘 Win10正版office)银
[08:43:31:085] [INFO] - com.letcafe.controller.DispatchController.index(DispatchController.java:32) - bookID:7061526	bookPrice:4899.0	bookName:荣耀MagicBook 14英寸轻薄窄边框笔记本电脑（i5-8250U 8G 256G MX150 2G独显 FHD IPS 正版Office）星空灰
[08:43:31:086] [INFO] - com.letcafe.controller.DispatchController.index(DispatchController.java:32) - bookID:6076630	bookPrice:3099.0	bookName:戴尔DELL灵越飞匣14.0英寸便携笔记本电脑(i5-7200U 4G 500G M430 2G独显 Win10)黑
[08:43:31:086] [INFO] - com.letcafe.controller.DispatchController.index(DispatchController.java:32) - bookID:3915827	bookPrice:2699.0	bookName:联想ThinkPad E475（02CD）14英寸笔记本电脑（A6-9500B 4G 500G Win10）
[09:07:47:379] [INFO] - com.letcafe.controller.DispatchController.index(DispatchController.java:32) - bookID:7512626	bookPrice:3899.0	bookName:荣耀MagicBook 14英寸轻薄窄边框笔记本电脑（AMD锐龙5 8G 256G FHD IPS 正版Office）冰河银
[09:07:47:379] [INFO] - com.letcafe.controller.DispatchController.index(DispatchController.java:32) - bookID:7418428	bookPrice:6999.0	bookName:联想(Lenovo)拯救者Y7000 15.6英寸游戏笔记本电脑(英特尔八代酷睿i7-8750H 8G 2T+128G GTX1050Ti 黑)
[09:07:47:379] [INFO] - com.letcafe.controller.DispatchController.index(DispatchController.java:32) - bookID:6082333	bookPrice:3199.0	bookName:戴尔DELL灵越飞匣15.6英寸笔记本电脑 (i5-7200U 4G 500G M430 2G独显 FHD)黑
[09:07:47:380] [INFO] - com.letcafe.controller.DispatchController.index(DispatchController.java:32) - bookID:5512841	bookPrice:5399.0	bookName:联想(Lenovo)拯救者R720 15.6英寸大屏游戏笔记本电脑(i5-7300HQ 8G 1T+128G SSD GTX1050Ti 4G IPS 黑金)
[09:07:47:380] [INFO] - com.letcafe.controller.DispatchController.index(DispatchController.java:32) - bookID:6072614	bookPrice:5399.0	bookName:联想ThinkPad 翼480（0UCD）14英寸轻薄窄边框笔记本电脑（i5-8250U 8G 256GSSD 2G独显 FHD IPS屏）冰原银
[09:07:47:380] [INFO] - com.letcafe.controller.DispatchController.index(DispatchController.java:32) - bookID:7632577	bookPrice:6199.0	bookName:联想(Lenovo)拯救者Y7000 15.6英寸游戏笔记本电脑(英特尔八代酷睿i5-8300H 8G 2T+128G GTX1050Ti 黑)
[09:07:47:380] [INFO] - com.letcafe.controller.DispatchController.index(DispatchController.java:32) - bookID:5225346	bookPrice:6088.0	bookName:Apple MacBook Air 13.3英寸笔记本电脑 银色(2017款Core i5 处理器/8GB内存/128GB闪存 MQD32CH/A)
[09:07:47:380] [INFO] - com.letcafe.controller.DispatchController.index(DispatchController.java:32) - bookID:6888588	bookPrice:5199.0	bookName:联想(Lenovo)小新潮7000 14英寸轻薄笔记本电脑(英特尔八代酷睿I5-8250U 8G 2T+128G R535 office2016)银
[09:07:47:380] [INFO] - com.letcafe.controller.DispatchController.index(DispatchController.java:32) - bookID:6072622	bookPrice:5699.0	bookName:联想ThinkPad 翼480（0VCD）英特尔8代酷睿14英寸轻薄窄边框笔记本电脑（i5-8250U 8G 128GSSD+500G 2G独显）
[09:07:47:380] [INFO] - com.letcafe.controller.DispatchController.index(DispatchController.java:32) - bookID:7271737	bookPrice:4899.0	bookName:荣耀MagicBook 14英寸轻薄窄边框笔记本电脑（i5-8250U 8G 256G MX150 2G独显 FHD IPS 正版Office）冰河银
[09:07:47:381] [INFO] - com.letcafe.controller.DispatchController.index(DispatchController.java:32) - bookID:5148309	bookPrice:4999.0	bookName:戴尔DELL灵越燃7000 II 14.0英寸轻薄窄边框笔记本电脑(i5-8250U 8G 128GSSD+1T MX150 2G独显 IPS)银
[09:07:47:381] [INFO] - com.letcafe.controller.DispatchController.index(DispatchController.java:32) - bookID:7275691	bookPrice:5599.0	bookName:荣耀MagicBook 14英寸轻薄窄边框笔记本电脑（i7-8550U 8G 256G MX150 2G独显 FHD IPS 正版Office）冰河银
[09:07:47:381] [INFO] - com.letcafe.controller.DispatchController.index(DispatchController.java:32) - bookID:7748348	bookPrice:5399.0	bookName:惠普（HP）战66 Pro G1 14英寸轻薄笔记本电脑（i5-8250U 8G 360G PCIe SSD 标压MX150 2G独显）银色
[09:07:47:381] [INFO] - com.letcafe.controller.DispatchController.index(DispatchController.java:32) - bookID:7341442	bookPrice:5599.0	bookName:戴尔DELL游匣G3 15.6英寸游戏笔记本电脑(i5-8300H 8G 128GSSD+1T GTX1050Ti 4G独显 IPS)烈焰版
[09:07:47:381] [INFO] - com.letcafe.controller.DispatchController.index(DispatchController.java:32) - bookID:7102519	bookPrice:5899.0	bookName:联想(Lenovo)小新潮7000 2018款 14英寸轻薄笔记本电脑(英特尔八代酷睿I7-8550U 8G 2T+128G R535)极光银
[09:07:47:381] [INFO] - com.letcafe.controller.DispatchController.index(DispatchController.java:32) - bookID:4335139	bookPrice:7388.0	bookName:Apple MacBook Air 13.3英寸笔记本电脑 银色(2017款Core i5 处理器/8GB内存/256GB闪存 MQD42CH/A)
[09:07:47:381] [INFO] - com.letcafe.controller.DispatchController.index(DispatchController.java:32) - bookID:7886481	bookPrice:5699.0	bookName:联想(Lenovo)拯救者Y7000 15.6英寸游戏笔记本电脑(英特尔八代酷睿i5-8300H 8G 2T+128G GTX1050 黑)
[09:07:47:381] [INFO] - com.letcafe.controller.DispatchController.index(DispatchController.java:32) - bookID:5148299	bookPrice:5799.0	bookName:戴尔DELL灵越燃7000 II 14.0英寸轻薄窄边框笔记本电脑(i7-8550U 8G 128GSSD+1T MX150 2G独显 IPS)银
[09:07:47:382] [INFO] - com.letcafe.controller.DispatchController.index(DispatchController.java:32) - bookID:5834183	bookPrice:4499.0	bookName:戴尔DELL成就5000不凡银13.3英寸商务办公超轻薄便携笔记本电脑(i5-8250U 8G 256GSSD IPS Win10)
[09:07:47:382] [INFO] - com.letcafe.controller.DispatchController.index(DispatchController.java:32) - bookID:5148275	bookPrice:4499.0	bookName:戴尔DELL灵越燃7000 II 14.0英寸轻薄窄边框笔记本电脑(i5-8250U 8G 256GSSD IPS Win10)银
[09:07:47:382] [INFO] - com.letcafe.controller.DispatchController.index(DispatchController.java:32) - bookID:7435282	bookPrice:5799.0	bookName:惠普（HP）暗影精灵4代 15.6英寸游戏笔记本电脑（i5-8300H 8G 128G+1TB GTX1050 2G独显 IPS FHD）
[09:07:47:382] [INFO] - com.letcafe.controller.DispatchController.index(DispatchController.java:32) - bookID:6736174	bookPrice:5999.0	bookName:华硕(ASUS) 飞行堡垒五代FX80 15.6英寸游戏笔记本电脑(i5-8300H 8G 128GSSD+1T GTX1050Ti 4G IPS)火陨红黑
[09:07:47:382] [INFO] - com.letcafe.controller.DispatchController.index(DispatchController.java:32) - bookID:5113345	bookPrice:4988.0	bookName:华硕顽石(ASUS) 电竞版FL8000UN MX150 4G大显存 15.6英寸笔记本电脑(i7-8550U 8G 128GSSD+1T FHD)星空灰
[09:07:47:382] [INFO] - com.letcafe.controller.DispatchController.index(DispatchController.java:32) - bookID:3948470	bookPrice:4499.0	bookName:联想ThinkPad E470（1RCD）英特尔7代酷睿14英寸笔记本电脑（i5-7200U 8G 500G 2G独显 Win10）黑色
[09:07:47:382] [INFO] - com.letcafe.controller.DispatchController.index(DispatchController.java:32) - bookID:4752515	bookPrice:5498.0	bookName:联想(Lenovo)小新潮7000 13.3英寸超轻薄窄边框笔记本电脑(i7-8550U 8G 256G MX150 office2016)花火银
[09:07:47:383] [INFO] - com.letcafe.controller.DispatchController.index(DispatchController.java:32) - bookID:5363894	bookPrice:4999.0	bookName:联想(Lenovo)小新潮7000 13.3英寸超轻薄窄边框笔记本电脑(i5-8250U 8G 256G MX150 office2016)花火银
[09:07:47:383] [INFO] - com.letcafe.controller.DispatchController.index(DispatchController.java:32) - bookID:6031973	bookPrice:3699.0	bookName:小米(MI) Air 12.5英寸金属超轻薄笔记本电脑(Core M-7Y30 4G 128G 全高清屏 背光键盘 Win10正版office)银
[09:07:47:383] [INFO] - com.letcafe.controller.DispatchController.index(DispatchController.java:32) - bookID:7061526	bookPrice:4899.0	bookName:荣耀MagicBook 14英寸轻薄窄边框笔记本电脑（i5-8250U 8G 256G MX150 2G独显 FHD IPS 正版Office）星空灰
[09:07:47:383] [INFO] - com.letcafe.controller.DispatchController.index(DispatchController.java:32) - bookID:5533666	bookPrice:2299.0	bookName:戴尔（DELL）Latitude 3580 15.6英寸商用笔记本(Cel 3865U 4G 500G HD Win10H 1年上门)
[09:07:47:383] [INFO] - com.letcafe.controller.DispatchController.index(DispatchController.java:32) - bookID:6076630	bookPrice:3099.0	bookName:戴尔DELL灵越飞匣14.0英寸便携笔记本电脑(i5-7200U 4G 500G M430 2G独显 Win10)黑
[09:07:49:433] [INFO] - com.letcafe.controller.DispatchController.index(DispatchController.java:32) - bookID:7512626	bookPrice:3899.0	bookName:荣耀MagicBook 14英寸轻薄窄边框笔记本电脑（AMD锐龙5 8G 256G FHD IPS 正版Office）冰河银
[09:07:49:434] [INFO] - com.letcafe.controller.DispatchController.index(DispatchController.java:32) - bookID:7418428	bookPrice:6999.0	bookName:联想(Lenovo)拯救者Y7000 15.6英寸游戏笔记本电脑(英特尔八代酷睿i7-8750H 8G 2T+128G GTX1050Ti 黑)
[09:07:49:434] [INFO] - com.letcafe.controller.DispatchController.index(DispatchController.java:32) - bookID:6082333	bookPrice:3199.0	bookName:戴尔DELL灵越飞匣15.6英寸笔记本电脑 (i5-7200U 4G 500G M430 2G独显 FHD)黑
[09:07:49:434] [INFO] - com.letcafe.controller.DispatchController.index(DispatchController.java:32) - bookID:5512841	bookPrice:5399.0	bookName:联想(Lenovo)拯救者R720 15.6英寸大屏游戏笔记本电脑(i5-7300HQ 8G 1T+128G SSD GTX1050Ti 4G IPS 黑金)
[09:07:49:434] [INFO] - com.letcafe.controller.DispatchController.index(DispatchController.java:32) - bookID:6072614	bookPrice:5399.0	bookName:联想ThinkPad 翼480（0UCD）14英寸轻薄窄边框笔记本电脑（i5-8250U 8G 256GSSD 2G独显 FHD IPS屏）冰原银
[09:07:49:434] [INFO] - com.letcafe.controller.DispatchController.index(DispatchController.java:32) - bookID:7632577	bookPrice:6199.0	bookName:联想(Lenovo)拯救者Y7000 15.6英寸游戏笔记本电脑(英特尔八代酷睿i5-8300H 8G 2T+128G GTX1050Ti 黑)
[09:07:49:434] [INFO] - com.letcafe.controller.DispatchController.index(DispatchController.java:32) - bookID:5225346	bookPrice:6088.0	bookName:Apple MacBook Air 13.3英寸笔记本电脑 银色(2017款Core i5 处理器/8GB内存/128GB闪存 MQD32CH/A)
[09:07:49:434] [INFO] - com.letcafe.controller.DispatchController.index(DispatchController.java:32) - bookID:6888588	bookPrice:5199.0	bookName:联想(Lenovo)小新潮7000 14英寸轻薄笔记本电脑(英特尔八代酷睿I5-8250U 8G 2T+128G R535 office2016)银
[09:07:49:435] [INFO] - com.letcafe.controller.DispatchController.index(DispatchController.java:32) - bookID:6072622	bookPrice:5699.0	bookName:联想ThinkPad 翼480（0VCD）英特尔8代酷睿14英寸轻薄窄边框笔记本电脑（i5-8250U 8G 128GSSD+500G 2G独显）
[09:07:49:435] [INFO] - com.letcafe.controller.DispatchController.index(DispatchController.java:32) - bookID:7271737	bookPrice:4899.0	bookName:荣耀MagicBook 14英寸轻薄窄边框笔记本电脑（i5-8250U 8G 256G MX150 2G独显 FHD IPS 正版Office）冰河银
[09:07:49:435] [INFO] - com.letcafe.controller.DispatchController.index(DispatchController.java:32) - bookID:5148309	bookPrice:4999.0	bookName:戴尔DELL灵越燃7000 II 14.0英寸轻薄窄边框笔记本电脑(i5-8250U 8G 128GSSD+1T MX150 2G独显 IPS)银
[09:07:49:435] [INFO] - com.letcafe.controller.DispatchController.index(DispatchController.java:32) - bookID:7275691	bookPrice:5599.0	bookName:荣耀MagicBook 14英寸轻薄窄边框笔记本电脑（i7-8550U 8G 256G MX150 2G独显 FHD IPS 正版Office）冰河银
[09:07:49:435] [INFO] - com.letcafe.controller.DispatchController.index(DispatchController.java:32) - bookID:7748348	bookPrice:5399.0	bookName:惠普（HP）战66 Pro G1 14英寸轻薄笔记本电脑（i5-8250U 8G 360G PCIe SSD 标压MX150 2G独显）银色
[09:07:49:435] [INFO] - com.letcafe.controller.DispatchController.index(DispatchController.java:32) - bookID:7341442	bookPrice:5599.0	bookName:戴尔DELL游匣G3 15.6英寸游戏笔记本电脑(i5-8300H 8G 128GSSD+1T GTX1050Ti 4G独显 IPS)烈焰版
[09:07:49:435] [INFO] - com.letcafe.controller.DispatchController.index(DispatchController.java:32) - bookID:7102519	bookPrice:5899.0	bookName:联想(Lenovo)小新潮7000 2018款 14英寸轻薄笔记本电脑(英特尔八代酷睿I7-8550U 8G 2T+128G R535)极光银
[09:07:49:435] [INFO] - com.letcafe.controller.DispatchController.index(DispatchController.java:32) - bookID:4335139	bookPrice:7388.0	bookName:Apple MacBook Air 13.3英寸笔记本电脑 银色(2017款Core i5 处理器/8GB内存/256GB闪存 MQD42CH/A)
[09:07:49:436] [INFO] - com.letcafe.controller.DispatchController.index(DispatchController.java:32) - bookID:7886481	bookPrice:5699.0	bookName:联想(Lenovo)拯救者Y7000 15.6英寸游戏笔记本电脑(英特尔八代酷睿i5-8300H 8G 2T+128G GTX1050 黑)
[09:07:49:436] [INFO] - com.letcafe.controller.DispatchController.index(DispatchController.java:32) - bookID:5148299	bookPrice:5799.0	bookName:戴尔DELL灵越燃7000 II 14.0英寸轻薄窄边框笔记本电脑(i7-8550U 8G 128GSSD+1T MX150 2G独显 IPS)银
[09:07:49:436] [INFO] - com.letcafe.controller.DispatchController.index(DispatchController.java:32) - bookID:5834183	bookPrice:4499.0	bookName:戴尔DELL成就5000不凡银13.3英寸商务办公超轻薄便携笔记本电脑(i5-8250U 8G 256GSSD IPS Win10)
[09:07:49:436] [INFO] - com.letcafe.controller.DispatchController.index(DispatchController.java:32) - bookID:5148275	bookPrice:4499.0	bookName:戴尔DELL灵越燃7000 II 14.0英寸轻薄窄边框笔记本电脑(i5-8250U 8G 256GSSD IPS Win10)银
[09:07:49:436] [INFO] - com.letcafe.controller.DispatchController.index(DispatchController.java:32) - bookID:7435282	bookPrice:5799.0	bookName:惠普（HP）暗影精灵4代 15.6英寸游戏笔记本电脑（i5-8300H 8G 128G+1TB GTX1050 2G独显 IPS FHD）
[09:07:49:436] [INFO] - com.letcafe.controller.DispatchController.index(DispatchController.java:32) - bookID:6736174	bookPrice:5999.0	bookName:华硕(ASUS) 飞行堡垒五代FX80 15.6英寸游戏笔记本电脑(i5-8300H 8G 128GSSD+1T GTX1050Ti 4G IPS)火陨红黑
[09:07:49:437] [INFO] - com.letcafe.controller.DispatchController.index(DispatchController.java:32) - bookID:5113345	bookPrice:4988.0	bookName:华硕顽石(ASUS) 电竞版FL8000UN MX150 4G大显存 15.6英寸笔记本电脑(i7-8550U 8G 128GSSD+1T FHD)星空灰
[09:07:49:437] [INFO] - com.letcafe.controller.DispatchController.index(DispatchController.java:32) - bookID:3948470	bookPrice:4499.0	bookName:联想ThinkPad E470（1RCD）英特尔7代酷睿14英寸笔记本电脑（i5-7200U 8G 500G 2G独显 Win10）黑色
[09:07:49:437] [INFO] - com.letcafe.controller.DispatchController.index(DispatchController.java:32) - bookID:4752515	bookPrice:5498.0	bookName:联想(Lenovo)小新潮7000 13.3英寸超轻薄窄边框笔记本电脑(i7-8550U 8G 256G MX150 office2016)花火银
[09:07:49:437] [INFO] - com.letcafe.controller.DispatchController.index(DispatchController.java:32) - bookID:5363894	bookPrice:4999.0	bookName:联想(Lenovo)小新潮7000 13.3英寸超轻薄窄边框笔记本电脑(i5-8250U 8G 256G MX150 office2016)花火银
[09:07:49:437] [INFO] - com.letcafe.controller.DispatchController.index(DispatchController.java:32) - bookID:6031973	bookPrice:3699.0	bookName:小米(MI) Air 12.5英寸金属超轻薄笔记本电脑(Core M-7Y30 4G 128G 全高清屏 背光键盘 Win10正版office)银
[09:07:49:437] [INFO] - com.letcafe.controller.DispatchController.index(DispatchController.java:32) - bookID:7061526	bookPrice:4899.0	bookName:荣耀MagicBook 14英寸轻薄窄边框笔记本电脑（i5-8250U 8G 256G MX150 2G独显 FHD IPS 正版Office）星空灰
[09:07:49:437] [INFO] - com.letcafe.controller.DispatchController.index(DispatchController.java:32) - bookID:5533666	bookPrice:2299.0	bookName:戴尔（DELL）Latitude 3580 15.6英寸商用笔记本(Cel 3865U 4G 500G HD Win10H 1年上门)
[09:07:49:437] [INFO] - com.letcafe.controller.DispatchController.index(DispatchController.java:32) - bookID:6076630	bookPrice:3099.0	bookName:戴尔DELL灵越飞匣14.0英寸便携笔记本电脑(i5-7200U 4G 500G M430 2G独显 Win10)黑
[09:07:50:098] [INFO] - com.letcafe.controller.DispatchController.index(DispatchController.java:32) - bookID:7512626	bookPrice:3899.0	bookName:荣耀MagicBook 14英寸轻薄窄边框笔记本电脑（AMD锐龙5 8G 256G FHD IPS 正版Office）冰河银
[09:07:50:098] [INFO] - com.letcafe.controller.DispatchController.index(DispatchController.java:32) - bookID:7418428	bookPrice:6999.0	bookName:联想(Lenovo)拯救者Y7000 15.6英寸游戏笔记本电脑(英特尔八代酷睿i7-8750H 8G 2T+128G GTX1050Ti 黑)
[09:07:50:098] [INFO] - com.letcafe.controller.DispatchController.index(DispatchController.java:32) - bookID:6082333	bookPrice:3199.0	bookName:戴尔DELL灵越飞匣15.6英寸笔记本电脑 (i5-7200U 4G 500G M430 2G独显 FHD)黑
[09:07:50:098] [INFO] - com.letcafe.controller.DispatchController.index(DispatchController.java:32) - bookID:5512841	bookPrice:5399.0	bookName:联想(Lenovo)拯救者R720 15.6英寸大屏游戏笔记本电脑(i5-7300HQ 8G 1T+128G SSD GTX1050Ti 4G IPS 黑金)
[09:07:50:099] [INFO] - com.letcafe.controller.DispatchController.index(DispatchController.java:32) - bookID:6072614	bookPrice:5399.0	bookName:联想ThinkPad 翼480（0UCD）14英寸轻薄窄边框笔记本电脑（i5-8250U 8G 256GSSD 2G独显 FHD IPS屏）冰原银
[09:07:50:100] [INFO] - com.letcafe.controller.DispatchController.index(DispatchController.java:32) - bookID:7632577	bookPrice:6199.0	bookName:联想(Lenovo)拯救者Y7000 15.6英寸游戏笔记本电脑(英特尔八代酷睿i5-8300H 8G 2T+128G GTX1050Ti 黑)
[09:07:50:100] [INFO] - com.letcafe.controller.DispatchController.index(DispatchController.java:32) - bookID:5225346	bookPrice:6088.0	bookName:Apple MacBook Air 13.3英寸笔记本电脑 银色(2017款Core i5 处理器/8GB内存/128GB闪存 MQD32CH/A)
[09:07:50:100] [INFO] - com.letcafe.controller.DispatchController.index(DispatchController.java:32) - bookID:6888588	bookPrice:5199.0	bookName:联想(Lenovo)小新潮7000 14英寸轻薄笔记本电脑(英特尔八代酷睿I5-8250U 8G 2T+128G R535 office2016)银
[09:07:50:100] [INFO] - com.letcafe.controller.DispatchController.index(DispatchController.java:32) - bookID:6072622	bookPrice:5699.0	bookName:联想ThinkPad 翼480（0VCD）英特尔8代酷睿14英寸轻薄窄边框笔记本电脑（i5-8250U 8G 128GSSD+500G 2G独显）
[09:07:50:100] [INFO] - com.letcafe.controller.DispatchController.index(DispatchController.java:32) - bookID:7271737	bookPrice:4899.0	bookName:荣耀MagicBook 14英寸轻薄窄边框笔记本电脑（i5-8250U 8G 256G MX150 2G独显 FHD IPS 正版Office）冰河银
[09:07:50:101] [INFO] - com.letcafe.controller.DispatchController.index(DispatchController.java:32) - bookID:5148309	bookPrice:4999.0	bookName:戴尔DELL灵越燃7000 II 14.0英寸轻薄窄边框笔记本电脑(i5-8250U 8G 128GSSD+1T MX150 2G独显 IPS)银
[09:07:50:101] [INFO] - com.letcafe.controller.DispatchController.index(DispatchController.java:32) - bookID:7275691	bookPrice:5599.0	bookName:荣耀MagicBook 14英寸轻薄窄边框笔记本电脑（i7-8550U 8G 256G MX150 2G独显 FHD IPS 正版Office）冰河银
[09:07:50:101] [INFO] - com.letcafe.controller.DispatchController.index(DispatchController.java:32) - bookID:7748348	bookPrice:5399.0	bookName:惠普（HP）战66 Pro G1 14英寸轻薄笔记本电脑（i5-8250U 8G 360G PCIe SSD 标压MX150 2G独显）银色
[09:07:50:101] [INFO] - com.letcafe.controller.DispatchController.index(DispatchController.java:32) - bookID:7341442	bookPrice:5599.0	bookName:戴尔DELL游匣G3 15.6英寸游戏笔记本电脑(i5-8300H 8G 128GSSD+1T GTX1050Ti 4G独显 IPS)烈焰版
[09:07:50:101] [INFO] - com.letcafe.controller.DispatchController.index(DispatchController.java:32) - bookID:7102519	bookPrice:5899.0	bookName:联想(Lenovo)小新潮7000 2018款 14英寸轻薄笔记本电脑(英特尔八代酷睿I7-8550U 8G 2T+128G R535)极光银
[09:07:50:101] [INFO] - com.letcafe.controller.DispatchController.index(DispatchController.java:32) - bookID:4335139	bookPrice:7388.0	bookName:Apple MacBook Air 13.3英寸笔记本电脑 银色(2017款Core i5 处理器/8GB内存/256GB闪存 MQD42CH/A)
[09:07:50:101] [INFO] - com.letcafe.controller.DispatchController.index(DispatchController.java:32) - bookID:7886481	bookPrice:5699.0	bookName:联想(Lenovo)拯救者Y7000 15.6英寸游戏笔记本电脑(英特尔八代酷睿i5-8300H 8G 2T+128G GTX1050 黑)
[09:07:50:101] [INFO] - com.letcafe.controller.DispatchController.index(DispatchController.java:32) - bookID:5148299	bookPrice:5799.0	bookName:戴尔DELL灵越燃7000 II 14.0英寸轻薄窄边框笔记本电脑(i7-8550U 8G 128GSSD+1T MX150 2G独显 IPS)银
[09:07:50:102] [INFO] - com.letcafe.controller.DispatchController.index(DispatchController.java:32) - bookID:5834183	bookPrice:4499.0	bookName:戴尔DELL成就5000不凡银13.3英寸商务办公超轻薄便携笔记本电脑(i5-8250U 8G 256GSSD IPS Win10)
[09:07:50:102] [INFO] - com.letcafe.controller.DispatchController.index(DispatchController.java:32) - bookID:5148275	bookPrice:4499.0	bookName:戴尔DELL灵越燃7000 II 14.0英寸轻薄窄边框笔记本电脑(i5-8250U 8G 256GSSD IPS Win10)银
[09:07:50:102] [INFO] - com.letcafe.controller.DispatchController.index(DispatchController.java:32) - bookID:7435282	bookPrice:5799.0	bookName:惠普（HP）暗影精灵4代 15.6英寸游戏笔记本电脑（i5-8300H 8G 128G+1TB GTX1050 2G独显 IPS FHD）
[09:07:50:102] [INFO] - com.letcafe.controller.DispatchController.index(DispatchController.java:32) - bookID:6736174	bookPrice:5999.0	bookName:华硕(ASUS) 飞行堡垒五代FX80 15.6英寸游戏笔记本电脑(i5-8300H 8G 128GSSD+1T GTX1050Ti 4G IPS)火陨红黑
[09:07:50:102] [INFO] - com.letcafe.controller.DispatchController.index(DispatchController.java:32) - bookID:5113345	bookPrice:4988.0	bookName:华硕顽石(ASUS) 电竞版FL8000UN MX150 4G大显存 15.6英寸笔记本电脑(i7-8550U 8G 128GSSD+1T FHD)星空灰
[09:07:50:102] [INFO] - com.letcafe.controller.DispatchController.index(DispatchController.java:32) - bookID:3948470	bookPrice:4499.0	bookName:联想ThinkPad E470（1RCD）英特尔7代酷睿14英寸笔记本电脑（i5-7200U 8G 500G 2G独显 Win10）黑色
[09:07:50:102] [INFO] - com.letcafe.controller.DispatchController.index(DispatchController.java:32) - bookID:4752515	bookPrice:5498.0	bookName:联想(Lenovo)小新潮7000 13.3英寸超轻薄窄边框笔记本电脑(i7-8550U 8G 256G MX150 office2016)花火银
[09:07:50:102] [INFO] - com.letcafe.controller.DispatchController.index(DispatchController.java:32) - bookID:5363894	bookPrice:4999.0	bookName:联想(Lenovo)小新潮7000 13.3英寸超轻薄窄边框笔记本电脑(i5-8250U 8G 256G MX150 office2016)花火银
[09:07:50:102] [INFO] - com.letcafe.controller.DispatchController.index(DispatchController.java:32) - bookID:6031973	bookPrice:3699.0	bookName:小米(MI) Air 12.5英寸金属超轻薄笔记本电脑(Core M-7Y30 4G 128G 全高清屏 背光键盘 Win10正版office)银
[09:07:50:103] [INFO] - com.letcafe.controller.DispatchController.index(DispatchController.java:32) - bookID:7061526	bookPrice:4899.0	bookName:荣耀MagicBook 14英寸轻薄窄边框笔记本电脑（i5-8250U 8G 256G MX150 2G独显 FHD IPS 正版Office）星空灰
[09:07:50:103] [INFO] - com.letcafe.controller.DispatchController.index(DispatchController.java:32) - bookID:5533666	bookPrice:2299.0	bookName:戴尔（DELL）Latitude 3580 15.6英寸商用笔记本(Cel 3865U 4G 500G HD Win10H 1年上门)
[09:07:50:103] [INFO] - com.letcafe.controller.DispatchController.index(DispatchController.java:32) - bookID:6076630	bookPrice:3099.0	bookName:戴尔DELL灵越飞匣14.0英寸便携笔记本电脑(i5-7200U 4G 500G M430 2G独显 Win10)黑
[09:07:50:593] [INFO] - com.letcafe.controller.DispatchController.index(DispatchController.java:32) - bookID:7512626	bookPrice:3899.0	bookName:荣耀MagicBook 14英寸轻薄窄边框笔记本电脑（AMD锐龙5 8G 256G FHD IPS 正版Office）冰河银
[09:07:50:593] [INFO] - com.letcafe.controller.DispatchController.index(DispatchController.java:32) - bookID:7418428	bookPrice:6999.0	bookName:联想(Lenovo)拯救者Y7000 15.6英寸游戏笔记本电脑(英特尔八代酷睿i7-8750H 8G 2T+128G GTX1050Ti 黑)
[09:07:50:593] [INFO] - com.letcafe.controller.DispatchController.index(DispatchController.java:32) - bookID:6082333	bookPrice:3199.0	bookName:戴尔DELL灵越飞匣15.6英寸笔记本电脑 (i5-7200U 4G 500G M430 2G独显 FHD)黑
[09:07:50:594] [INFO] - com.letcafe.controller.DispatchController.index(DispatchController.java:32) - bookID:5512841	bookPrice:5399.0	bookName:联想(Lenovo)拯救者R720 15.6英寸大屏游戏笔记本电脑(i5-7300HQ 8G 1T+128G SSD GTX1050Ti 4G IPS 黑金)
[09:07:50:594] [INFO] - com.letcafe.controller.DispatchController.index(DispatchController.java:32) - bookID:6072614	bookPrice:5399.0	bookName:联想ThinkPad 翼480（0UCD）14英寸轻薄窄边框笔记本电脑（i5-8250U 8G 256GSSD 2G独显 FHD IPS屏）冰原银
[09:07:50:594] [INFO] - com.letcafe.controller.DispatchController.index(DispatchController.java:32) - bookID:7632577	bookPrice:6199.0	bookName:联想(Lenovo)拯救者Y7000 15.6英寸游戏笔记本电脑(英特尔八代酷睿i5-8300H 8G 2T+128G GTX1050Ti 黑)
[09:07:50:594] [INFO] - com.letcafe.controller.DispatchController.index(DispatchController.java:32) - bookID:5225346	bookPrice:6088.0	bookName:Apple MacBook Air 13.3英寸笔记本电脑 银色(2017款Core i5 处理器/8GB内存/128GB闪存 MQD32CH/A)
[09:07:50:594] [INFO] - com.letcafe.controller.DispatchController.index(DispatchController.java:32) - bookID:6888588	bookPrice:5199.0	bookName:联想(Lenovo)小新潮7000 14英寸轻薄笔记本电脑(英特尔八代酷睿I5-8250U 8G 2T+128G R535 office2016)银
[09:07:50:594] [INFO] - com.letcafe.controller.DispatchController.index(DispatchController.java:32) - bookID:6072622	bookPrice:5699.0	bookName:联想ThinkPad 翼480（0VCD）英特尔8代酷睿14英寸轻薄窄边框笔记本电脑（i5-8250U 8G 128GSSD+500G 2G独显）
[09:07:50:594] [INFO] - com.letcafe.controller.DispatchController.index(DispatchController.java:32) - bookID:7271737	bookPrice:4899.0	bookName:荣耀MagicBook 14英寸轻薄窄边框笔记本电脑（i5-8250U 8G 256G MX150 2G独显 FHD IPS 正版Office）冰河银
[09:07:50:594] [INFO] - com.letcafe.controller.DispatchController.index(DispatchController.java:32) - bookID:5148309	bookPrice:4999.0	bookName:戴尔DELL灵越燃7000 II 14.0英寸轻薄窄边框笔记本电脑(i5-8250U 8G 128GSSD+1T MX150 2G独显 IPS)银
[09:07:50:595] [INFO] - com.letcafe.controller.DispatchController.index(DispatchController.java:32) - bookID:7275691	bookPrice:5599.0	bookName:荣耀MagicBook 14英寸轻薄窄边框笔记本电脑（i7-8550U 8G 256G MX150 2G独显 FHD IPS 正版Office）冰河银
[09:07:50:595] [INFO] - com.letcafe.controller.DispatchController.index(DispatchController.java:32) - bookID:7748348	bookPrice:5399.0	bookName:惠普（HP）战66 Pro G1 14英寸轻薄笔记本电脑（i5-8250U 8G 360G PCIe SSD 标压MX150 2G独显）银色
[09:07:50:595] [INFO] - com.letcafe.controller.DispatchController.index(DispatchController.java:32) - bookID:7341442	bookPrice:5599.0	bookName:戴尔DELL游匣G3 15.6英寸游戏笔记本电脑(i5-8300H 8G 128GSSD+1T GTX1050Ti 4G独显 IPS)烈焰版
[09:07:50:595] [INFO] - com.letcafe.controller.DispatchController.index(DispatchController.java:32) - bookID:7102519	bookPrice:5899.0	bookName:联想(Lenovo)小新潮7000 2018款 14英寸轻薄笔记本电脑(英特尔八代酷睿I7-8550U 8G 2T+128G R535)极光银
[09:07:50:595] [INFO] - com.letcafe.controller.DispatchController.index(DispatchController.java:32) - bookID:4335139	bookPrice:7388.0	bookName:Apple MacBook Air 13.3英寸笔记本电脑 银色(2017款Core i5 处理器/8GB内存/256GB闪存 MQD42CH/A)
[09:07:50:595] [INFO] - com.letcafe.controller.DispatchController.index(DispatchController.java:32) - bookID:7886481	bookPrice:5699.0	bookName:联想(Lenovo)拯救者Y7000 15.6英寸游戏笔记本电脑(英特尔八代酷睿i5-8300H 8G 2T+128G GTX1050 黑)
[09:07:50:595] [INFO] - com.letcafe.controller.DispatchController.index(DispatchController.java:32) - bookID:5148299	bookPrice:5799.0	bookName:戴尔DELL灵越燃7000 II 14.0英寸轻薄窄边框笔记本电脑(i7-8550U 8G 128GSSD+1T MX150 2G独显 IPS)银
[09:07:50:598] [INFO] - com.letcafe.controller.DispatchController.index(DispatchController.java:32) - bookID:5834183	bookPrice:4499.0	bookName:戴尔DELL成就5000不凡银13.3英寸商务办公超轻薄便携笔记本电脑(i5-8250U 8G 256GSSD IPS Win10)
[09:07:50:598] [INFO] - com.letcafe.controller.DispatchController.index(DispatchController.java:32) - bookID:5148275	bookPrice:4499.0	bookName:戴尔DELL灵越燃7000 II 14.0英寸轻薄窄边框笔记本电脑(i5-8250U 8G 256GSSD IPS Win10)银
[09:07:50:598] [INFO] - com.letcafe.controller.DispatchController.index(DispatchController.java:32) - bookID:7435282	bookPrice:5799.0	bookName:惠普（HP）暗影精灵4代 15.6英寸游戏笔记本电脑（i5-8300H 8G 128G+1TB GTX1050 2G独显 IPS FHD）
[09:07:50:598] [INFO] - com.letcafe.controller.DispatchController.index(DispatchController.java:32) - bookID:6736174	bookPrice:5999.0	bookName:华硕(ASUS) 飞行堡垒五代FX80 15.6英寸游戏笔记本电脑(i5-8300H 8G 128GSSD+1T GTX1050Ti 4G IPS)火陨红黑
[09:07:50:598] [INFO] - com.letcafe.controller.DispatchController.index(DispatchController.java:32) - bookID:5113345	bookPrice:4988.0	bookName:华硕顽石(ASUS) 电竞版FL8000UN MX150 4G大显存 15.6英寸笔记本电脑(i7-8550U 8G 128GSSD+1T FHD)星空灰
[09:07:50:598] [INFO] - com.letcafe.controller.DispatchController.index(DispatchController.java:32) - bookID:3948470	bookPrice:4499.0	bookName:联想ThinkPad E470（1RCD）英特尔7代酷睿14英寸笔记本电脑（i5-7200U 8G 500G 2G独显 Win10）黑色
[09:07:50:599] [INFO] - com.letcafe.controller.DispatchController.index(DispatchController.java:32) - bookID:4752515	bookPrice:5498.0	bookName:联想(Lenovo)小新潮7000 13.3英寸超轻薄窄边框笔记本电脑(i7-8550U 8G 256G MX150 office2016)花火银
[09:07:50:599] [INFO] - com.letcafe.controller.DispatchController.index(DispatchController.java:32) - bookID:5363894	bookPrice:4999.0	bookName:联想(Lenovo)小新潮7000 13.3英寸超轻薄窄边框笔记本电脑(i5-8250U 8G 256G MX150 office2016)花火银
[09:07:50:599] [INFO] - com.letcafe.controller.DispatchController.index(DispatchController.java:32) - bookID:6031973	bookPrice:3699.0	bookName:小米(MI) Air 12.5英寸金属超轻薄笔记本电脑(Core M-7Y30 4G 128G 全高清屏 背光键盘 Win10正版office)银
[09:07:50:599] [INFO] - com.letcafe.controller.DispatchController.index(DispatchController.java:32) - bookID:7061526	bookPrice:4899.0	bookName:荣耀MagicBook 14英寸轻薄窄边框笔记本电脑（i5-8250U 8G 256G MX150 2G独显 FHD IPS 正版Office）星空灰
[09:07:50:599] [INFO] - com.letcafe.controller.DispatchController.index(DispatchController.java:32) - bookID:5533666	bookPrice:2299.0	bookName:戴尔（DELL）Latitude 3580 15.6英寸商用笔记本(Cel 3865U 4G 500G HD Win10H 1年上门)
[09:07:50:599] [INFO] - com.letcafe.controller.DispatchController.index(DispatchController.java:32) - bookID:6076630	bookPrice:3099.0	bookName:戴尔DELL灵越飞匣14.0英寸便携笔记本电脑(i5-7200U 4G 500G M430 2G独显 Win10)黑
[09:07:50:844] [INFO] - com.letcafe.controller.DispatchController.index(DispatchController.java:32) - bookID:7512626	bookPrice:3899.0	bookName:荣耀MagicBook 14英寸轻薄窄边框笔记本电脑（AMD锐龙5 8G 256G FHD IPS 正版Office）冰河银
[09:07:50:845] [INFO] - com.letcafe.controller.DispatchController.index(DispatchController.java:32) - bookID:7418428	bookPrice:6999.0	bookName:联想(Lenovo)拯救者Y7000 15.6英寸游戏笔记本电脑(英特尔八代酷睿i7-8750H 8G 2T+128G GTX1050Ti 黑)
[09:07:50:845] [INFO] - com.letcafe.controller.DispatchController.index(DispatchController.java:32) - bookID:6082333	bookPrice:3199.0	bookName:戴尔DELL灵越飞匣15.6英寸笔记本电脑 (i5-7200U 4G 500G M430 2G独显 FHD)黑
[09:07:50:845] [INFO] - com.letcafe.controller.DispatchController.index(DispatchController.java:32) - bookID:5512841	bookPrice:5399.0	bookName:联想(Lenovo)拯救者R720 15.6英寸大屏游戏笔记本电脑(i5-7300HQ 8G 1T+128G SSD GTX1050Ti 4G IPS 黑金)
[09:07:50:845] [INFO] - com.letcafe.controller.DispatchController.index(DispatchController.java:32) - bookID:6072614	bookPrice:5399.0	bookName:联想ThinkPad 翼480（0UCD）14英寸轻薄窄边框笔记本电脑（i5-8250U 8G 256GSSD 2G独显 FHD IPS屏）冰原银
[09:07:50:845] [INFO] - com.letcafe.controller.DispatchController.index(DispatchController.java:32) - bookID:7632577	bookPrice:6199.0	bookName:联想(Lenovo)拯救者Y7000 15.6英寸游戏笔记本电脑(英特尔八代酷睿i5-8300H 8G 2T+128G GTX1050Ti 黑)
[09:07:50:845] [INFO] - com.letcafe.controller.DispatchController.index(DispatchController.java:32) - bookID:5225346	bookPrice:6088.0	bookName:Apple MacBook Air 13.3英寸笔记本电脑 银色(2017款Core i5 处理器/8GB内存/128GB闪存 MQD32CH/A)
[09:07:50:845] [INFO] - com.letcafe.controller.DispatchController.index(DispatchController.java:32) - bookID:6888588	bookPrice:5199.0	bookName:联想(Lenovo)小新潮7000 14英寸轻薄笔记本电脑(英特尔八代酷睿I5-8250U 8G 2T+128G R535 office2016)银
[09:07:50:845] [INFO] - com.letcafe.controller.DispatchController.index(DispatchController.java:32) - bookID:6072622	bookPrice:5699.0	bookName:联想ThinkPad 翼480（0VCD）英特尔8代酷睿14英寸轻薄窄边框笔记本电脑（i5-8250U 8G 128GSSD+500G 2G独显）
[09:07:50:846] [INFO] - com.letcafe.controller.DispatchController.index(DispatchController.java:32) - bookID:7271737	bookPrice:4899.0	bookName:荣耀MagicBook 14英寸轻薄窄边框笔记本电脑（i5-8250U 8G 256G MX150 2G独显 FHD IPS 正版Office）冰河银
[09:07:50:846] [INFO] - com.letcafe.controller.DispatchController.index(DispatchController.java:32) - bookID:5148309	bookPrice:4999.0	bookName:戴尔DELL灵越燃7000 II 14.0英寸轻薄窄边框笔记本电脑(i5-8250U 8G 128GSSD+1T MX150 2G独显 IPS)银
[09:07:50:846] [INFO] - com.letcafe.controller.DispatchController.index(DispatchController.java:32) - bookID:7275691	bookPrice:5599.0	bookName:荣耀MagicBook 14英寸轻薄窄边框笔记本电脑（i7-8550U 8G 256G MX150 2G独显 FHD IPS 正版Office）冰河银
[09:07:50:846] [INFO] - com.letcafe.controller.DispatchController.index(DispatchController.java:32) - bookID:7748348	bookPrice:5399.0	bookName:惠普（HP）战66 Pro G1 14英寸轻薄笔记本电脑（i5-8250U 8G 360G PCIe SSD 标压MX150 2G独显）银色
[09:07:50:846] [INFO] - com.letcafe.controller.DispatchController.index(DispatchController.java:32) - bookID:7341442	bookPrice:5599.0	bookName:戴尔DELL游匣G3 15.6英寸游戏笔记本电脑(i5-8300H 8G 128GSSD+1T GTX1050Ti 4G独显 IPS)烈焰版
[09:07:50:846] [INFO] - com.letcafe.controller.DispatchController.index(DispatchController.java:32) - bookID:7102519	bookPrice:5899.0	bookName:联想(Lenovo)小新潮7000 2018款 14英寸轻薄笔记本电脑(英特尔八代酷睿I7-8550U 8G 2T+128G R535)极光银
[09:07:50:846] [INFO] - com.letcafe.controller.DispatchController.index(DispatchController.java:32) - bookID:4335139	bookPrice:7388.0	bookName:Apple MacBook Air 13.3英寸笔记本电脑 银色(2017款Core i5 处理器/8GB内存/256GB闪存 MQD42CH/A)
[09:07:50:846] [INFO] - com.letcafe.controller.DispatchController.index(DispatchController.java:32) - bookID:7886481	bookPrice:5699.0	bookName:联想(Lenovo)拯救者Y7000 15.6英寸游戏笔记本电脑(英特尔八代酷睿i5-8300H 8G 2T+128G GTX1050 黑)
[09:07:50:846] [INFO] - com.letcafe.controller.DispatchController.index(DispatchController.java:32) - bookID:5148299	bookPrice:5799.0	bookName:戴尔DELL灵越燃7000 II 14.0英寸轻薄窄边框笔记本电脑(i7-8550U 8G 128GSSD+1T MX150 2G独显 IPS)银
[09:07:50:847] [INFO] - com.letcafe.controller.DispatchController.index(DispatchController.java:32) - bookID:5834183	bookPrice:4499.0	bookName:戴尔DELL成就5000不凡银13.3英寸商务办公超轻薄便携笔记本电脑(i5-8250U 8G 256GSSD IPS Win10)
[09:07:50:847] [INFO] - com.letcafe.controller.DispatchController.index(DispatchController.java:32) - bookID:5148275	bookPrice:4499.0	bookName:戴尔DELL灵越燃7000 II 14.0英寸轻薄窄边框笔记本电脑(i5-8250U 8G 256GSSD IPS Win10)银
[09:07:50:847] [INFO] - com.letcafe.controller.DispatchController.index(DispatchController.java:32) - bookID:7435282	bookPrice:5799.0	bookName:惠普（HP）暗影精灵4代 15.6英寸游戏笔记本电脑（i5-8300H 8G 128G+1TB GTX1050 2G独显 IPS FHD）
[09:07:50:847] [INFO] - com.letcafe.controller.DispatchController.index(DispatchController.java:32) - bookID:6736174	bookPrice:5999.0	bookName:华硕(ASUS) 飞行堡垒五代FX80 15.6英寸游戏笔记本电脑(i5-8300H 8G 128GSSD+1T GTX1050Ti 4G IPS)火陨红黑
[09:07:50:847] [INFO] - com.letcafe.controller.DispatchController.index(DispatchController.java:32) - bookID:5113345	bookPrice:4988.0	bookName:华硕顽石(ASUS) 电竞版FL8000UN MX150 4G大显存 15.6英寸笔记本电脑(i7-8550U 8G 128GSSD+1T FHD)星空灰
[09:07:50:847] [INFO] - com.letcafe.controller.DispatchController.index(DispatchController.java:32) - bookID:3948470	bookPrice:4499.0	bookName:联想ThinkPad E470（1RCD）英特尔7代酷睿14英寸笔记本电脑（i5-7200U 8G 500G 2G独显 Win10）黑色
[09:07:50:847] [INFO] - com.letcafe.controller.DispatchController.index(DispatchController.java:32) - bookID:4752515	bookPrice:5498.0	bookName:联想(Lenovo)小新潮7000 13.3英寸超轻薄窄边框笔记本电脑(i7-8550U 8G 256G MX150 office2016)花火银
[09:07:50:847] [INFO] - com.letcafe.controller.DispatchController.index(DispatchController.java:32) - bookID:5363894	bookPrice:4999.0	bookName:联想(Lenovo)小新潮7000 13.3英寸超轻薄窄边框笔记本电脑(i5-8250U 8G 256G MX150 office2016)花火银
[09:07:50:848] [INFO] - com.letcafe.controller.DispatchController.index(DispatchController.java:32) - bookID:6031973	bookPrice:3699.0	bookName:小米(MI) Air 12.5英寸金属超轻薄笔记本电脑(Core M-7Y30 4G 128G 全高清屏 背光键盘 Win10正版office)银
[09:07:50:848] [INFO] - com.letcafe.controller.DispatchController.index(DispatchController.java:32) - bookID:7061526	bookPrice:4899.0	bookName:荣耀MagicBook 14英寸轻薄窄边框笔记本电脑（i5-8250U 8G 256G MX150 2G独显 FHD IPS 正版Office）星空灰
[09:07:50:848] [INFO] - com.letcafe.controller.DispatchController.index(DispatchController.java:32) - bookID:5533666	bookPrice:2299.0	bookName:戴尔（DELL）Latitude 3580 15.6英寸商用笔记本(Cel 3865U 4G 500G HD Win10H 1年上门)
[09:07:50:848] [INFO] - com.letcafe.controller.DispatchController.index(DispatchController.java:32) - bookID:6076630	bookPrice:3099.0	bookName:戴尔DELL灵越飞匣14.0英寸便携笔记本电脑(i5-7200U 4G 500G M430 2G独显 Win10)黑
[09:07:51:204] [INFO] - com.letcafe.controller.DispatchController.index(DispatchController.java:32) - bookID:7512626	bookPrice:3899.0	bookName:荣耀MagicBook 14英寸轻薄窄边框笔记本电脑（AMD锐龙5 8G 256G FHD IPS 正版Office）冰河银
[09:07:51:205] [INFO] - com.letcafe.controller.DispatchController.index(DispatchController.java:32) - bookID:7418428	bookPrice:6999.0	bookName:联想(Lenovo)拯救者Y7000 15.6英寸游戏笔记本电脑(英特尔八代酷睿i7-8750H 8G 2T+128G GTX1050Ti 黑)
[09:07:51:205] [INFO] - com.letcafe.controller.DispatchController.index(DispatchController.java:32) - bookID:6082333	bookPrice:3199.0	bookName:戴尔DELL灵越飞匣15.6英寸笔记本电脑 (i5-7200U 4G 500G M430 2G独显 FHD)黑
[09:07:51:205] [INFO] - com.letcafe.controller.DispatchController.index(DispatchController.java:32) - bookID:5512841	bookPrice:5399.0	bookName:联想(Lenovo)拯救者R720 15.6英寸大屏游戏笔记本电脑(i5-7300HQ 8G 1T+128G SSD GTX1050Ti 4G IPS 黑金)
[09:07:51:205] [INFO] - com.letcafe.controller.DispatchController.index(DispatchController.java:32) - bookID:6072614	bookPrice:5399.0	bookName:联想ThinkPad 翼480（0UCD）14英寸轻薄窄边框笔记本电脑（i5-8250U 8G 256GSSD 2G独显 FHD IPS屏）冰原银
[09:07:51:205] [INFO] - com.letcafe.controller.DispatchController.index(DispatchController.java:32) - bookID:7632577	bookPrice:6199.0	bookName:联想(Lenovo)拯救者Y7000 15.6英寸游戏笔记本电脑(英特尔八代酷睿i5-8300H 8G 2T+128G GTX1050Ti 黑)
[09:07:51:205] [INFO] - com.letcafe.controller.DispatchController.index(DispatchController.java:32) - bookID:5225346	bookPrice:6088.0	bookName:Apple MacBook Air 13.3英寸笔记本电脑 银色(2017款Core i5 处理器/8GB内存/128GB闪存 MQD32CH/A)
[09:07:51:205] [INFO] - com.letcafe.controller.DispatchController.index(DispatchController.java:32) - bookID:6888588	bookPrice:5199.0	bookName:联想(Lenovo)小新潮7000 14英寸轻薄笔记本电脑(英特尔八代酷睿I5-8250U 8G 2T+128G R535 office2016)银
[09:07:51:205] [INFO] - com.letcafe.controller.DispatchController.index(DispatchController.java:32) - bookID:6072622	bookPrice:5699.0	bookName:联想ThinkPad 翼480（0VCD）英特尔8代酷睿14英寸轻薄窄边框笔记本电脑（i5-8250U 8G 128GSSD+500G 2G独显）
[09:07:51:206] [INFO] - com.letcafe.controller.DispatchController.index(DispatchController.java:32) - bookID:7271737	bookPrice:4899.0	bookName:荣耀MagicBook 14英寸轻薄窄边框笔记本电脑（i5-8250U 8G 256G MX150 2G独显 FHD IPS 正版Office）冰河银
[09:07:51:206] [INFO] - com.letcafe.controller.DispatchController.index(DispatchController.java:32) - bookID:5148309	bookPrice:4999.0	bookName:戴尔DELL灵越燃7000 II 14.0英寸轻薄窄边框笔记本电脑(i5-8250U 8G 128GSSD+1T MX150 2G独显 IPS)银
[09:07:51:206] [INFO] - com.letcafe.controller.DispatchController.index(DispatchController.java:32) - bookID:7275691	bookPrice:5599.0	bookName:荣耀MagicBook 14英寸轻薄窄边框笔记本电脑（i7-8550U 8G 256G MX150 2G独显 FHD IPS 正版Office）冰河银
[09:07:51:206] [INFO] - com.letcafe.controller.DispatchController.index(DispatchController.java:32) - bookID:7748348	bookPrice:5399.0	bookName:惠普（HP）战66 Pro G1 14英寸轻薄笔记本电脑（i5-8250U 8G 360G PCIe SSD 标压MX150 2G独显）银色
[09:07:51:206] [INFO] - com.letcafe.controller.DispatchController.index(DispatchController.java:32) - bookID:7341442	bookPrice:5599.0	bookName:戴尔DELL游匣G3 15.6英寸游戏笔记本电脑(i5-8300H 8G 128GSSD+1T GTX1050Ti 4G独显 IPS)烈焰版
[09:07:51:206] [INFO] - com.letcafe.controller.DispatchController.index(DispatchController.java:32) - bookID:7102519	bookPrice:5899.0	bookName:联想(Lenovo)小新潮7000 2018款 14英寸轻薄笔记本电脑(英特尔八代酷睿I7-8550U 8G 2T+128G R535)极光银
[09:07:51:206] [INFO] - com.letcafe.controller.DispatchController.index(DispatchController.java:32) - bookID:4335139	bookPrice:7388.0	bookName:Apple MacBook Air 13.3英寸笔记本电脑 银色(2017款Core i5 处理器/8GB内存/256GB闪存 MQD42CH/A)
[09:07:51:206] [INFO] - com.letcafe.controller.DispatchController.index(DispatchController.java:32) - bookID:7886481	bookPrice:5699.0	bookName:联想(Lenovo)拯救者Y7000 15.6英寸游戏笔记本电脑(英特尔八代酷睿i5-8300H 8G 2T+128G GTX1050 黑)
[09:07:51:207] [INFO] - com.letcafe.controller.DispatchController.index(DispatchController.java:32) - bookID:5148299	bookPrice:5799.0	bookName:戴尔DELL灵越燃7000 II 14.0英寸轻薄窄边框笔记本电脑(i7-8550U 8G 128GSSD+1T MX150 2G独显 IPS)银
[09:07:51:210] [INFO] - com.letcafe.controller.DispatchController.index(DispatchController.java:32) - bookID:5834183	bookPrice:4499.0	bookName:戴尔DELL成就5000不凡银13.3英寸商务办公超轻薄便携笔记本电脑(i5-8250U 8G 256GSSD IPS Win10)
[09:07:51:210] [INFO] - com.letcafe.controller.DispatchController.index(DispatchController.java:32) - bookID:5148275	bookPrice:4499.0	bookName:戴尔DELL灵越燃7000 II 14.0英寸轻薄窄边框笔记本电脑(i5-8250U 8G 256GSSD IPS Win10)银
[09:07:51:210] [INFO] - com.letcafe.controller.DispatchController.index(DispatchController.java:32) - bookID:7435282	bookPrice:5799.0	bookName:惠普（HP）暗影精灵4代 15.6英寸游戏笔记本电脑（i5-8300H 8G 128G+1TB GTX1050 2G独显 IPS FHD）
[09:07:51:210] [INFO] - com.letcafe.controller.DispatchController.index(DispatchController.java:32) - bookID:6736174	bookPrice:5999.0	bookName:华硕(ASUS) 飞行堡垒五代FX80 15.6英寸游戏笔记本电脑(i5-8300H 8G 128GSSD+1T GTX1050Ti 4G IPS)火陨红黑
[09:07:51:210] [INFO] - com.letcafe.controller.DispatchController.index(DispatchController.java:32) - bookID:5113345	bookPrice:4988.0	bookName:华硕顽石(ASUS) 电竞版FL8000UN MX150 4G大显存 15.6英寸笔记本电脑(i7-8550U 8G 128GSSD+1T FHD)星空灰
[09:07:51:211] [INFO] - com.letcafe.controller.DispatchController.index(DispatchController.java:32) - bookID:3948470	bookPrice:4499.0	bookName:联想ThinkPad E470（1RCD）英特尔7代酷睿14英寸笔记本电脑（i5-7200U 8G 500G 2G独显 Win10）黑色
[09:07:51:211] [INFO] - com.letcafe.controller.DispatchController.index(DispatchController.java:32) - bookID:4752515	bookPrice:5498.0	bookName:联想(Lenovo)小新潮7000 13.3英寸超轻薄窄边框笔记本电脑(i7-8550U 8G 256G MX150 office2016)花火银
[09:07:51:211] [INFO] - com.letcafe.controller.DispatchController.index(DispatchController.java:32) - bookID:5363894	bookPrice:4999.0	bookName:联想(Lenovo)小新潮7000 13.3英寸超轻薄窄边框笔记本电脑(i5-8250U 8G 256G MX150 office2016)花火银
[09:07:51:211] [INFO] - com.letcafe.controller.DispatchController.index(DispatchController.java:32) - bookID:6031973	bookPrice:3699.0	bookName:小米(MI) Air 12.5英寸金属超轻薄笔记本电脑(Core M-7Y30 4G 128G 全高清屏 背光键盘 Win10正版office)银
[09:07:51:211] [INFO] - com.letcafe.controller.DispatchController.index(DispatchController.java:32) - bookID:7061526	bookPrice:4899.0	bookName:荣耀MagicBook 14英寸轻薄窄边框笔记本电脑（i5-8250U 8G 256G MX150 2G独显 FHD IPS 正版Office）星空灰
[09:07:51:211] [INFO] - com.letcafe.controller.DispatchController.index(DispatchController.java:32) - bookID:5533666	bookPrice:2299.0	bookName:戴尔（DELL）Latitude 3580 15.6英寸商用笔记本(Cel 3865U 4G 500G HD Win10H 1年上门)
[09:07:51:211] [INFO] - com.letcafe.controller.DispatchController.index(DispatchController.java:32) - bookID:6076630	bookPrice:3099.0	bookName:戴尔DELL灵越飞匣14.0英寸便携笔记本电脑(i5-7200U 4G 500G M430 2G独显 Win10)黑
[09:07:51:487] [INFO] - com.letcafe.controller.DispatchController.index(DispatchController.java:32) - bookID:7512626	bookPrice:3899.0	bookName:荣耀MagicBook 14英寸轻薄窄边框笔记本电脑（AMD锐龙5 8G 256G FHD IPS 正版Office）冰河银
[09:07:51:487] [INFO] - com.letcafe.controller.DispatchController.index(DispatchController.java:32) - bookID:7418428	bookPrice:6999.0	bookName:联想(Lenovo)拯救者Y7000 15.6英寸游戏笔记本电脑(英特尔八代酷睿i7-8750H 8G 2T+128G GTX1050Ti 黑)
[09:07:51:487] [INFO] - com.letcafe.controller.DispatchController.index(DispatchController.java:32) - bookID:6082333	bookPrice:3199.0	bookName:戴尔DELL灵越飞匣15.6英寸笔记本电脑 (i5-7200U 4G 500G M430 2G独显 FHD)黑
[09:07:51:487] [INFO] - com.letcafe.controller.DispatchController.index(DispatchController.java:32) - bookID:5512841	bookPrice:5399.0	bookName:联想(Lenovo)拯救者R720 15.6英寸大屏游戏笔记本电脑(i5-7300HQ 8G 1T+128G SSD GTX1050Ti 4G IPS 黑金)
[09:07:51:488] [INFO] - com.letcafe.controller.DispatchController.index(DispatchController.java:32) - bookID:6072614	bookPrice:5399.0	bookName:联想ThinkPad 翼480（0UCD）14英寸轻薄窄边框笔记本电脑（i5-8250U 8G 256GSSD 2G独显 FHD IPS屏）冰原银
[09:07:51:488] [INFO] - com.letcafe.controller.DispatchController.index(DispatchController.java:32) - bookID:7632577	bookPrice:6199.0	bookName:联想(Lenovo)拯救者Y7000 15.6英寸游戏笔记本电脑(英特尔八代酷睿i5-8300H 8G 2T+128G GTX1050Ti 黑)
[09:07:51:488] [INFO] - com.letcafe.controller.DispatchController.index(DispatchController.java:32) - bookID:5225346	bookPrice:6088.0	bookName:Apple MacBook Air 13.3英寸笔记本电脑 银色(2017款Core i5 处理器/8GB内存/128GB闪存 MQD32CH/A)
[09:07:51:488] [INFO] - com.letcafe.controller.DispatchController.index(DispatchController.java:32) - bookID:6888588	bookPrice:5199.0	bookName:联想(Lenovo)小新潮7000 14英寸轻薄笔记本电脑(英特尔八代酷睿I5-8250U 8G 2T+128G R535 office2016)银
[09:07:51:488] [INFO] - com.letcafe.controller.DispatchController.index(DispatchController.java:32) - bookID:6072622	bookPrice:5699.0	bookName:联想ThinkPad 翼480（0VCD）英特尔8代酷睿14英寸轻薄窄边框笔记本电脑（i5-8250U 8G 128GSSD+500G 2G独显）
[09:07:51:488] [INFO] - com.letcafe.controller.DispatchController.index(DispatchController.java:32) - bookID:7271737	bookPrice:4899.0	bookName:荣耀MagicBook 14英寸轻薄窄边框笔记本电脑（i5-8250U 8G 256G MX150 2G独显 FHD IPS 正版Office）冰河银
[09:07:51:488] [INFO] - com.letcafe.controller.DispatchController.index(DispatchController.java:32) - bookID:5148309	bookPrice:4999.0	bookName:戴尔DELL灵越燃7000 II 14.0英寸轻薄窄边框笔记本电脑(i5-8250U 8G 128GSSD+1T MX150 2G独显 IPS)银
[09:07:51:488] [INFO] - com.letcafe.controller.DispatchController.index(DispatchController.java:32) - bookID:7275691	bookPrice:5599.0	bookName:荣耀MagicBook 14英寸轻薄窄边框笔记本电脑（i7-8550U 8G 256G MX150 2G独显 FHD IPS 正版Office）冰河银
[09:07:51:488] [INFO] - com.letcafe.controller.DispatchController.index(DispatchController.java:32) - bookID:7748348	bookPrice:5399.0	bookName:惠普（HP）战66 Pro G1 14英寸轻薄笔记本电脑（i5-8250U 8G 360G PCIe SSD 标压MX150 2G独显）银色
[09:07:51:489] [INFO] - com.letcafe.controller.DispatchController.index(DispatchController.java:32) - bookID:7341442	bookPrice:5599.0	bookName:戴尔DELL游匣G3 15.6英寸游戏笔记本电脑(i5-8300H 8G 128GSSD+1T GTX1050Ti 4G独显 IPS)烈焰版
[09:07:51:489] [INFO] - com.letcafe.controller.DispatchController.index(DispatchController.java:32) - bookID:7102519	bookPrice:5899.0	bookName:联想(Lenovo)小新潮7000 2018款 14英寸轻薄笔记本电脑(英特尔八代酷睿I7-8550U 8G 2T+128G R535)极光银
[09:07:51:489] [INFO] - com.letcafe.controller.DispatchController.index(DispatchController.java:32) - bookID:4335139	bookPrice:7388.0	bookName:Apple MacBook Air 13.3英寸笔记本电脑 银色(2017款Core i5 处理器/8GB内存/256GB闪存 MQD42CH/A)
[09:07:51:489] [INFO] - com.letcafe.controller.DispatchController.index(DispatchController.java:32) - bookID:7886481	bookPrice:5699.0	bookName:联想(Lenovo)拯救者Y7000 15.6英寸游戏笔记本电脑(英特尔八代酷睿i5-8300H 8G 2T+128G GTX1050 黑)
[09:07:51:489] [INFO] - com.letcafe.controller.DispatchController.index(DispatchController.java:32) - bookID:5148299	bookPrice:5799.0	bookName:戴尔DELL灵越燃7000 II 14.0英寸轻薄窄边框笔记本电脑(i7-8550U 8G 128GSSD+1T MX150 2G独显 IPS)银
[09:07:51:490] [INFO] - com.letcafe.controller.DispatchController.index(DispatchController.java:32) - bookID:5834183	bookPrice:4499.0	bookName:戴尔DELL成就5000不凡银13.3英寸商务办公超轻薄便携笔记本电脑(i5-8250U 8G 256GSSD IPS Win10)
[09:07:51:490] [INFO] - com.letcafe.controller.DispatchController.index(DispatchController.java:32) - bookID:5148275	bookPrice:4499.0	bookName:戴尔DELL灵越燃7000 II 14.0英寸轻薄窄边框笔记本电脑(i5-8250U 8G 256GSSD IPS Win10)银
[09:07:51:490] [INFO] - com.letcafe.controller.DispatchController.index(DispatchController.java:32) - bookID:7435282	bookPrice:5799.0	bookName:惠普（HP）暗影精灵4代 15.6英寸游戏笔记本电脑（i5-8300H 8G 128G+1TB GTX1050 2G独显 IPS FHD）
[09:07:51:490] [INFO] - com.letcafe.controller.DispatchController.index(DispatchController.java:32) - bookID:6736174	bookPrice:5999.0	bookName:华硕(ASUS) 飞行堡垒五代FX80 15.6英寸游戏笔记本电脑(i5-8300H 8G 128GSSD+1T GTX1050Ti 4G IPS)火陨红黑
[09:07:51:490] [INFO] - com.letcafe.controller.DispatchController.index(DispatchController.java:32) - bookID:5113345	bookPrice:4988.0	bookName:华硕顽石(ASUS) 电竞版FL8000UN MX150 4G大显存 15.6英寸笔记本电脑(i7-8550U 8G 128GSSD+1T FHD)星空灰
[09:07:51:490] [INFO] - com.letcafe.controller.DispatchController.index(DispatchController.java:32) - bookID:3948470	bookPrice:4499.0	bookName:联想ThinkPad E470（1RCD）英特尔7代酷睿14英寸笔记本电脑（i5-7200U 8G 500G 2G独显 Win10）黑色
[09:07:51:490] [INFO] - com.letcafe.controller.DispatchController.index(DispatchController.java:32) - bookID:4752515	bookPrice:5498.0	bookName:联想(Lenovo)小新潮7000 13.3英寸超轻薄窄边框笔记本电脑(i7-8550U 8G 256G MX150 office2016)花火银
[09:07:51:491] [INFO] - com.letcafe.controller.DispatchController.index(DispatchController.java:32) - bookID:5363894	bookPrice:4999.0	bookName:联想(Lenovo)小新潮7000 13.3英寸超轻薄窄边框笔记本电脑(i5-8250U 8G 256G MX150 office2016)花火银
[09:07:51:491] [INFO] - com.letcafe.controller.DispatchController.index(DispatchController.java:32) - bookID:6031973	bookPrice:3699.0	bookName:小米(MI) Air 12.5英寸金属超轻薄笔记本电脑(Core M-7Y30 4G 128G 全高清屏 背光键盘 Win10正版office)银
[09:07:51:491] [INFO] - com.letcafe.controller.DispatchController.index(DispatchController.java:32) - bookID:7061526	bookPrice:4899.0	bookName:荣耀MagicBook 14英寸轻薄窄边框笔记本电脑（i5-8250U 8G 256G MX150 2G独显 FHD IPS 正版Office）星空灰
[09:07:51:491] [INFO] - com.letcafe.controller.DispatchController.index(DispatchController.java:32) - bookID:5533666	bookPrice:2299.0	bookName:戴尔（DELL）Latitude 3580 15.6英寸商用笔记本(Cel 3865U 4G 500G HD Win10H 1年上门)
[09:07:51:491] [INFO] - com.letcafe.controller.DispatchController.index(DispatchController.java:32) - bookID:6076630	bookPrice:3099.0	bookName:戴尔DELL灵越飞匣14.0英寸便携笔记本电脑(i5-7200U 4G 500G M430 2G独显 Win10)黑
[09:07:52:256] [INFO] - com.letcafe.controller.DispatchController.index(DispatchController.java:32) - bookID:7512626	bookPrice:3899.0	bookName:荣耀MagicBook 14英寸轻薄窄边框笔记本电脑（AMD锐龙5 8G 256G FHD IPS 正版Office）冰河银
[09:07:52:256] [INFO] - com.letcafe.controller.DispatchController.index(DispatchController.java:32) - bookID:7418428	bookPrice:6999.0	bookName:联想(Lenovo)拯救者Y7000 15.6英寸游戏笔记本电脑(英特尔八代酷睿i7-8750H 8G 2T+128G GTX1050Ti 黑)
[09:07:52:256] [INFO] - com.letcafe.controller.DispatchController.index(DispatchController.java:32) - bookID:6082333	bookPrice:3199.0	bookName:戴尔DELL灵越飞匣15.6英寸笔记本电脑 (i5-7200U 4G 500G M430 2G独显 FHD)黑
[09:07:52:256] [INFO] - com.letcafe.controller.DispatchController.index(DispatchController.java:32) - bookID:5512841	bookPrice:5399.0	bookName:联想(Lenovo)拯救者R720 15.6英寸大屏游戏笔记本电脑(i5-7300HQ 8G 1T+128G SSD GTX1050Ti 4G IPS 黑金)
[09:07:52:256] [INFO] - com.letcafe.controller.DispatchController.index(DispatchController.java:32) - bookID:6072614	bookPrice:5399.0	bookName:联想ThinkPad 翼480（0UCD）14英寸轻薄窄边框笔记本电脑（i5-8250U 8G 256GSSD 2G独显 FHD IPS屏）冰原银
[09:07:52:256] [INFO] - com.letcafe.controller.DispatchController.index(DispatchController.java:32) - bookID:7632577	bookPrice:6199.0	bookName:联想(Lenovo)拯救者Y7000 15.6英寸游戏笔记本电脑(英特尔八代酷睿i5-8300H 8G 2T+128G GTX1050Ti 黑)
[09:07:52:256] [INFO] - com.letcafe.controller.DispatchController.index(DispatchController.java:32) - bookID:5225346	bookPrice:6088.0	bookName:Apple MacBook Air 13.3英寸笔记本电脑 银色(2017款Core i5 处理器/8GB内存/128GB闪存 MQD32CH/A)
[09:07:52:257] [INFO] - com.letcafe.controller.DispatchController.index(DispatchController.java:32) - bookID:6888588	bookPrice:5199.0	bookName:联想(Lenovo)小新潮7000 14英寸轻薄笔记本电脑(英特尔八代酷睿I5-8250U 8G 2T+128G R535 office2016)银
[09:07:52:257] [INFO] - com.letcafe.controller.DispatchController.index(DispatchController.java:32) - bookID:6072622	bookPrice:5699.0	bookName:联想ThinkPad 翼480（0VCD）英特尔8代酷睿14英寸轻薄窄边框笔记本电脑（i5-8250U 8G 128GSSD+500G 2G独显）
[09:07:52:257] [INFO] - com.letcafe.controller.DispatchController.index(DispatchController.java:32) - bookID:7271737	bookPrice:4899.0	bookName:荣耀MagicBook 14英寸轻薄窄边框笔记本电脑（i5-8250U 8G 256G MX150 2G独显 FHD IPS 正版Office）冰河银
[09:07:52:257] [INFO] - com.letcafe.controller.DispatchController.index(DispatchController.java:32) - bookID:5148309	bookPrice:4999.0	bookName:戴尔DELL灵越燃7000 II 14.0英寸轻薄窄边框笔记本电脑(i5-8250U 8G 128GSSD+1T MX150 2G独显 IPS)银
[09:07:52:257] [INFO] - com.letcafe.controller.DispatchController.index(DispatchController.java:32) - bookID:7275691	bookPrice:5599.0	bookName:荣耀MagicBook 14英寸轻薄窄边框笔记本电脑（i7-8550U 8G 256G MX150 2G独显 FHD IPS 正版Office）冰河银
[09:07:52:257] [INFO] - com.letcafe.controller.DispatchController.index(DispatchController.java:32) - bookID:7748348	bookPrice:5399.0	bookName:惠普（HP）战66 Pro G1 14英寸轻薄笔记本电脑（i5-8250U 8G 360G PCIe SSD 标压MX150 2G独显）银色
[09:07:52:257] [INFO] - com.letcafe.controller.DispatchController.index(DispatchController.java:32) - bookID:7341442	bookPrice:5599.0	bookName:戴尔DELL游匣G3 15.6英寸游戏笔记本电脑(i5-8300H 8G 128GSSD+1T GTX1050Ti 4G独显 IPS)烈焰版
[09:07:52:257] [INFO] - com.letcafe.controller.DispatchController.index(DispatchController.java:32) - bookID:7102519	bookPrice:5899.0	bookName:联想(Lenovo)小新潮7000 2018款 14英寸轻薄笔记本电脑(英特尔八代酷睿I7-8550U 8G 2T+128G R535)极光银
[09:07:52:257] [INFO] - com.letcafe.controller.DispatchController.index(DispatchController.java:32) - bookID:4335139	bookPrice:7388.0	bookName:Apple MacBook Air 13.3英寸笔记本电脑 银色(2017款Core i5 处理器/8GB内存/256GB闪存 MQD42CH/A)
[09:07:52:258] [INFO] - com.letcafe.controller.DispatchController.index(DispatchController.java:32) - bookID:7886481	bookPrice:5699.0	bookName:联想(Lenovo)拯救者Y7000 15.6英寸游戏笔记本电脑(英特尔八代酷睿i5-8300H 8G 2T+128G GTX1050 黑)
[09:07:52:258] [INFO] - com.letcafe.controller.DispatchController.index(DispatchController.java:32) - bookID:5148299	bookPrice:5799.0	bookName:戴尔DELL灵越燃7000 II 14.0英寸轻薄窄边框笔记本电脑(i7-8550U 8G 128GSSD+1T MX150 2G独显 IPS)银
[09:07:52:259] [INFO] - com.letcafe.controller.DispatchController.index(DispatchController.java:32) - bookID:5834183	bookPrice:4499.0	bookName:戴尔DELL成就5000不凡银13.3英寸商务办公超轻薄便携笔记本电脑(i5-8250U 8G 256GSSD IPS Win10)
[09:07:52:259] [INFO] - com.letcafe.controller.DispatchController.index(DispatchController.java:32) - bookID:5148275	bookPrice:4499.0	bookName:戴尔DELL灵越燃7000 II 14.0英寸轻薄窄边框笔记本电脑(i5-8250U 8G 256GSSD IPS Win10)银
[09:07:52:259] [INFO] - com.letcafe.controller.DispatchController.index(DispatchController.java:32) - bookID:7435282	bookPrice:5799.0	bookName:惠普（HP）暗影精灵4代 15.6英寸游戏笔记本电脑（i5-8300H 8G 128G+1TB GTX1050 2G独显 IPS FHD）
[09:07:52:259] [INFO] - com.letcafe.controller.DispatchController.index(DispatchController.java:32) - bookID:6736174	bookPrice:5999.0	bookName:华硕(ASUS) 飞行堡垒五代FX80 15.6英寸游戏笔记本电脑(i5-8300H 8G 128GSSD+1T GTX1050Ti 4G IPS)火陨红黑
[09:07:52:259] [INFO] - com.letcafe.controller.DispatchController.index(DispatchController.java:32) - bookID:5113345	bookPrice:4988.0	bookName:华硕顽石(ASUS) 电竞版FL8000UN MX150 4G大显存 15.6英寸笔记本电脑(i7-8550U 8G 128GSSD+1T FHD)星空灰
[09:07:52:259] [INFO] - com.letcafe.controller.DispatchController.index(DispatchController.java:32) - bookID:3948470	bookPrice:4499.0	bookName:联想ThinkPad E470（1RCD）英特尔7代酷睿14英寸笔记本电脑（i5-7200U 8G 500G 2G独显 Win10）黑色
[09:07:52:260] [INFO] - com.letcafe.controller.DispatchController.index(DispatchController.java:32) - bookID:4752515	bookPrice:5498.0	bookName:联想(Lenovo)小新潮7000 13.3英寸超轻薄窄边框笔记本电脑(i7-8550U 8G 256G MX150 office2016)花火银
[09:07:52:260] [INFO] - com.letcafe.controller.DispatchController.index(DispatchController.java:32) - bookID:5363894	bookPrice:4999.0	bookName:联想(Lenovo)小新潮7000 13.3英寸超轻薄窄边框笔记本电脑(i5-8250U 8G 256G MX150 office2016)花火银
[09:07:52:260] [INFO] - com.letcafe.controller.DispatchController.index(DispatchController.java:32) - bookID:6031973	bookPrice:3699.0	bookName:小米(MI) Air 12.5英寸金属超轻薄笔记本电脑(Core M-7Y30 4G 128G 全高清屏 背光键盘 Win10正版office)银
[09:07:52:260] [INFO] - com.letcafe.controller.DispatchController.index(DispatchController.java:32) - bookID:7061526	bookPrice:4899.0	bookName:荣耀MagicBook 14英寸轻薄窄边框笔记本电脑（i5-8250U 8G 256G MX150 2G独显 FHD IPS 正版Office）星空灰
[09:07:52:260] [INFO] - com.letcafe.controller.DispatchController.index(DispatchController.java:32) - bookID:5533666	bookPrice:2299.0	bookName:戴尔（DELL）Latitude 3580 15.6英寸商用笔记本(Cel 3865U 4G 500G HD Win10H 1年上门)
[09:07:52:260] [INFO] - com.letcafe.controller.DispatchController.index(DispatchController.java:32) - bookID:6076630	bookPrice:3099.0	bookName:戴尔DELL灵越飞匣14.0英寸便携笔记本电脑(i5-7200U 4G 500G M430 2G独显 Win10)黑
[16:10:53:637] [INFO] - com.letcafe.controller.DispatchController.index(DispatchController.java:32) - bookID:7512626	bookPrice:3899.0	bookName:荣耀MagicBook 14英寸轻薄窄边框笔记本电脑（AMD锐龙5 8G 256G FHD IPS 正版Office）冰河银
[16:10:53:640] [INFO] - com.letcafe.controller.DispatchController.index(DispatchController.java:32) - bookID:7418428	bookPrice:6999.0	bookName:联想(Lenovo)拯救者Y7000 15.6英寸游戏笔记本电脑(英特尔八代酷睿i7-8750H 8G 2T+128G GTX1050Ti 黑)
[16:10:53:640] [INFO] - com.letcafe.controller.DispatchController.index(DispatchController.java:32) - bookID:6076609	bookPrice:6999.0	bookName:联想ThinkPad 翼480（1ACD）14英寸轻薄窄边框笔记本电脑（i7-8550U 8G 128GSSD+1T 2G独显 FHD）冰原银
[16:10:53:640] [INFO] - com.letcafe.controller.DispatchController.index(DispatchController.java:32) - bookID:5512841	bookPrice:5399.0	bookName:联想(Lenovo)拯救者R720 15.6英寸大屏游戏笔记本电脑(i5-7300HQ 8G 1T+128G SSD GTX1050Ti 4G IPS 黑金)
[16:10:53:641] [INFO] - com.letcafe.controller.DispatchController.index(DispatchController.java:32) - bookID:7435282	bookPrice:5799.0	bookName:惠普（HP）暗影精灵4代 15.6英寸游戏笔记本电脑（i5-8300H 8G 128G+1TB GTX1050 2G独显 IPS FHD）
[16:10:53:641] [INFO] - com.letcafe.controller.DispatchController.index(DispatchController.java:32) - bookID:7632577	bookPrice:6199.0	bookName:联想(Lenovo)拯救者Y7000 15.6英寸游戏笔记本电脑(英特尔八代酷睿i5-8300H 8G 2T+128G GTX1050Ti 黑)
[16:10:53:641] [INFO] - com.letcafe.controller.DispatchController.index(DispatchController.java:32) - bookID:6888588	bookPrice:4999.0	bookName:联想(Lenovo)小新潮7000 14英寸超轻薄窄边框笔记本电脑(I5-8250U 8G 2T+128G PCIE R535 2G)极光银
[16:10:53:641] [INFO] - com.letcafe.controller.DispatchController.index(DispatchController.java:32) - bookID:5225346	bookPrice:6088.0	bookName:Apple MacBook Air 13.3英寸笔记本电脑 银色(2017款Core i5 处理器/8GB内存/128GB闪存 MQD32CH/A)
[16:10:53:641] [INFO] - com.letcafe.controller.DispatchController.index(DispatchController.java:32) - bookID:6072622	bookPrice:5699.0	bookName:联想ThinkPad 翼480（0VCD）英特尔8代酷睿14英寸轻薄窄边框笔记本电脑（i5-8250U 8G 128GSSD+500G 2G独显）
[16:10:53:641] [INFO] - com.letcafe.controller.DispatchController.index(DispatchController.java:32) - bookID:7271737	bookPrice:4899.0	bookName:荣耀MagicBook 14英寸轻薄窄边框笔记本电脑（i5-8250U 8G 256G MX150 2G独显 FHD IPS 正版Office）冰河银
[16:10:53:641] [INFO] - com.letcafe.controller.DispatchController.index(DispatchController.java:32) - bookID:5148309	bookPrice:4999.0	bookName:戴尔DELL灵越燃7000 II 14.0英寸轻薄窄边框笔记本电脑(i5-8250U 8G 128GSSD+1T MX150 2G独显 IPS)银
[16:10:53:641] [INFO] - com.letcafe.controller.DispatchController.index(DispatchController.java:32) - bookID:7275691	bookPrice:5599.0	bookName:荣耀MagicBook 14英寸轻薄窄边框笔记本电脑（i7-8550U 8G 256G MX150 2G独显 FHD IPS 正版Office）冰河银
[16:10:53:642] [INFO] - com.letcafe.controller.DispatchController.index(DispatchController.java:32) - bookID:7588517	bookPrice:4988.0	bookName:联想ThinkPad 耀银S2 2018（0HCD）13.3英寸轻薄笔记本电脑（i5-8250U 8G 256GSSD）
[16:10:53:642] [INFO] - com.letcafe.controller.DispatchController.index(DispatchController.java:32) - bookID:7341442	bookPrice:5599.0	bookName:戴尔DELL游匣G3 15.6英寸游戏笔记本电脑(i5-8300H 8G 128GSSD+1T GTX1050Ti 4G独显 IPS)烈焰版
[16:10:53:642] [INFO] - com.letcafe.controller.DispatchController.index(DispatchController.java:32) - bookID:7102519	bookPrice:5899.0	bookName:联想(Lenovo)小新潮7000 14英寸超轻薄窄边框笔记本电脑(I7-8550U 8G 2T+128G PCIE R535 2G)极光银
[16:10:53:642] [INFO] - com.letcafe.controller.DispatchController.index(DispatchController.java:32) - bookID:4335139	bookPrice:7488.0	bookName:Apple MacBook Air 13.3英寸笔记本电脑 银色(2017款Core i5 处理器/8GB内存/256GB闪存 MQD42CH/A)
[16:10:53:642] [INFO] - com.letcafe.controller.DispatchController.index(DispatchController.java:32) - bookID:7886481	bookPrice:5699.0	bookName:联想(Lenovo)拯救者Y7000 15.6英寸游戏笔记本电脑(英特尔八代酷睿i5-8300H 8G 2T+128G GTX1050 黑)
[16:10:53:642] [INFO] - com.letcafe.controller.DispatchController.index(DispatchController.java:32) - bookID:5148299	bookPrice:5799.0	bookName:戴尔DELL灵越燃7000 II 14.0英寸轻薄窄边框笔记本电脑(i7-8550U 8G 128GSSD+1T MX150 2G独显 IPS)银
[16:10:53:646] [INFO] - com.letcafe.controller.DispatchController.index(DispatchController.java:32) - bookID:5834183	bookPrice:4499.0	bookName:戴尔DELL成就5000不凡银13.3英寸商务办公超轻薄便携笔记本电脑(i5-8250U 8G 256GSSD IPS Win10)
[16:10:53:646] [INFO] - com.letcafe.controller.DispatchController.index(DispatchController.java:32) - bookID:5148275	bookPrice:4499.0	bookName:戴尔DELL灵越燃7000 II 14.0英寸轻薄窄边框笔记本电脑(i5-8250U 8G 256GSSD IPS Win10)银
[16:10:53:646] [INFO] - com.letcafe.controller.DispatchController.index(DispatchController.java:32) - bookID:7578831	bookPrice:5299.0	bookName:联想ThinkPad R480（0RCD）英特尔8代酷睿14英寸商用笔记本i5-8250U 8G 500G 三年保修 正版Office
[16:10:53:646] [INFO] - com.letcafe.controller.DispatchController.index(DispatchController.java:32) - bookID:6736174	bookPrice:5999.0	bookName:华硕(ASUS) 飞行堡垒五代FX80 15.6英寸游戏笔记本电脑(i5-8300H 8G 128GSSD+1T GTX1050Ti 4G IPS)火陨红黑
[16:10:53:646] [INFO] - com.letcafe.controller.DispatchController.index(DispatchController.java:32) - bookID:5113345	bookPrice:4988.0	bookName:华硕顽石(ASUS) 电竞版FL8000UN MX150 4G大显存 15.6英寸笔记本电脑(i7-8550U 8G 128GSSD+1T FHD)星空灰
[16:10:53:647] [INFO] - com.letcafe.controller.DispatchController.index(DispatchController.java:32) - bookID:3948470	bookPrice:4499.0	bookName:联想ThinkPad E470（1RCD）英特尔7代酷睿14英寸笔记本电脑（i5-7200U 8G 500G 2G独显 Win10）黑色
[16:10:53:647] [INFO] - com.letcafe.controller.DispatchController.index(DispatchController.java:32) - bookID:4752515	bookPrice:5498.0	bookName:联想(Lenovo)小新潮7000 13.3英寸超轻薄窄边框笔记本电脑(i7-8550U 8G 256G MX150 office2016)花火银
[16:10:53:647] [INFO] - com.letcafe.controller.DispatchController.index(DispatchController.java:32) - bookID:5363894	bookPrice:4999.0	bookName:联想(Lenovo)小新潮7000 13.3英寸超轻薄窄边框笔记本电脑(i5-8250U 8G 256G MX150 office2016)花火银
[16:10:53:647] [INFO] - com.letcafe.controller.DispatchController.index(DispatchController.java:32) - bookID:6031973	bookPrice:3699.0	bookName:小米(MI) Air 12.5英寸金属超轻薄笔记本电脑(Core M-7Y30 4G 128G 全高清屏 背光键盘 Win10正版office)银
[16:10:53:647] [INFO] - com.letcafe.controller.DispatchController.index(DispatchController.java:32) - bookID:7061526	bookPrice:4899.0	bookName:荣耀MagicBook 14英寸轻薄窄边框笔记本电脑（i5-8250U 8G 256G MX150 2G独显 FHD IPS 正版Office）星空灰
[16:10:53:647] [INFO] - com.letcafe.controller.DispatchController.index(DispatchController.java:32) - bookID:4274539	bookPrice:6799.0	bookName:惠普(HP)暗影精灵3 酷睿i7 GTX1050Ti 15.6英寸游戏笔记本电脑（i7-7700HQ 8G 128GSSD+1T 4G 120Hz IPS）
[16:10:53:647] [INFO] - com.letcafe.controller.DispatchController.index(DispatchController.java:32) - bookID:6076630	bookPrice:3099.0	bookName:戴尔DELL灵越飞匣14.0英寸便携笔记本电脑(i5-7200U 4G 500G M430 2G独显 Win10)黑
